{"D:\\Bagas\\Hacktiv8\\FSJS\\phase2\\W3D2\\IP\\IP-RMT67\\server\\helpers\\bcrypt.js": {"path":"D:\\Bagas\\Hacktiv8\\FSJS\\phase2\\W3D2\\IP\\IP-RMT67\\server\\helpers\\bcrypt.js","statementMap":{"0":{"start":{"line":1,"column":15},"end":{"line":1,"column":34}},"1":{"start":{"line":4,"column":15},"end":{"line":4,"column":37}},"2":{"start":{"line":5,"column":2},"end":{"line":5,"column":46}},"3":{"start":{"line":9,"column":2},"end":{"line":9,"column":59}},"4":{"start":{"line":12,"column":0},"end":{"line":12,"column":51}}},"fnMap":{"0":{"name":"hashPassword","decl":{"start":{"line":3,"column":9},"end":{"line":3,"column":21}},"loc":{"start":{"line":3,"column":37},"end":{"line":6,"column":1}},"line":3},"1":{"name":"comparePassword","decl":{"start":{"line":8,"column":9},"end":{"line":8,"column":24}},"loc":{"start":{"line":8,"column":56},"end":{"line":10,"column":1}},"line":8}},"branchMap":{},"s":{"0":3,"1":12,"2":12,"3":12,"4":3},"f":{"0":12,"1":12},"b":{},"_coverageSchema":"1a1c01bbd47fc00a2c39e90264f33305004495a9","hash":"f7850847628ebabbc1e55b330995d5ee9796fdc8"}
,"D:\\Bagas\\Hacktiv8\\FSJS\\phase2\\W3D2\\IP\\IP-RMT67\\server\\helpers\\cloudinary.js": {"path":"D:\\Bagas\\Hacktiv8\\FSJS\\phase2\\W3D2\\IP\\IP-RMT67\\server\\helpers\\cloudinary.js","statementMap":{"0":{"start":{"line":1,"column":19},"end":{"line":1,"column":43}},"1":{"start":{"line":2,"column":0},"end":{"line":2,"column":27}},"2":{"start":{"line":5,"column":0},"end":{"line":5,"column":36}},"3":{"start":{"line":7,"column":23},"end":{"line":7,"column":41}},"4":{"start":{"line":13,"column":2},"end":{"line":22,"column":5}},"5":{"start":{"line":14,"column":20},"end":{"line":14,"column":41}},"6":{"start":{"line":15,"column":4},"end":{"line":15,"column":49}},"7":{"start":{"line":15,"column":19},"end":{"line":15,"column":49}},"8":{"start":{"line":17,"column":19},"end":{"line":20,"column":6}},"9":{"start":{"line":18,"column":6},"end":{"line":18,"column":34}},"10":{"start":{"line":18,"column":15},"end":{"line":18,"column":34}},"11":{"start":{"line":19,"column":6},"end":{"line":19,"column":22}},"12":{"start":{"line":21,"column":4},"end":{"line":21,"column":23}},"13":{"start":{"line":26,"column":2},"end":{"line":26,"column":69}},"14":{"start":{"line":29,"column":0},"end":{"line":29,"column":80}}},"fnMap":{"0":{"name":"uploadBuffer","decl":{"start":{"line":9,"column":9},"end":{"line":9,"column":21}},"loc":{"start":{"line":12,"column":2},"end":{"line":23,"column":1}},"line":12},"1":{"name":"(anonymous_1)","decl":{"start":{"line":13,"column":21},"end":{"line":13,"column":22}},"loc":{"start":{"line":13,"column":42},"end":{"line":22,"column":3}},"line":13},"2":{"name":"(anonymous_2)","decl":{"start":{"line":17,"column":62},"end":{"line":17,"column":63}},"loc":{"start":{"line":17,"column":79},"end":{"line":20,"column":5}},"line":17},"3":{"name":"deleteByPublicId","decl":{"start":{"line":25,"column":9},"end":{"line":25,"column":25}},"loc":{"start":{"line":25,"column":36},"end":{"line":27,"column":1}},"line":25}},"branchMap":{"0":{"loc":{"start":{"line":11,"column":2},"end":{"line":11,"column":63}},"type":"default-arg","locations":[{"start":{"line":11,"column":61},"end":{"line":11,"column":63}}],"line":11},"1":{"loc":{"start":{"line":11,"column":4},"end":{"line":11,"column":27}},"type":"default-arg","locations":[{"start":{"line":11,"column":13},"end":{"line":11,"column":27}}],"line":11},"2":{"loc":{"start":{"line":11,"column":40},"end":{"line":11,"column":56}},"type":"default-arg","locations":[{"start":{"line":11,"column":52},"end":{"line":11,"column":56}}],"line":11},"3":{"loc":{"start":{"line":15,"column":4},"end":{"line":15,"column":49}},"type":"if","locations":[{"start":{"line":15,"column":4},"end":{"line":15,"column":49}},{"start":{},"end":{}}],"line":15},"4":{"loc":{"start":{"line":18,"column":6},"end":{"line":18,"column":34}},"type":"if","locations":[{"start":{"line":18,"column":6},"end":{"line":18,"column":34}},{"start":{},"end":{}}],"line":18}},"s":{"0":1,"1":1,"2":1,"3":1,"4":6,"5":6,"6":6,"7":1,"8":6,"9":6,"10":1,"11":5,"12":6,"13":3,"14":1},"f":{"0":6,"1":6,"2":6,"3":3},"b":{"0":[3],"1":[5],"2":[5],"3":[1,5],"4":[1,5]},"_coverageSchema":"1a1c01bbd47fc00a2c39e90264f33305004495a9","hash":"357d7f7c46a3582ae424a59eff192cb8d14b5b87"}
,"D:\\Bagas\\Hacktiv8\\FSJS\\phase2\\W3D2\\IP\\IP-RMT67\\server\\helpers\\errors.js": {"path":"D:\\Bagas\\Hacktiv8\\FSJS\\phase2\\W3D2\\IP\\IP-RMT67\\server\\helpers\\errors.js","statementMap":{"0":{"start":{"line":3,"column":4},"end":{"line":3,"column":19}},"1":{"start":{"line":4,"column":4},"end":{"line":4,"column":29}},"2":{"start":{"line":9,"column":4},"end":{"line":9,"column":19}},"3":{"start":{"line":10,"column":4},"end":{"line":10,"column":31}},"4":{"start":{"line":15,"column":4},"end":{"line":15,"column":19}},"5":{"start":{"line":16,"column":4},"end":{"line":16,"column":28}},"6":{"start":{"line":21,"column":4},"end":{"line":21,"column":19}},"7":{"start":{"line":22,"column":4},"end":{"line":22,"column":27}},"8":{"start":{"line":26,"column":0},"end":{"line":26,"column":67}}},"fnMap":{"0":{"name":"(anonymous_0)","decl":{"start":{"line":2,"column":2},"end":{"line":2,"column":3}},"loc":{"start":{"line":2,"column":39},"end":{"line":5,"column":3}},"line":2},"1":{"name":"(anonymous_1)","decl":{"start":{"line":8,"column":2},"end":{"line":8,"column":3}},"loc":{"start":{"line":8,"column":40},"end":{"line":11,"column":3}},"line":8},"2":{"name":"(anonymous_2)","decl":{"start":{"line":14,"column":2},"end":{"line":14,"column":3}},"loc":{"start":{"line":14,"column":37},"end":{"line":17,"column":3}},"line":14},"3":{"name":"(anonymous_3)","decl":{"start":{"line":20,"column":2},"end":{"line":20,"column":3}},"loc":{"start":{"line":20,"column":37},"end":{"line":23,"column":3}},"line":20}},"branchMap":{"0":{"loc":{"start":{"line":2,"column":14},"end":{"line":2,"column":37}},"type":"default-arg","locations":[{"start":{"line":2,"column":24},"end":{"line":2,"column":37}}],"line":2},"1":{"loc":{"start":{"line":8,"column":14},"end":{"line":8,"column":38}},"type":"default-arg","locations":[{"start":{"line":8,"column":24},"end":{"line":8,"column":38}}],"line":8},"2":{"loc":{"start":{"line":14,"column":14},"end":{"line":14,"column":35}},"type":"default-arg","locations":[{"start":{"line":14,"column":24},"end":{"line":14,"column":35}}],"line":14},"3":{"loc":{"start":{"line":20,"column":14},"end":{"line":20,"column":35}},"type":"default-arg","locations":[{"start":{"line":20,"column":24},"end":{"line":20,"column":35}}],"line":20}},"s":{"0":5,"1":5,"2":5,"3":5,"4":5,"5":5,"6":5,"7":5,"8":1},"f":{"0":5,"1":5,"2":5,"3":5},"b":{"0":[3],"1":[3],"2":[3],"3":[3]},"_coverageSchema":"1a1c01bbd47fc00a2c39e90264f33305004495a9","hash":"b2c2cd2bf78c43123f4605af1d899d5618568c5a"}
,"D:\\Bagas\\Hacktiv8\\FSJS\\phase2\\W3D2\\IP\\IP-RMT67\\server\\helpers\\gemini.js": {"path":"D:\\Bagas\\Hacktiv8\\FSJS\\phase2\\W3D2\\IP\\IP-RMT67\\server\\helpers\\gemini.js","statementMap":{"0":{"start":{"line":1,"column":31},"end":{"line":1,"column":63}},"1":{"start":{"line":4,"column":15},"end":{"line":4,"column":41}},"2":{"start":{"line":5,"column":19},"end":{"line":5,"column":52}},"3":{"start":{"line":7,"column":0},"end":{"line":9,"column":1}},"4":{"start":{"line":8,"column":2},"end":{"line":8,"column":73}},"5":{"start":{"line":11,"column":12},"end":{"line":11,"column":16}},"6":{"start":{"line":12,"column":12},"end":{"line":12,"column":16}},"7":{"start":{"line":13,"column":19},"end":{"line":13,"column":37}},"8":{"start":{"line":15,"column":0},"end":{"line":18,"column":1}},"9":{"start":{"line":16,"column":2},"end":{"line":16,"column":41}},"10":{"start":{"line":17,"column":2},"end":{"line":17,"column":58}},"11":{"start":{"line":29,"column":2},"end":{"line":55,"column":9}},"12":{"start":{"line":68,"column":2},"end":{"line":77,"column":3}},"13":{"start":{"line":69,"column":4},"end":{"line":76,"column":6}},"14":{"start":{"line":79,"column":17},"end":{"line":79,"column":46}},"15":{"start":{"line":81,"column":2},"end":{"line":195,"column":3}},"16":{"start":{"line":83,"column":19},"end":{"line":87,"column":6}},"17":{"start":{"line":89,"column":15},"end":{"line":89,"column":49}},"18":{"start":{"line":92,"column":4},"end":{"line":92,"column":23}},"19":{"start":{"line":94,"column":4},"end":{"line":98,"column":5}},"20":{"start":{"line":95,"column":6},"end":{"line":95,"column":68}},"21":{"start":{"line":96,"column":11},"end":{"line":98,"column":5}},"22":{"start":{"line":97,"column":6},"end":{"line":97,"column":64}},"23":{"start":{"line":102,"column":4},"end":{"line":107,"column":5}},"24":{"start":{"line":103,"column":6},"end":{"line":103,"column":32}},"25":{"start":{"line":105,"column":26},"end":{"line":105,"column":139}},"26":{"start":{"line":106,"column":6},"end":{"line":106,"column":78}},"27":{"start":{"line":110,"column":4},"end":{"line":113,"column":5}},"28":{"start":{"line":111,"column":26},"end":{"line":111,"column":123}},"29":{"start":{"line":112,"column":6},"end":{"line":112,"column":56}},"30":{"start":{"line":116,"column":23},"end":{"line":127,"column":5}},"31":{"start":{"line":130,"column":24},"end":{"line":137,"column":8}},"32":{"start":{"line":139,"column":4},"end":{"line":139,"column":22}},"33":{"start":{"line":142,"column":24},"end":{"line":147,"column":8}},"34":{"start":{"line":152,"column":6},"end":{"line":165,"column":56}},"35":{"start":{"line":168,"column":4},"end":{"line":173,"column":5}},"36":{"start":{"line":169,"column":26},"end":{"line":169,"column":125}},"37":{"start":{"line":170,"column":22},"end":{"line":170,"column":87}},"38":{"start":{"line":171,"column":6},"end":{"line":171,"column":32}},"39":{"start":{"line":172,"column":6},"end":{"line":172,"column":20}},"40":{"start":{"line":176,"column":23},"end":{"line":176,"column":51}},"41":{"start":{"line":177,"column":4},"end":{"line":183,"column":5}},"42":{"start":{"line":178,"column":6},"end":{"line":178,"column":125}},"43":{"start":{"line":179,"column":11},"end":{"line":183,"column":5}},"44":{"start":{"line":180,"column":6},"end":{"line":180,"column":113}},"45":{"start":{"line":181,"column":11},"end":{"line":183,"column":5}},"46":{"start":{"line":182,"column":6},"end":{"line":182,"column":94}},"47":{"start":{"line":186,"column":4},"end":{"line":186,"column":73}},"48":{"start":{"line":187,"column":4},"end":{"line":194,"column":6}},"49":{"start":{"line":205,"column":2},"end":{"line":207,"column":3}},"50":{"start":{"line":206,"column":4},"end":{"line":206,"column":36}},"51":{"start":{"line":209,"column":2},"end":{"line":211,"column":3}},"52":{"start":{"line":210,"column":4},"end":{"line":210,"column":75}},"53":{"start":{"line":213,"column":2},"end":{"line":253,"column":3}},"54":{"start":{"line":215,"column":19},"end":{"line":215,"column":58}},"55":{"start":{"line":217,"column":17},"end":{"line":217,"column":49}},"56":{"start":{"line":218,"column":4},"end":{"line":218,"column":20}},"57":{"start":{"line":221,"column":24},"end":{"line":226,"column":8}},"58":{"start":{"line":230,"column":6},"end":{"line":243,"column":56}},"59":{"start":{"line":245,"column":4},"end":{"line":250,"column":5}},"60":{"start":{"line":246,"column":26},"end":{"line":246,"column":133}},"61":{"start":{"line":247,"column":22},"end":{"line":247,"column":87}},"62":{"start":{"line":248,"column":6},"end":{"line":248,"column":32}},"63":{"start":{"line":249,"column":6},"end":{"line":249,"column":20}},"64":{"start":{"line":252,"column":4},"end":{"line":252,"column":12}},"65":{"start":{"line":256,"column":0},"end":{"line":256,"column":59}},"66":{"start":{"line":263,"column":85},"end":{"line":263,"column":46516}},"67":{"start":{"line":263,"column":89},"end":{"line":263,"column":46488}},"68":{"start":{"line":263,"column":46498},"end":{"line":263,"column":46515}}},"fnMap":{"0":{"name":"buildSystemPrompt","decl":{"start":{"line":27,"column":9},"end":{"line":27,"column":26}},"loc":{"start":{"line":27,"column":39},"end":{"line":56,"column":1}},"line":27},"1":{"name":"analyzePrompt","decl":{"start":{"line":66,"column":15},"end":{"line":66,"column":28}},"loc":{"start":{"line":66,"column":41},"end":{"line":196,"column":1}},"line":66},"2":{"name":"pingGemini","decl":{"start":{"line":203,"column":15},"end":{"line":203,"column":25}},"loc":{"start":{"line":203,"column":59},"end":{"line":254,"column":1}},"line":203},"3":{"name":"oo_cm","decl":{"start":{"line":263,"column":77},"end":{"line":263,"column":82}},"loc":{"start":{"line":263,"column":84},"end":{"line":263,"column":46517}},"line":263}},"branchMap":{"0":{"loc":{"start":{"line":7,"column":0},"end":{"line":9,"column":1}},"type":"if","locations":[{"start":{"line":7,"column":0},"end":{"line":9,"column":1}},{"start":{},"end":{}}],"line":7},"1":{"loc":{"start":{"line":7,"column":4},"end":{"line":7,"column":26}},"type":"binary-expr","locations":[{"start":{"line":7,"column":4},"end":{"line":7,"column":11}},{"start":{"line":7,"column":15},"end":{"line":7,"column":26}}],"line":7},"2":{"loc":{"start":{"line":15,"column":0},"end":{"line":18,"column":1}},"type":"if","locations":[{"start":{"line":15,"column":0},"end":{"line":18,"column":1}},{"start":{},"end":{}}],"line":15},"3":{"loc":{"start":{"line":15,"column":4},"end":{"line":15,"column":25}},"type":"binary-expr","locations":[{"start":{"line":15,"column":4},"end":{"line":15,"column":15}},{"start":{"line":15,"column":19},"end":{"line":15,"column":25}}],"line":15},"4":{"loc":{"start":{"line":68,"column":2},"end":{"line":77,"column":3}},"type":"if","locations":[{"start":{"line":68,"column":2},"end":{"line":77,"column":3}},{"start":{},"end":{}}],"line":68},"5":{"loc":{"start":{"line":89,"column":15},"end":{"line":89,"column":49}},"type":"binary-expr","locations":[{"start":{"line":89,"column":15},"end":{"line":89,"column":41}},{"start":{"line":89,"column":45},"end":{"line":89,"column":49}}],"line":89},"6":{"loc":{"start":{"line":94,"column":4},"end":{"line":98,"column":5}},"type":"if","locations":[{"start":{"line":94,"column":4},"end":{"line":98,"column":5}},{"start":{"line":96,"column":11},"end":{"line":98,"column":5}}],"line":94},"7":{"loc":{"start":{"line":96,"column":11},"end":{"line":98,"column":5}},"type":"if","locations":[{"start":{"line":96,"column":11},"end":{"line":98,"column":5}},{"start":{},"end":{}}],"line":96},"8":{"loc":{"start":{"line":110,"column":4},"end":{"line":113,"column":5}},"type":"if","locations":[{"start":{"line":110,"column":4},"end":{"line":113,"column":5}},{"start":{},"end":{}}],"line":110},"9":{"loc":{"start":{"line":110,"column":8},"end":{"line":110,"column":53}},"type":"binary-expr","locations":[{"start":{"line":110,"column":8},"end":{"line":110,"column":34}},{"start":{"line":110,"column":38},"end":{"line":110,"column":53}}],"line":110},"10":{"loc":{"start":{"line":117,"column":18},"end":{"line":117,"column":43}},"type":"binary-expr","locations":[{"start":{"line":117,"column":18},"end":{"line":117,"column":35}},{"start":{"line":117,"column":39},"end":{"line":117,"column":43}}],"line":117},"11":{"loc":{"start":{"line":118,"column":12},"end":{"line":118,"column":31}},"type":"binary-expr","locations":[{"start":{"line":118,"column":12},"end":{"line":118,"column":23}},{"start":{"line":118,"column":27},"end":{"line":118,"column":31}}],"line":118},"12":{"loc":{"start":{"line":119,"column":12},"end":{"line":119,"column":31}},"type":"binary-expr","locations":[{"start":{"line":119,"column":12},"end":{"line":119,"column":23}},{"start":{"line":119,"column":27},"end":{"line":119,"column":31}}],"line":119},"13":{"loc":{"start":{"line":120,"column":14},"end":{"line":120,"column":35}},"type":"binary-expr","locations":[{"start":{"line":120,"column":14},"end":{"line":120,"column":27}},{"start":{"line":120,"column":31},"end":{"line":120,"column":35}}],"line":120},"14":{"loc":{"start":{"line":121,"column":12},"end":{"line":121,"column":31}},"type":"binary-expr","locations":[{"start":{"line":121,"column":12},"end":{"line":121,"column":23}},{"start":{"line":121,"column":27},"end":{"line":121,"column":31}}],"line":121},"15":{"loc":{"start":{"line":123,"column":13},"end":{"line":123,"column":45}},"type":"binary-expr","locations":[{"start":{"line":123,"column":13},"end":{"line":123,"column":37}},{"start":{"line":123,"column":41},"end":{"line":123,"column":45}}],"line":123},"16":{"loc":{"start":{"line":124,"column":13},"end":{"line":124,"column":45}},"type":"binary-expr","locations":[{"start":{"line":124,"column":13},"end":{"line":124,"column":37}},{"start":{"line":124,"column":41},"end":{"line":124,"column":45}}],"line":124},"17":{"loc":{"start":{"line":126,"column":13},"end":{"line":126,"column":80}},"type":"binary-expr","locations":[{"start":{"line":126,"column":13},"end":{"line":126,"column":25}},{"start":{"line":126,"column":29},"end":{"line":126,"column":80}}],"line":126},"18":{"loc":{"start":{"line":152,"column":6},"end":{"line":165,"column":56}},"type":"binary-expr","locations":[{"start":{"line":152,"column":6},"end":{"line":152,"column":60}},{"start":{"line":153,"column":6},"end":{"line":153,"column":62}},{"start":{"line":154,"column":6},"end":{"line":154,"column":43}},{"start":{"line":155,"column":6},"end":{"line":155,"column":42}},{"start":{"line":156,"column":6},"end":{"line":156,"column":30}},{"start":{"line":157,"column":7},"end":{"line":157,"column":20}},{"start":{"line":157,"column":24},"end":{"line":157,"column":72}},{"start":{"line":159,"column":7},"end":{"line":159,"column":13}},{"start":{"line":159,"column":18},"end":{"line":159,"column":32}},{"start":{"line":159,"column":36},"end":{"line":159,"column":50}},{"start":{"line":159,"column":54},"end":{"line":159,"column":68}},{"start":{"line":159,"column":72},"end":{"line":159,"column":86}},{"start":{"line":159,"column":90},"end":{"line":159,"column":104}},{"start":{"line":159,"column":108},"end":{"line":159,"column":121}},{"start":{"line":161,"column":6},"end":{"line":161,"column":50}},{"start":{"line":162,"column":6},"end":{"line":162,"column":48}},{"start":{"line":163,"column":6},"end":{"line":163,"column":53}},{"start":{"line":164,"column":6},"end":{"line":164,"column":58}},{"start":{"line":165,"column":6},"end":{"line":165,"column":56}}],"line":152},"19":{"loc":{"start":{"line":168,"column":4},"end":{"line":173,"column":5}},"type":"if","locations":[{"start":{"line":168,"column":4},"end":{"line":173,"column":5}},{"start":{},"end":{}}],"line":168},"20":{"loc":{"start":{"line":170,"column":45},"end":{"line":170,"column":84}},"type":"binary-expr","locations":[{"start":{"line":170,"column":45},"end":{"line":170,"column":54}},{"start":{"line":170,"column":58},"end":{"line":170,"column":84}}],"line":170},"21":{"loc":{"start":{"line":176,"column":23},"end":{"line":176,"column":51}},"type":"binary-expr","locations":[{"start":{"line":176,"column":23},"end":{"line":176,"column":32}},{"start":{"line":176,"column":36},"end":{"line":176,"column":51}}],"line":176},"22":{"loc":{"start":{"line":177,"column":4},"end":{"line":183,"column":5}},"type":"if","locations":[{"start":{"line":177,"column":4},"end":{"line":183,"column":5}},{"start":{"line":179,"column":11},"end":{"line":183,"column":5}}],"line":177},"23":{"loc":{"start":{"line":177,"column":8},"end":{"line":177,"column":119}},"type":"binary-expr","locations":[{"start":{"line":177,"column":8},"end":{"line":177,"column":40}},{"start":{"line":177,"column":44},"end":{"line":177,"column":76}},{"start":{"line":177,"column":80},"end":{"line":177,"column":119}}],"line":177},"24":{"loc":{"start":{"line":179,"column":11},"end":{"line":183,"column":5}},"type":"if","locations":[{"start":{"line":179,"column":11},"end":{"line":183,"column":5}},{"start":{"line":181,"column":11},"end":{"line":183,"column":5}}],"line":179},"25":{"loc":{"start":{"line":179,"column":15},"end":{"line":179,"column":125}},"type":"binary-expr","locations":[{"start":{"line":179,"column":15},"end":{"line":179,"column":48}},{"start":{"line":179,"column":52},"end":{"line":179,"column":84}},{"start":{"line":179,"column":88},"end":{"line":179,"column":125}}],"line":179},"26":{"loc":{"start":{"line":181,"column":11},"end":{"line":183,"column":5}},"type":"if","locations":[{"start":{"line":181,"column":11},"end":{"line":183,"column":5}},{"start":{},"end":{}}],"line":181},"27":{"loc":{"start":{"line":181,"column":15},"end":{"line":181,"column":78}},"type":"binary-expr","locations":[{"start":{"line":181,"column":15},"end":{"line":181,"column":44}},{"start":{"line":181,"column":48},"end":{"line":181,"column":78}}],"line":181},"28":{"loc":{"start":{"line":193,"column":71},"end":{"line":193,"column":109}},"type":"cond-expr","locations":[{"start":{"line":193,"column":99},"end":{"line":193,"column":104}},{"start":{"line":193,"column":107},"end":{"line":193,"column":109}}],"line":193},"29":{"loc":{"start":{"line":203,"column":26},"end":{"line":203,"column":57}},"type":"default-arg","locations":[{"start":{"line":203,"column":39},"end":{"line":203,"column":57}}],"line":203},"30":{"loc":{"start":{"line":205,"column":2},"end":{"line":207,"column":3}},"type":"if","locations":[{"start":{"line":205,"column":2},"end":{"line":207,"column":3}},{"start":{},"end":{}}],"line":205},"31":{"loc":{"start":{"line":209,"column":2},"end":{"line":211,"column":3}},"type":"if","locations":[{"start":{"line":209,"column":2},"end":{"line":211,"column":3}},{"start":{},"end":{}}],"line":209},"32":{"loc":{"start":{"line":217,"column":17},"end":{"line":217,"column":49}},"type":"binary-expr","locations":[{"start":{"line":217,"column":17},"end":{"line":217,"column":43}},{"start":{"line":217,"column":47},"end":{"line":217,"column":49}}],"line":217},"33":{"loc":{"start":{"line":230,"column":6},"end":{"line":243,"column":56}},"type":"binary-expr","locations":[{"start":{"line":230,"column":6},"end":{"line":230,"column":60}},{"start":{"line":231,"column":6},"end":{"line":231,"column":62}},{"start":{"line":232,"column":6},"end":{"line":232,"column":43}},{"start":{"line":233,"column":6},"end":{"line":233,"column":42}},{"start":{"line":234,"column":6},"end":{"line":234,"column":30}},{"start":{"line":235,"column":7},"end":{"line":235,"column":20}},{"start":{"line":235,"column":24},"end":{"line":235,"column":72}},{"start":{"line":237,"column":7},"end":{"line":237,"column":13}},{"start":{"line":237,"column":18},"end":{"line":237,"column":32}},{"start":{"line":237,"column":36},"end":{"line":237,"column":50}},{"start":{"line":237,"column":54},"end":{"line":237,"column":68}},{"start":{"line":237,"column":72},"end":{"line":237,"column":86}},{"start":{"line":237,"column":90},"end":{"line":237,"column":104}},{"start":{"line":237,"column":108},"end":{"line":237,"column":121}},{"start":{"line":239,"column":6},"end":{"line":239,"column":50}},{"start":{"line":240,"column":6},"end":{"line":240,"column":48}},{"start":{"line":241,"column":6},"end":{"line":241,"column":53}},{"start":{"line":242,"column":6},"end":{"line":242,"column":58}},{"start":{"line":243,"column":6},"end":{"line":243,"column":56}}],"line":230},"34":{"loc":{"start":{"line":245,"column":4},"end":{"line":250,"column":5}},"type":"if","locations":[{"start":{"line":245,"column":4},"end":{"line":250,"column":5}},{"start":{},"end":{}}],"line":245},"35":{"loc":{"start":{"line":247,"column":45},"end":{"line":247,"column":84}},"type":"binary-expr","locations":[{"start":{"line":247,"column":45},"end":{"line":247,"column":54}},{"start":{"line":247,"column":58},"end":{"line":247,"column":84}}],"line":247},"36":{"loc":{"start":{"line":263,"column":96},"end":{"line":263,"column":46487}},"type":"binary-expr","locations":[{"start":{"line":263,"column":96},"end":{"line":263,"column":133}},{"start":{"line":263,"column":137},"end":{"line":263,"column":46487}}],"line":263}},"s":{"0":29,"1":29,"2":29,"3":29,"4":1,"5":28,"6":28,"7":28,"8":28,"9":22,"10":22,"11":16,"12":17,"13":1,"14":16,"15":16,"16":16,"17":8,"18":8,"19":8,"20":1,"21":7,"22":1,"23":8,"24":8,"25":1,"26":1,"27":7,"28":1,"29":1,"30":6,"31":6,"32":6,"33":10,"34":10,"35":10,"36":4,"37":4,"38":4,"39":4,"40":6,"41":6,"42":1,"43":5,"44":1,"45":4,"46":2,"47":6,"48":6,"49":7,"50":1,"51":6,"52":0,"53":6,"54":6,"55":4,"56":4,"57":2,"58":2,"59":2,"60":1,"61":1,"62":1,"63":1,"64":1,"65":28,"66":25,"67":25,"68":0},"f":{"0":16,"1":17,"2":7,"3":25},"b":{"0":[1,28],"1":[29,5],"2":[22,6],"3":[28,22],"4":[1,16],"5":[8,2],"6":[1,7],"7":[1,6],"8":[1,6],"9":[7,6],"10":[6,5],"11":[6,2],"12":[6,5],"13":[6,5],"14":[6,5],"15":[6,5],"16":[6,5],"17":[6,3],"18":[10,10,10,10,9,8,8,8,1,0,0,0,0,0,7,6,6,6,6],"19":[4,6],"20":[4,0],"21":[6,0],"22":[1,5],"23":[6,5,5],"24":[1,4],"25":[5,5,4],"26":[2,2],"27":[4,2],"28":[0,6],"29":[6],"30":[1,6],"31":[0,6],"32":[4,2],"33":[2,2,2,2,1,1,1,1,0,0,0,0,0,0,1,1,1,1,1],"34":[1,1],"35":[1,0],"36":[25,1]},"_coverageSchema":"1a1c01bbd47fc00a2c39e90264f33305004495a9","hash":"c1c20d6b70f004ea242e649c2cacc9f6c0ec9a1d"}
,"D:\\Bagas\\Hacktiv8\\FSJS\\phase2\\W3D2\\IP\\IP-RMT67\\server\\helpers\\jwt.js": {"path":"D:\\Bagas\\Hacktiv8\\FSJS\\phase2\\W3D2\\IP\\IP-RMT67\\server\\helpers\\jwt.js","statementMap":{"0":{"start":{"line":1,"column":12},"end":{"line":1,"column":35}},"1":{"start":{"line":3,"column":19},"end":{"line":3,"column":41}},"2":{"start":{"line":6,"column":2},"end":{"line":6,"column":39}},"3":{"start":{"line":10,"column":2},"end":{"line":10,"column":39}},"4":{"start":{"line":13,"column":0},"end":{"line":13,"column":44}}},"fnMap":{"0":{"name":"signToken","decl":{"start":{"line":5,"column":9},"end":{"line":5,"column":18}},"loc":{"start":{"line":5,"column":28},"end":{"line":7,"column":1}},"line":5},"1":{"name":"verifyToken","decl":{"start":{"line":9,"column":9},"end":{"line":9,"column":20}},"loc":{"start":{"line":9,"column":28},"end":{"line":11,"column":1}},"line":9}},"branchMap":{},"s":{"0":3,"1":3,"2":10,"3":7,"4":3},"f":{"0":10,"1":7},"b":{},"_coverageSchema":"1a1c01bbd47fc00a2c39e90264f33305004495a9","hash":"81acb59728f156cdfc21705c26b68c907e1d1896"}
,"D:\\Bagas\\Hacktiv8\\FSJS\\phase2\\W3D2\\IP\\IP-RMT67\\server\\middleware\\authentication.js": {"path":"D:\\Bagas\\Hacktiv8\\FSJS\\phase2\\W3D2\\IP\\IP-RMT67\\server\\middleware\\authentication.js","statementMap":{"0":{"start":{"line":2,"column":17},"end":{"line":2,"column":37}},"1":{"start":{"line":3,"column":24},"end":{"line":3,"column":49}},"2":{"start":{"line":5,"column":0},"end":{"line":30,"column":2}},"3":{"start":{"line":6,"column":2},"end":{"line":29,"column":3}},"4":{"start":{"line":7,"column":17},"end":{"line":7,"column":48}},"5":{"start":{"line":8,"column":22},"end":{"line":8,"column":37}},"6":{"start":{"line":9,"column":4},"end":{"line":9,"column":73}},"7":{"start":{"line":9,"column":16},"end":{"line":9,"column":73}},"8":{"start":{"line":11,"column":20},"end":{"line":11,"column":38}},"9":{"start":{"line":12,"column":17},"end":{"line":14,"column":6}},"10":{"start":{"line":15,"column":4},"end":{"line":15,"column":72}},"11":{"start":{"line":15,"column":15},"end":{"line":15,"column":72}},"12":{"start":{"line":17,"column":4},"end":{"line":22,"column":6}},"13":{"start":{"line":23,"column":4},"end":{"line":23,"column":11}},"14":{"start":{"line":25,"column":4},"end":{"line":27,"column":5}},"15":{"start":{"line":26,"column":6},"end":{"line":26,"column":81}},"16":{"start":{"line":28,"column":4},"end":{"line":28,"column":14}}},"fnMap":{"0":{"name":"authentication","decl":{"start":{"line":5,"column":32},"end":{"line":5,"column":46}},"loc":{"start":{"line":5,"column":63},"end":{"line":30,"column":1}},"line":5}},"branchMap":{"0":{"loc":{"start":{"line":7,"column":17},"end":{"line":7,"column":48}},"type":"binary-expr","locations":[{"start":{"line":7,"column":17},"end":{"line":7,"column":42}},{"start":{"line":7,"column":46},"end":{"line":7,"column":48}}],"line":7},"1":{"loc":{"start":{"line":9,"column":4},"end":{"line":9,"column":73}},"type":"if","locations":[{"start":{"line":9,"column":4},"end":{"line":9,"column":73}},{"start":{},"end":{}}],"line":9},"2":{"loc":{"start":{"line":15,"column":4},"end":{"line":15,"column":72}},"type":"if","locations":[{"start":{"line":15,"column":4},"end":{"line":15,"column":72}},{"start":{},"end":{}}],"line":15},"3":{"loc":{"start":{"line":25,"column":4},"end":{"line":27,"column":5}},"type":"if","locations":[{"start":{"line":25,"column":4},"end":{"line":27,"column":5}},{"start":{},"end":{}}],"line":25},"4":{"loc":{"start":{"line":25,"column":8},"end":{"line":25,"column":76}},"type":"binary-expr","locations":[{"start":{"line":25,"column":8},"end":{"line":25,"column":40}},{"start":{"line":25,"column":44},"end":{"line":25,"column":76}}],"line":25}},"s":{"0":2,"1":2,"2":2,"3":10,"4":10,"5":10,"6":10,"7":5,"8":5,"9":3,"10":2,"11":1,"12":1,"13":1,"14":3,"15":2,"16":1},"f":{"0":10},"b":{"0":[10,3],"1":[5,5],"2":[1,1],"3":[2,1],"4":[3,2]},"_coverageSchema":"1a1c01bbd47fc00a2c39e90264f33305004495a9","hash":"4f316d17555565da04f941a9100aee3e9f023a88"}
,"D:\\Bagas\\Hacktiv8\\FSJS\\phase2\\W3D2\\IP\\IP-RMT67\\server\\middleware\\authorization.js": {"path":"D:\\Bagas\\Hacktiv8\\FSJS\\phase2\\W3D2\\IP\\IP-RMT67\\server\\middleware\\authorization.js","statementMap":{"0":{"start":{"line":1,"column":20},"end":{"line":1,"column":40}},"1":{"start":{"line":4,"column":2},"end":{"line":18,"column":3}},"2":{"start":{"line":5,"column":19},"end":{"line":5,"column":29}},"3":{"start":{"line":6,"column":20},"end":{"line":6,"column":46}},"4":{"start":{"line":7,"column":4},"end":{"line":7,"column":80}},"5":{"start":{"line":7,"column":18},"end":{"line":7,"column":80}},"6":{"start":{"line":9,"column":20},"end":{"line":9,"column":50}},"7":{"start":{"line":10,"column":20},"end":{"line":10,"column":45}},"8":{"start":{"line":11,"column":4},"end":{"line":12,"column":60}},"9":{"start":{"line":12,"column":6},"end":{"line":12,"column":60}},"10":{"start":{"line":14,"column":4},"end":{"line":14,"column":26}},"11":{"start":{"line":15,"column":4},"end":{"line":15,"column":11}},"12":{"start":{"line":17,"column":4},"end":{"line":17,"column":14}},"13":{"start":{"line":22,"column":2},"end":{"line":23,"column":59}},"14":{"start":{"line":23,"column":4},"end":{"line":23,"column":59}},"15":{"start":{"line":24,"column":2},"end":{"line":24,"column":9}},"16":{"start":{"line":27,"column":0},"end":{"line":27,"column":49}}},"fnMap":{"0":{"name":"canManageBooking","decl":{"start":{"line":3,"column":15},"end":{"line":3,"column":31}},"loc":{"start":{"line":3,"column":48},"end":{"line":19,"column":1}},"line":3},"1":{"name":"adminOnly","decl":{"start":{"line":21,"column":9},"end":{"line":21,"column":18}},"loc":{"start":{"line":21,"column":35},"end":{"line":25,"column":1}},"line":21}},"branchMap":{"0":{"loc":{"start":{"line":7,"column":4},"end":{"line":7,"column":80}},"type":"if","locations":[{"start":{"line":7,"column":4},"end":{"line":7,"column":80}},{"start":{},"end":{}}],"line":7},"1":{"loc":{"start":{"line":11,"column":4},"end":{"line":12,"column":60}},"type":"if","locations":[{"start":{"line":11,"column":4},"end":{"line":12,"column":60}},{"start":{},"end":{}}],"line":11},"2":{"loc":{"start":{"line":11,"column":8},"end":{"line":11,"column":28}},"type":"binary-expr","locations":[{"start":{"line":11,"column":8},"end":{"line":11,"column":16}},{"start":{"line":11,"column":20},"end":{"line":11,"column":28}}],"line":11},"3":{"loc":{"start":{"line":22,"column":2},"end":{"line":23,"column":59}},"type":"if","locations":[{"start":{"line":22,"column":2},"end":{"line":23,"column":59}},{"start":{},"end":{}}],"line":22}},"s":{"0":2,"1":5,"2":5,"3":5,"4":4,"5":1,"6":3,"7":3,"8":3,"9":1,"10":2,"11":2,"12":1,"13":4,"14":3,"15":1,"16":2},"f":{"0":5,"1":4},"b":{"0":[1,3],"1":[1,2],"2":[3,2],"3":[3,1]},"_coverageSchema":"1a1c01bbd47fc00a2c39e90264f33305004495a9","hash":"b119fa8313f6550106c417ff56d5f35e9f22daa5"}
,"D:\\Bagas\\Hacktiv8\\FSJS\\phase2\\W3D2\\IP\\IP-RMT67\\server\\middleware\\errorHandler.js": {"path":"D:\\Bagas\\Hacktiv8\\FSJS\\phase2\\W3D2\\IP\\IP-RMT67\\server\\middleware\\errorHandler.js","statementMap":{"0":{"start":{"line":2,"column":2},"end":{"line":14,"column":3}},"1":{"start":{"line":3,"column":21},"end":{"line":3,"column":23}},"2":{"start":{"line":4,"column":4},"end":{"line":8,"column":5}},"3":{"start":{"line":5,"column":6},"end":{"line":7,"column":7}},"4":{"start":{"line":6,"column":8},"end":{"line":6,"column":59}},"5":{"start":{"line":10,"column":4},"end":{"line":12,"column":5}},"6":{"start":{"line":11,"column":6},"end":{"line":11,"column":33}},"7":{"start":{"line":13,"column":4},"end":{"line":13,"column":49}},"8":{"start":{"line":15,"column":2},"end":{"line":15,"column":14}},"9":{"start":{"line":18,"column":0},"end":{"line":42,"column":2}},"10":{"start":{"line":19,"column":16},"end":{"line":19,"column":53}},"11":{"start":{"line":21,"column":14},"end":{"line":26,"column":3}},"12":{"start":{"line":28,"column":15},"end":{"line":28,"column":36}},"13":{"start":{"line":29,"column":16},"end":{"line":29,"column":55}},"14":{"start":{"line":31,"column":17},"end":{"line":31,"column":36}},"15":{"start":{"line":32,"column":2},"end":{"line":35,"column":3}},"16":{"start":{"line":33,"column":4},"end":{"line":33,"column":43}},"17":{"start":{"line":34,"column":4},"end":{"line":34,"column":21}},"18":{"start":{"line":37,"column":2},"end":{"line":39,"column":3}},"19":{"start":{"line":38,"column":24},"end":{"line":38,"column":88}},"20":{"start":{"line":41,"column":2},"end":{"line":41,"column":39}},"21":{"start":{"line":49,"column":85},"end":{"line":49,"column":46516}},"22":{"start":{"line":49,"column":89},"end":{"line":49,"column":46488}},"23":{"start":{"line":49,"column":46498},"end":{"line":49,"column":46515}}},"fnMap":{"0":{"name":"parseSequelize","decl":{"start":{"line":1,"column":9},"end":{"line":1,"column":23}},"loc":{"start":{"line":1,"column":29},"end":{"line":16,"column":1}},"line":1},"1":{"name":"errorHandler","decl":{"start":{"line":18,"column":26},"end":{"line":18,"column":38}},"loc":{"start":{"line":18,"column":60},"end":{"line":42,"column":1}},"line":18},"2":{"name":"oo_cm","decl":{"start":{"line":49,"column":77},"end":{"line":49,"column":82}},"loc":{"start":{"line":49,"column":84},"end":{"line":49,"column":46517}},"line":49}},"branchMap":{"0":{"loc":{"start":{"line":2,"column":2},"end":{"line":14,"column":3}},"type":"if","locations":[{"start":{"line":2,"column":2},"end":{"line":14,"column":3}},{"start":{},"end":{}}],"line":2},"1":{"loc":{"start":{"line":4,"column":4},"end":{"line":8,"column":5}},"type":"if","locations":[{"start":{"line":4,"column":4},"end":{"line":8,"column":5}},{"start":{},"end":{}}],"line":4},"2":{"loc":{"start":{"line":6,"column":22},"end":{"line":6,"column":57}},"type":"binary-expr","locations":[{"start":{"line":6,"column":22},"end":{"line":6,"column":31}},{"start":{"line":6,"column":35},"end":{"line":6,"column":57}}],"line":6},"3":{"loc":{"start":{"line":10,"column":4},"end":{"line":12,"column":5}},"type":"if","locations":[{"start":{"line":10,"column":4},"end":{"line":12,"column":5}},{"start":{},"end":{}}],"line":10},"4":{"loc":{"start":{"line":10,"column":8},"end":{"line":10,"column":44}},"type":"binary-expr","locations":[{"start":{"line":10,"column":8},"end":{"line":10,"column":29}},{"start":{"line":10,"column":33},"end":{"line":10,"column":44}}],"line":10},"5":{"loc":{"start":{"line":13,"column":11},"end":{"line":13,"column":48}},"type":"binary-expr","locations":[{"start":{"line":13,"column":11},"end":{"line":13,"column":30}},{"start":{"line":13,"column":34},"end":{"line":13,"column":48}}],"line":13},"6":{"loc":{"start":{"line":28,"column":15},"end":{"line":28,"column":36}},"type":"binary-expr","locations":[{"start":{"line":28,"column":15},"end":{"line":28,"column":29}},{"start":{"line":28,"column":33},"end":{"line":28,"column":36}}],"line":28},"7":{"loc":{"start":{"line":29,"column":16},"end":{"line":29,"column":55}},"type":"binary-expr","locations":[{"start":{"line":29,"column":16},"end":{"line":29,"column":28}},{"start":{"line":29,"column":32},"end":{"line":29,"column":55}}],"line":29},"8":{"loc":{"start":{"line":32,"column":2},"end":{"line":35,"column":3}},"type":"if","locations":[{"start":{"line":32,"column":2},"end":{"line":35,"column":3}},{"start":{},"end":{}}],"line":32},"9":{"loc":{"start":{"line":33,"column":13},"end":{"line":33,"column":42}},"type":"cond-expr","locations":[{"start":{"line":33,"column":30},"end":{"line":33,"column":33}},{"start":{"line":33,"column":36},"end":{"line":33,"column":42}}],"line":33},"10":{"loc":{"start":{"line":37,"column":2},"end":{"line":39,"column":3}},"type":"if","locations":[{"start":{"line":37,"column":2},"end":{"line":39,"column":3}},{"start":{},"end":{}}],"line":37},"11":{"loc":{"start":{"line":37,"column":6},"end":{"line":37,"column":29}},"type":"binary-expr","locations":[{"start":{"line":37,"column":6},"end":{"line":37,"column":20}},{"start":{"line":37,"column":24},"end":{"line":37,"column":29}}],"line":37},"12":{"loc":{"start":{"line":49,"column":96},"end":{"line":49,"column":46487}},"type":"binary-expr","locations":[{"start":{"line":49,"column":96},"end":{"line":49,"column":133}},{"start":{"line":49,"column":137},"end":{"line":49,"column":46487}}],"line":49}},"s":{"0":17,"1":6,"2":6,"3":4,"4":4,"5":6,"6":2,"7":6,"8":11,"9":1,"10":17,"11":17,"12":17,"13":17,"14":17,"15":17,"16":6,"17":6,"18":17,"19":5,"20":17,"21":5,"22":5,"23":0},"f":{"0":17,"1":17,"2":5},"b":{"0":[6,11],"1":[4,2],"2":[4,1],"3":[2,4],"4":[6,3],"5":[6,1],"6":[17,12],"7":[17,8],"8":[6,11],"9":[6,0],"10":[5,12],"11":[17,6],"12":[5,1]},"_coverageSchema":"1a1c01bbd47fc00a2c39e90264f33305004495a9","hash":"fe359a2f85b0266051190e3162cf288cb76caa3a"}
,"D:\\Bagas\\Hacktiv8\\FSJS\\phase2\\W3D2\\IP\\IP-RMT67\\server\\middleware\\upload.js": {"path":"D:\\Bagas\\Hacktiv8\\FSJS\\phase2\\W3D2\\IP\\IP-RMT67\\server\\middleware\\upload.js","statementMap":{"0":{"start":{"line":2,"column":15},"end":{"line":2,"column":32}},"1":{"start":{"line":4,"column":16},"end":{"line":4,"column":38}},"2":{"start":{"line":7,"column":13},"end":{"line":7,"column":67}},"3":{"start":{"line":8,"column":2},"end":{"line":8,"column":77}},"4":{"start":{"line":8,"column":35},"end":{"line":8,"column":77}},"5":{"start":{"line":9,"column":2},"end":{"line":9,"column":17}},"6":{"start":{"line":12,"column":15},"end":{"line":16,"column":2}},"7":{"start":{"line":18,"column":0},"end":{"line":18,"column":40}}},"fnMap":{"0":{"name":"fileFilter","decl":{"start":{"line":6,"column":9},"end":{"line":6,"column":19}},"loc":{"start":{"line":6,"column":35},"end":{"line":10,"column":1}},"line":6}},"branchMap":{"0":{"loc":{"start":{"line":8,"column":2},"end":{"line":8,"column":77}},"type":"if","locations":[{"start":{"line":8,"column":2},"end":{"line":8,"column":77}},{"start":{},"end":{}}],"line":8}},"s":{"0":2,"1":2,"2":7,"3":7,"4":3,"5":4,"6":2,"7":2},"f":{"0":7},"b":{"0":[3,4]},"_coverageSchema":"1a1c01bbd47fc00a2c39e90264f33305004495a9","hash":"3cc87c83a137f3a465acf5fa71dc4702f18c28f3"}
,"D:\\Bagas\\Hacktiv8\\FSJS\\phase2\\W3D2\\IP\\IP-RMT67\\server\\routes\\ai.js": {"path":"D:\\Bagas\\Hacktiv8\\FSJS\\phase2\\W3D2\\IP\\IP-RMT67\\server\\routes\\ai.js","statementMap":{"0":{"start":{"line":1,"column":16},"end":{"line":1,"column":34}},"1":{"start":{"line":2,"column":15},"end":{"line":2,"column":35}},"2":{"start":{"line":3,"column":50},"end":{"line":3,"column":78}},"3":{"start":{"line":4,"column":28},"end":{"line":4,"column":48}},"4":{"start":{"line":6,"column":15},"end":{"line":6,"column":31}},"5":{"start":{"line":12,"column":0},"end":{"line":39,"column":3}},"6":{"start":{"line":13,"column":2},"end":{"line":38,"column":3}},"7":{"start":{"line":14,"column":19},"end":{"line":14,"column":55}},"8":{"start":{"line":15,"column":4},"end":{"line":19,"column":7}},"9":{"start":{"line":22,"column":22},"end":{"line":22,"column":58}},"10":{"start":{"line":24,"column":4},"end":{"line":30,"column":5}},"11":{"start":{"line":25,"column":6},"end":{"line":29,"column":9}},"12":{"start":{"line":33,"column":4},"end":{"line":37,"column":7}},"13":{"start":{"line":51,"column":0},"end":{"line":220,"column":3}},"14":{"start":{"line":52,"column":2},"end":{"line":219,"column":3}},"15":{"start":{"line":53,"column":23},"end":{"line":53,"column":37}},"16":{"start":{"line":54,"column":4},"end":{"line":56,"column":5}},"17":{"start":{"line":55,"column":6},"end":{"line":55,"column":76}},"18":{"start":{"line":59,"column":15},"end":{"line":59,"column":42}},"19":{"start":{"line":62,"column":23},"end":{"line":62,"column":50}},"20":{"start":{"line":65,"column":23},"end":{"line":65,"column":67}},"21":{"start":{"line":68,"column":26},"end":{"line":68,"column":35}},"22":{"start":{"line":69,"column":4},"end":{"line":89,"column":5}},"23":{"start":{"line":71,"column":29},"end":{"line":78,"column":7}},"24":{"start":{"line":80,"column":6},"end":{"line":88,"column":7}},"25":{"start":{"line":81,"column":22},"end":{"line":81,"column":43}},"26":{"start":{"line":82,"column":8},"end":{"line":87,"column":9}},"27":{"start":{"line":83,"column":10},"end":{"line":83,"column":51}},"28":{"start":{"line":84,"column":10},"end":{"line":86,"column":11}},"29":{"start":{"line":85,"column":12},"end":{"line":85,"column":18}},"30":{"start":{"line":91,"column":17},"end":{"line":91,"column":38}},"31":{"start":{"line":92,"column":17},"end":{"line":92,"column":38}},"32":{"start":{"line":93,"column":17},"end":{"line":93,"column":38}},"33":{"start":{"line":94,"column":16},"end":{"line":94,"column":50}},"34":{"start":{"line":95,"column":16},"end":{"line":95,"column":50}},"35":{"start":{"line":99,"column":17},"end":{"line":99,"column":85}},"36":{"start":{"line":100,"column":4},"end":{"line":102,"column":5}},"37":{"start":{"line":101,"column":6},"end":{"line":101,"column":25}},"38":{"start":{"line":105,"column":18},"end":{"line":105,"column":20}},"39":{"start":{"line":108,"column":4},"end":{"line":112,"column":5}},"40":{"start":{"line":109,"column":6},"end":{"line":111,"column":58}},"41":{"start":{"line":109,"column":22},"end":{"line":109,"column":72}},"42":{"start":{"line":110,"column":11},"end":{"line":111,"column":58}},"43":{"start":{"line":110,"column":20},"end":{"line":110,"column":58}},"44":{"start":{"line":111,"column":11},"end":{"line":111,"column":58}},"45":{"start":{"line":111,"column":20},"end":{"line":111,"column":58}},"46":{"start":{"line":115,"column":4},"end":{"line":122,"column":5}},"47":{"start":{"line":116,"column":19},"end":{"line":116,"column":30}},"48":{"start":{"line":117,"column":6},"end":{"line":121,"column":8}},"49":{"start":{"line":125,"column":4},"end":{"line":127,"column":5}},"50":{"start":{"line":126,"column":6},"end":{"line":126,"column":40}},"51":{"start":{"line":130,"column":4},"end":{"line":147,"column":5}},"52":{"start":{"line":131,"column":27},"end":{"line":131,"column":96}},"53":{"start":{"line":133,"column":32},"end":{"line":139,"column":9}},"54":{"start":{"line":133,"column":58},"end":{"line":139,"column":7}},"55":{"start":{"line":142,"column":6},"end":{"line":146,"column":7}},"56":{"start":{"line":143,"column":8},"end":{"line":143,"column":73}},"57":{"start":{"line":145,"column":8},"end":{"line":145,"column":71}},"58":{"start":{"line":152,"column":23},"end":{"line":152,"column":54}},"59":{"start":{"line":153,"column":20},"end":{"line":160,"column":5}},"60":{"start":{"line":162,"column":15},"end":{"line":167,"column":6}},"61":{"start":{"line":170,"column":4},"end":{"line":189,"column":5}},"62":{"start":{"line":171,"column":26},"end":{"line":171,"column":49}},"63":{"start":{"line":172,"column":27},"end":{"line":172,"column":39}},"64":{"start":{"line":173,"column":6},"end":{"line":173,"column":52}},"65":{"start":{"line":176,"column":6},"end":{"line":181,"column":7}},"66":{"start":{"line":177,"column":8},"end":{"line":180,"column":11}},"67":{"start":{"line":179,"column":10},"end":{"line":179,"column":31}},"68":{"start":{"line":183,"column":6},"end":{"line":188,"column":9}},"69":{"start":{"line":191,"column":4},"end":{"line":204,"column":7}},"70":{"start":{"line":207,"column":22},"end":{"line":207,"column":58}},"71":{"start":{"line":209,"column":4},"end":{"line":215,"column":5}},"72":{"start":{"line":211,"column":6},"end":{"line":214,"column":9}},"73":{"start":{"line":218,"column":4},"end":{"line":218,"column":14}},"74":{"start":{"line":222,"column":0},"end":{"line":222,"column":24}}},"fnMap":{"0":{"name":"(anonymous_0)","decl":{"start":{"line":12,"column":20},"end":{"line":12,"column":21}},"loc":{"start":{"line":12,"column":40},"end":{"line":39,"column":1}},"line":12},"1":{"name":"(anonymous_1)","decl":{"start":{"line":51,"column":26},"end":{"line":51,"column":27}},"loc":{"start":{"line":51,"column":52},"end":{"line":220,"column":1}},"line":51},"2":{"name":"(anonymous_2)","decl":{"start":{"line":133,"column":49},"end":{"line":133,"column":50}},"loc":{"start":{"line":133,"column":58},"end":{"line":139,"column":7}},"line":133},"3":{"name":"(anonymous_3)","decl":{"start":{"line":177,"column":59},"end":{"line":177,"column":60}},"loc":{"start":{"line":177,"column":67},"end":{"line":180,"column":9}},"line":177}},"branchMap":{"0":{"loc":{"start":{"line":24,"column":4},"end":{"line":30,"column":5}},"type":"if","locations":[{"start":{"line":24,"column":4},"end":{"line":30,"column":5}},{"start":{},"end":{}}],"line":24},"1":{"loc":{"start":{"line":36,"column":15},"end":{"line":36,"column":53}},"type":"binary-expr","locations":[{"start":{"line":36,"column":15},"end":{"line":36,"column":26}},{"start":{"line":36,"column":30},"end":{"line":36,"column":53}}],"line":36},"2":{"loc":{"start":{"line":53,"column":23},"end":{"line":53,"column":37}},"type":"binary-expr","locations":[{"start":{"line":53,"column":23},"end":{"line":53,"column":31}},{"start":{"line":53,"column":35},"end":{"line":53,"column":37}}],"line":53},"3":{"loc":{"start":{"line":54,"column":4},"end":{"line":56,"column":5}},"type":"if","locations":[{"start":{"line":54,"column":4},"end":{"line":56,"column":5}},{"start":{},"end":{}}],"line":54},"4":{"loc":{"start":{"line":54,"column":8},"end":{"line":54,"column":33}},"type":"binary-expr","locations":[{"start":{"line":54,"column":8},"end":{"line":54,"column":15}},{"start":{"line":54,"column":19},"end":{"line":54,"column":33}}],"line":54},"5":{"loc":{"start":{"line":62,"column":23},"end":{"line":62,"column":50}},"type":"binary-expr","locations":[{"start":{"line":62,"column":23},"end":{"line":62,"column":37}},{"start":{"line":62,"column":41},"end":{"line":62,"column":50}}],"line":62},"6":{"loc":{"start":{"line":69,"column":4},"end":{"line":89,"column":5}},"type":"if","locations":[{"start":{"line":69,"column":4},"end":{"line":89,"column":5}},{"start":{},"end":{}}],"line":69},"7":{"loc":{"start":{"line":82,"column":8},"end":{"line":87,"column":9}},"type":"if","locations":[{"start":{"line":82,"column":8},"end":{"line":87,"column":9}},{"start":{},"end":{}}],"line":82},"8":{"loc":{"start":{"line":84,"column":10},"end":{"line":86,"column":11}},"type":"if","locations":[{"start":{"line":84,"column":10},"end":{"line":86,"column":11}},{"start":{},"end":{}}],"line":84},"9":{"loc":{"start":{"line":84,"column":14},"end":{"line":84,"column":61}},"type":"binary-expr","locations":[{"start":{"line":84,"column":14},"end":{"line":84,"column":37}},{"start":{"line":84,"column":41},"end":{"line":84,"column":61}}],"line":84},"10":{"loc":{"start":{"line":91,"column":17},"end":{"line":91,"column":38}},"type":"binary-expr","locations":[{"start":{"line":91,"column":17},"end":{"line":91,"column":25}},{"start":{"line":91,"column":29},"end":{"line":91,"column":38}}],"line":91},"11":{"loc":{"start":{"line":92,"column":17},"end":{"line":92,"column":38}},"type":"binary-expr","locations":[{"start":{"line":92,"column":17},"end":{"line":92,"column":25}},{"start":{"line":92,"column":29},"end":{"line":92,"column":38}}],"line":92},"12":{"loc":{"start":{"line":93,"column":17},"end":{"line":93,"column":38}},"type":"binary-expr","locations":[{"start":{"line":93,"column":17},"end":{"line":93,"column":25}},{"start":{"line":93,"column":29},"end":{"line":93,"column":38}}],"line":93},"13":{"loc":{"start":{"line":94,"column":16},"end":{"line":94,"column":50}},"type":"binary-expr","locations":[{"start":{"line":94,"column":16},"end":{"line":94,"column":37}},{"start":{"line":94,"column":41},"end":{"line":94,"column":50}}],"line":94},"14":{"loc":{"start":{"line":95,"column":16},"end":{"line":95,"column":50}},"type":"binary-expr","locations":[{"start":{"line":95,"column":16},"end":{"line":95,"column":37}},{"start":{"line":95,"column":41},"end":{"line":95,"column":50}}],"line":95},"15":{"loc":{"start":{"line":99,"column":17},"end":{"line":99,"column":85}},"type":"cond-expr","locations":[{"start":{"line":99,"column":49},"end":{"line":99,"column":64}},{"start":{"line":99,"column":67},"end":{"line":99,"column":85}}],"line":99},"16":{"loc":{"start":{"line":100,"column":4},"end":{"line":102,"column":5}},"type":"if","locations":[{"start":{"line":100,"column":4},"end":{"line":102,"column":5}},{"start":{},"end":{}}],"line":100},"17":{"loc":{"start":{"line":100,"column":8},"end":{"line":100,"column":35}},"type":"binary-expr","locations":[{"start":{"line":100,"column":8},"end":{"line":100,"column":21}},{"start":{"line":100,"column":25},"end":{"line":100,"column":35}}],"line":100},"18":{"loc":{"start":{"line":108,"column":4},"end":{"line":112,"column":5}},"type":"if","locations":[{"start":{"line":108,"column":4},"end":{"line":112,"column":5}},{"start":{},"end":{}}],"line":108},"19":{"loc":{"start":{"line":108,"column":8},"end":{"line":108,"column":18}},"type":"binary-expr","locations":[{"start":{"line":108,"column":8},"end":{"line":108,"column":11}},{"start":{"line":108,"column":15},"end":{"line":108,"column":18}}],"line":108},"20":{"loc":{"start":{"line":109,"column":6},"end":{"line":111,"column":58}},"type":"if","locations":[{"start":{"line":109,"column":6},"end":{"line":111,"column":58}},{"start":{"line":110,"column":11},"end":{"line":111,"column":58}}],"line":109},"21":{"loc":{"start":{"line":109,"column":10},"end":{"line":109,"column":20}},"type":"binary-expr","locations":[{"start":{"line":109,"column":10},"end":{"line":109,"column":13}},{"start":{"line":109,"column":17},"end":{"line":109,"column":20}}],"line":109},"22":{"loc":{"start":{"line":110,"column":11},"end":{"line":111,"column":58}},"type":"if","locations":[{"start":{"line":110,"column":11},"end":{"line":111,"column":58}},{"start":{"line":111,"column":11},"end":{"line":111,"column":58}}],"line":110},"23":{"loc":{"start":{"line":111,"column":11},"end":{"line":111,"column":58}},"type":"if","locations":[{"start":{"line":111,"column":11},"end":{"line":111,"column":58}},{"start":{},"end":{}}],"line":111},"24":{"loc":{"start":{"line":115,"column":4},"end":{"line":122,"column":5}},"type":"if","locations":[{"start":{"line":115,"column":4},"end":{"line":122,"column":5}},{"start":{},"end":{}}],"line":115},"25":{"loc":{"start":{"line":125,"column":4},"end":{"line":127,"column":5}},"type":"if","locations":[{"start":{"line":125,"column":4},"end":{"line":127,"column":5}},{"start":{},"end":{}}],"line":125},"26":{"loc":{"start":{"line":130,"column":4},"end":{"line":147,"column":5}},"type":"if","locations":[{"start":{"line":130,"column":4},"end":{"line":147,"column":5}},{"start":{},"end":{}}],"line":130},"27":{"loc":{"start":{"line":142,"column":6},"end":{"line":146,"column":7}},"type":"if","locations":[{"start":{"line":142,"column":6},"end":{"line":146,"column":7}},{"start":{"line":144,"column":13},"end":{"line":146,"column":7}}],"line":142},"28":{"loc":{"start":{"line":152,"column":23},"end":{"line":152,"column":54}},"type":"binary-expr","locations":[{"start":{"line":152,"column":23},"end":{"line":152,"column":33}},{"start":{"line":152,"column":37},"end":{"line":152,"column":41}},{"start":{"line":152,"column":45},"end":{"line":152,"column":54}}],"line":152},"29":{"loc":{"start":{"line":157,"column":15},"end":{"line":157,"column":60}},"type":"cond-expr","locations":[{"start":{"line":157,"column":28},"end":{"line":157,"column":48}},{"start":{"line":157,"column":51},"end":{"line":157,"column":60}}],"line":157},"30":{"loc":{"start":{"line":170,"column":4},"end":{"line":189,"column":5}},"type":"if","locations":[{"start":{"line":170,"column":4},"end":{"line":189,"column":5}},{"start":{},"end":{}}],"line":170},"31":{"loc":{"start":{"line":170,"column":8},"end":{"line":170,"column":49}},"type":"binary-expr","locations":[{"start":{"line":170,"column":8},"end":{"line":170,"column":25}},{"start":{"line":170,"column":29},"end":{"line":170,"column":49}}],"line":170},"32":{"loc":{"start":{"line":176,"column":6},"end":{"line":181,"column":7}},"type":"if","locations":[{"start":{"line":176,"column":6},"end":{"line":181,"column":7}},{"start":{},"end":{}}],"line":176},"33":{"loc":{"start":{"line":192,"column":14},"end":{"line":192,"column":40}},"type":"binary-expr","locations":[{"start":{"line":192,"column":14},"end":{"line":192,"column":23}},{"start":{"line":192,"column":27},"end":{"line":192,"column":40}}],"line":192},"34":{"loc":{"start":{"line":194,"column":14},"end":{"line":194,"column":32}},"type":"binary-expr","locations":[{"start":{"line":194,"column":14},"end":{"line":194,"column":24}},{"start":{"line":194,"column":28},"end":{"line":194,"column":32}}],"line":194},"35":{"loc":{"start":{"line":195,"column":20},"end":{"line":195,"column":38}},"type":"binary-expr","locations":[{"start":{"line":195,"column":20},"end":{"line":195,"column":30}},{"start":{"line":195,"column":34},"end":{"line":195,"column":38}}],"line":195},"36":{"loc":{"start":{"line":196,"column":13},"end":{"line":196,"column":30}},"type":"cond-expr","locations":[{"start":{"line":196,"column":19},"end":{"line":196,"column":23}},{"start":{"line":196,"column":26},"end":{"line":196,"column":30}}],"line":196},"37":{"loc":{"start":{"line":197,"column":13},"end":{"line":197,"column":30}},"type":"cond-expr","locations":[{"start":{"line":197,"column":19},"end":{"line":197,"column":23}},{"start":{"line":197,"column":26},"end":{"line":197,"column":30}}],"line":197},"38":{"loc":{"start":{"line":198,"column":14},"end":{"line":198,"column":26}},"type":"binary-expr","locations":[{"start":{"line":198,"column":14},"end":{"line":198,"column":18}},{"start":{"line":198,"column":22},"end":{"line":198,"column":26}}],"line":198},"39":{"loc":{"start":{"line":199,"column":16},"end":{"line":199,"column":53}},"type":"cond-expr","locations":[{"start":{"line":199,"column":39},"end":{"line":199,"column":46}},{"start":{"line":199,"column":49},"end":{"line":199,"column":53}}],"line":199},"40":{"loc":{"start":{"line":200,"column":14},"end":{"line":200,"column":33}},"type":"cond-expr","locations":[{"start":{"line":200,"column":21},"end":{"line":200,"column":26}},{"start":{"line":200,"column":29},"end":{"line":200,"column":33}}],"line":200},"41":{"loc":{"start":{"line":209,"column":4},"end":{"line":215,"column":5}},"type":"if","locations":[{"start":{"line":209,"column":4},"end":{"line":215,"column":5}},{"start":{},"end":{}}],"line":209}},"s":{"0":2,"1":2,"2":2,"3":2,"4":2,"5":2,"6":4,"7":4,"8":1,"9":3,"10":3,"11":1,"12":2,"13":2,"14":23,"15":23,"16":23,"17":3,"18":20,"19":18,"20":18,"21":18,"22":18,"23":4,"24":4,"25":9,"26":9,"27":4,"28":4,"29":4,"30":18,"31":18,"32":18,"33":18,"34":18,"35":18,"36":18,"37":10,"38":18,"39":18,"40":3,"41":1,"42":2,"43":1,"44":1,"45":1,"46":18,"47":2,"48":2,"49":18,"50":8,"51":18,"52":6,"53":6,"54":48,"55":6,"56":0,"57":6,"58":18,"59":18,"60":18,"61":18,"62":6,"63":6,"64":6,"65":6,"66":4,"67":4,"68":6,"69":18,"70":2,"71":2,"72":1,"73":1,"74":2},"f":{"0":4,"1":23,"2":48,"3":4},"b":{"0":[1,2],"1":[2,1],"2":[23,0],"3":[3,20],"4":[23,21],"5":[18,17],"6":[4,14],"7":[4,5],"8":[4,0],"9":[4,4],"10":[18,16],"11":[18,16],"12":[18,17],"13":[18,16],"14":[18,16],"15":[4,14],"16":[10,8],"17":[18,17],"18":[3,15],"19":[18,16],"20":[1,2],"21":[3,2],"22":[1,1],"23":[1,0],"24":[2,16],"25":[8,10],"26":[6,12],"27":[0,6],"28":[18,17,16],"29":[2,16],"30":[6,12],"31":[18,15],"32":[4,2],"33":[18,0],"34":[18,16],"35":[18,17],"36":[2,16],"37":[2,16],"38":[18,16],"39":[8,10],"40":[1,17],"41":[1,1]},"_coverageSchema":"1a1c01bbd47fc00a2c39e90264f33305004495a9","hash":"a77e87efd51441be7f46791b1dc251fb986ffb57"}
,"D:\\Bagas\\Hacktiv8\\FSJS\\phase2\\W3D2\\IP\\IP-RMT67\\server\\routes\\index.js": {"path":"D:\\Bagas\\Hacktiv8\\FSJS\\phase2\\W3D2\\IP\\IP-RMT67\\server\\routes\\index.js","statementMap":{"0":{"start":{"line":2,"column":16},"end":{"line":2,"column":34}},"1":{"start":{"line":3,"column":26},"end":{"line":3,"column":69}},"2":{"start":{"line":4,"column":23},"end":{"line":4,"column":63}},"3":{"start":{"line":5,"column":26},"end":{"line":5,"column":69}},"4":{"start":{"line":6,"column":26},"end":{"line":6,"column":69}},"5":{"start":{"line":7,"column":31},"end":{"line":7,"column":79}},"6":{"start":{"line":8,"column":31},"end":{"line":8,"column":79}},"7":{"start":{"line":9,"column":23},"end":{"line":9,"column":62}},"8":{"start":{"line":10,"column":40},"end":{"line":10,"column":78}},"9":{"start":{"line":11,"column":19},"end":{"line":11,"column":50}},"10":{"start":{"line":13,"column":15},"end":{"line":13,"column":31}},"11":{"start":{"line":16,"column":0},"end":{"line":16,"column":50}},"12":{"start":{"line":17,"column":0},"end":{"line":17,"column":44}},"13":{"start":{"line":18,"column":0},"end":{"line":18,"column":57}},"14":{"start":{"line":19,"column":0},"end":{"line":19,"column":48}},"15":{"start":{"line":20,"column":0},"end":{"line":20,"column":54}},"16":{"start":{"line":23,"column":0},"end":{"line":23,"column":85}},"17":{"start":{"line":26,"column":0},"end":{"line":26,"column":27}},"18":{"start":{"line":27,"column":0},"end":{"line":27,"column":51}},"19":{"start":{"line":28,"column":0},"end":{"line":28,"column":57}},"20":{"start":{"line":29,"column":0},"end":{"line":33,"column":2}},"21":{"start":{"line":34,"column":0},"end":{"line":34,"column":76}},"22":{"start":{"line":37,"column":0},"end":{"line":37,"column":71}},"23":{"start":{"line":38,"column":0},"end":{"line":38,"column":71}},"24":{"start":{"line":41,"column":14},"end":{"line":41,"column":30}},"25":{"start":{"line":42,"column":0},"end":{"line":42,"column":37}},"26":{"start":{"line":44,"column":0},"end":{"line":44,"column":55}},"27":{"start":{"line":45,"column":0},"end":{"line":45,"column":73}},"28":{"start":{"line":46,"column":0},"end":{"line":46,"column":62}},"29":{"start":{"line":48,"column":0},"end":{"line":48,"column":52}},"30":{"start":{"line":49,"column":0},"end":{"line":49,"column":55}},"31":{"start":{"line":50,"column":0},"end":{"line":50,"column":58}},"32":{"start":{"line":51,"column":0},"end":{"line":51,"column":62}},"33":{"start":{"line":54,"column":0},"end":{"line":58,"column":2}},"34":{"start":{"line":60,"column":0},"end":{"line":60,"column":28}},"35":{"start":{"line":62,"column":0},"end":{"line":62,"column":24}}},"fnMap":{},"branchMap":{},"s":{"0":1,"1":1,"2":1,"3":1,"4":1,"5":1,"6":1,"7":1,"8":1,"9":1,"10":1,"11":1,"12":1,"13":1,"14":1,"15":1,"16":1,"17":1,"18":1,"19":1,"20":1,"21":1,"22":1,"23":1,"24":1,"25":1,"26":1,"27":1,"28":1,"29":1,"30":1,"31":1,"32":1,"33":1,"34":1,"35":1},"f":{},"b":{},"_coverageSchema":"1a1c01bbd47fc00a2c39e90264f33305004495a9","hash":"d551ceef76005a25b0538129418af59f01c4bb5c"}
}
