{"D:\\Bagas\\Hacktiv8\\FSJS\\phase2\\W3D2\\IP\\IP-RMT67\\server\\controllers\\AdminBookingController.js": {"path":"D:\\Bagas\\Hacktiv8\\FSJS\\phase2\\W3D2\\IP\\IP-RMT67\\server\\controllers\\AdminBookingController.js","statementMap":{"0":{"start":{"line":1,"column":35},"end":{"line":1,"column":55}},"1":{"start":{"line":6,"column":4},"end":{"line":40,"column":5}},"2":{"start":{"line":7,"column":56},"end":{"line":7,"column":65}},"3":{"start":{"line":8,"column":20},"end":{"line":8,"column":52}},"4":{"start":{"line":9,"column":21},"end":{"line":9,"column":69}},"5":{"start":{"line":10,"column":21},"end":{"line":10,"column":41}},"6":{"start":{"line":12,"column":20},"end":{"line":12,"column":22}},"7":{"start":{"line":13,"column":6},"end":{"line":13,"column":40}},"8":{"start":{"line":13,"column":18},"end":{"line":13,"column":40}},"9":{"start":{"line":15,"column":30},"end":{"line":27,"column":8}},"10":{"start":{"line":29,"column":6},"end":{"line":37,"column":9}},"11":{"start":{"line":39,"column":6},"end":{"line":39,"column":16}},"12":{"start":{"line":45,"column":4},"end":{"line":68,"column":5}},"13":{"start":{"line":46,"column":21},"end":{"line":46,"column":31}},"14":{"start":{"line":47,"column":25},"end":{"line":47,"column":33}},"15":{"start":{"line":48,"column":22},"end":{"line":54,"column":7}},"16":{"start":{"line":55,"column":6},"end":{"line":56,"column":67}},"17":{"start":{"line":56,"column":8},"end":{"line":56,"column":67}},"18":{"start":{"line":58,"column":22},"end":{"line":58,"column":48}},"19":{"start":{"line":59,"column":6},"end":{"line":60,"column":70}},"20":{"start":{"line":60,"column":8},"end":{"line":60,"column":70}},"21":{"start":{"line":62,"column":6},"end":{"line":62,"column":30}},"22":{"start":{"line":63,"column":6},"end":{"line":63,"column":27}},"23":{"start":{"line":65,"column":6},"end":{"line":65,"column":67}},"24":{"start":{"line":67,"column":6},"end":{"line":67,"column":16}},"25":{"start":{"line":73,"column":4},"end":{"line":82,"column":5}},"26":{"start":{"line":74,"column":21},"end":{"line":74,"column":31}},"27":{"start":{"line":75,"column":22},"end":{"line":75,"column":48}},"28":{"start":{"line":76,"column":6},"end":{"line":77,"column":70}},"29":{"start":{"line":77,"column":8},"end":{"line":77,"column":70}},"30":{"start":{"line":78,"column":6},"end":{"line":78,"column":30}},"31":{"start":{"line":79,"column":6},"end":{"line":79,"column":59}},"32":{"start":{"line":81,"column":6},"end":{"line":81,"column":16}},"33":{"start":{"line":86,"column":0},"end":{"line":86,"column":40}}},"fnMap":{"0":{"name":"(anonymous_0)","decl":{"start":{"line":5,"column":2},"end":{"line":5,"column":3}},"loc":{"start":{"line":5,"column":39},"end":{"line":41,"column":3}},"line":5},"1":{"name":"(anonymous_1)","decl":{"start":{"line":44,"column":2},"end":{"line":44,"column":3}},"loc":{"start":{"line":44,"column":44},"end":{"line":69,"column":3}},"line":44},"2":{"name":"(anonymous_2)","decl":{"start":{"line":72,"column":2},"end":{"line":72,"column":3}},"loc":{"start":{"line":72,"column":39},"end":{"line":83,"column":3}},"line":72}},"branchMap":{"0":{"loc":{"start":{"line":7,"column":14},"end":{"line":7,"column":24}},"type":"default-arg","locations":[{"start":{"line":7,"column":21},"end":{"line":7,"column":24}}],"line":7},"1":{"loc":{"start":{"line":7,"column":26},"end":{"line":7,"column":38}},"type":"default-arg","locations":[{"start":{"line":7,"column":34},"end":{"line":7,"column":38}}],"line":7},"2":{"loc":{"start":{"line":7,"column":40},"end":{"line":7,"column":51}},"type":"default-arg","locations":[{"start":{"line":7,"column":49},"end":{"line":7,"column":51}}],"line":7},"3":{"loc":{"start":{"line":8,"column":32},"end":{"line":8,"column":51}},"type":"binary-expr","locations":[{"start":{"line":8,"column":32},"end":{"line":8,"column":46}},{"start":{"line":8,"column":50},"end":{"line":8,"column":51}}],"line":8},"4":{"loc":{"start":{"line":9,"column":46},"end":{"line":9,"column":67}},"type":"binary-expr","locations":[{"start":{"line":9,"column":46},"end":{"line":9,"column":61}},{"start":{"line":9,"column":65},"end":{"line":9,"column":67}}],"line":9},"5":{"loc":{"start":{"line":13,"column":6},"end":{"line":13,"column":40}},"type":"if","locations":[{"start":{"line":13,"column":6},"end":{"line":13,"column":40}},{"start":{},"end":{}}],"line":13},"6":{"loc":{"start":{"line":55,"column":6},"end":{"line":56,"column":67}},"type":"if","locations":[{"start":{"line":55,"column":6},"end":{"line":56,"column":67}},{"start":{},"end":{}}],"line":55},"7":{"loc":{"start":{"line":59,"column":6},"end":{"line":60,"column":70}},"type":"if","locations":[{"start":{"line":59,"column":6},"end":{"line":60,"column":70}},{"start":{},"end":{}}],"line":59},"8":{"loc":{"start":{"line":76,"column":6},"end":{"line":77,"column":70}},"type":"if","locations":[{"start":{"line":76,"column":6},"end":{"line":77,"column":70}},{"start":{},"end":{}}],"line":76}},"s":{"0":0,"1":0,"2":0,"3":0,"4":0,"5":0,"6":0,"7":0,"8":0,"9":0,"10":0,"11":0,"12":0,"13":0,"14":0,"15":0,"16":0,"17":0,"18":0,"19":0,"20":0,"21":0,"22":0,"23":0,"24":0,"25":0,"26":0,"27":0,"28":0,"29":0,"30":0,"31":0,"32":0,"33":0},"f":{"0":0,"1":0,"2":0},"b":{"0":[0],"1":[0],"2":[0],"3":[0,0],"4":[0,0],"5":[0,0],"6":[0,0],"7":[0,0],"8":[0,0]}}
,"D:\\Bagas\\Hacktiv8\\FSJS\\phase2\\W3D2\\IP\\IP-RMT67\\server\\controllers\\AdminVehicleController.js": {"path":"D:\\Bagas\\Hacktiv8\\FSJS\\phase2\\W3D2\\IP\\IP-RMT67\\server\\controllers\\AdminVehicleController.js","statementMap":{"0":{"start":{"line":1,"column":28},"end":{"line":1,"column":48}},"1":{"start":{"line":2,"column":15},"end":{"line":2,"column":35}},"2":{"start":{"line":7,"column":4},"end":{"line":43,"column":5}},"3":{"start":{"line":8,"column":51},"end":{"line":8,"column":60}},"4":{"start":{"line":9,"column":20},"end":{"line":9,"column":52}},"5":{"start":{"line":10,"column":21},"end":{"line":10,"column":69}},"6":{"start":{"line":11,"column":21},"end":{"line":11,"column":41}},"7":{"start":{"line":13,"column":20},"end":{"line":13,"column":22}},"8":{"start":{"line":14,"column":6},"end":{"line":22,"column":7}},"9":{"start":{"line":15,"column":21},"end":{"line":15,"column":29}},"10":{"start":{"line":16,"column":8},"end":{"line":21,"column":10}},"11":{"start":{"line":24,"column":30},"end":{"line":30,"column":8}},"12":{"start":{"line":32,"column":6},"end":{"line":40,"column":9}},"13":{"start":{"line":42,"column":6},"end":{"line":42,"column":16}},"14":{"start":{"line":48,"column":4},"end":{"line":54,"column":5}},"15":{"start":{"line":49,"column":22},"end":{"line":49,"column":30}},"16":{"start":{"line":50,"column":16},"end":{"line":50,"column":45}},"17":{"start":{"line":51,"column":6},"end":{"line":51,"column":71}},"18":{"start":{"line":53,"column":6},"end":{"line":53,"column":16}},"19":{"start":{"line":59,"column":4},"end":{"line":68,"column":5}},"20":{"start":{"line":60,"column":21},"end":{"line":60,"column":31}},"21":{"start":{"line":61,"column":22},"end":{"line":61,"column":30}},"22":{"start":{"line":62,"column":16},"end":{"line":62,"column":42}},"23":{"start":{"line":63,"column":6},"end":{"line":63,"column":76}},"24":{"start":{"line":63,"column":14},"end":{"line":63,"column":76}},"25":{"start":{"line":64,"column":6},"end":{"line":64,"column":30}},"26":{"start":{"line":65,"column":6},"end":{"line":65,"column":71}},"27":{"start":{"line":67,"column":6},"end":{"line":67,"column":16}},"28":{"start":{"line":73,"column":4},"end":{"line":81,"column":5}},"29":{"start":{"line":74,"column":21},"end":{"line":74,"column":31}},"30":{"start":{"line":75,"column":16},"end":{"line":75,"column":42}},"31":{"start":{"line":76,"column":6},"end":{"line":76,"column":76}},"32":{"start":{"line":76,"column":14},"end":{"line":76,"column":76}},"33":{"start":{"line":77,"column":6},"end":{"line":77,"column":24}},"34":{"start":{"line":78,"column":6},"end":{"line":78,"column":59}},"35":{"start":{"line":80,"column":6},"end":{"line":80,"column":16}},"36":{"start":{"line":85,"column":4},"end":{"line":108,"column":5}},"37":{"start":{"line":86,"column":21},"end":{"line":86,"column":31}},"38":{"start":{"line":87,"column":16},"end":{"line":87,"column":42}},"39":{"start":{"line":88,"column":6},"end":{"line":88,"column":76}},"40":{"start":{"line":88,"column":14},"end":{"line":88,"column":76}},"41":{"start":{"line":89,"column":6},"end":{"line":90,"column":70}},"42":{"start":{"line":90,"column":8},"end":{"line":90,"column":70}},"43":{"start":{"line":92,"column":23},"end":{"line":92,"column":38}},"44":{"start":{"line":93,"column":21},"end":{"line":96,"column":8}},"45":{"start":{"line":98,"column":6},"end":{"line":98,"column":35}},"46":{"start":{"line":99,"column":6},"end":{"line":99,"column":21}},"47":{"start":{"line":101,"column":6},"end":{"line":105,"column":9}},"48":{"start":{"line":107,"column":6},"end":{"line":107,"column":16}},"49":{"start":{"line":112,"column":0},"end":{"line":112,"column":40}}},"fnMap":{"0":{"name":"(anonymous_0)","decl":{"start":{"line":6,"column":2},"end":{"line":6,"column":3}},"loc":{"start":{"line":6,"column":36},"end":{"line":44,"column":3}},"line":6},"1":{"name":"(anonymous_1)","decl":{"start":{"line":47,"column":2},"end":{"line":47,"column":3}},"loc":{"start":{"line":47,"column":38},"end":{"line":55,"column":3}},"line":47},"2":{"name":"(anonymous_2)","decl":{"start":{"line":58,"column":2},"end":{"line":58,"column":3}},"loc":{"start":{"line":58,"column":38},"end":{"line":69,"column":3}},"line":58},"3":{"name":"(anonymous_3)","decl":{"start":{"line":72,"column":2},"end":{"line":72,"column":3}},"loc":{"start":{"line":72,"column":39},"end":{"line":82,"column":3}},"line":72},"4":{"name":"(anonymous_4)","decl":{"start":{"line":84,"column":2},"end":{"line":84,"column":3}},"loc":{"start":{"line":84,"column":43},"end":{"line":109,"column":3}},"line":84}},"branchMap":{"0":{"loc":{"start":{"line":8,"column":14},"end":{"line":8,"column":20}},"type":"default-arg","locations":[{"start":{"line":8,"column":18},"end":{"line":8,"column":20}}],"line":8},"1":{"loc":{"start":{"line":8,"column":22},"end":{"line":8,"column":32}},"type":"default-arg","locations":[{"start":{"line":8,"column":29},"end":{"line":8,"column":32}}],"line":8},"2":{"loc":{"start":{"line":8,"column":34},"end":{"line":8,"column":46}},"type":"default-arg","locations":[{"start":{"line":8,"column":42},"end":{"line":8,"column":46}}],"line":8},"3":{"loc":{"start":{"line":9,"column":32},"end":{"line":9,"column":51}},"type":"binary-expr","locations":[{"start":{"line":9,"column":32},"end":{"line":9,"column":46}},{"start":{"line":9,"column":50},"end":{"line":9,"column":51}}],"line":9},"4":{"loc":{"start":{"line":10,"column":46},"end":{"line":10,"column":67}},"type":"binary-expr","locations":[{"start":{"line":10,"column":46},"end":{"line":10,"column":61}},{"start":{"line":10,"column":65},"end":{"line":10,"column":67}}],"line":10},"5":{"loc":{"start":{"line":14,"column":6},"end":{"line":22,"column":7}},"type":"if","locations":[{"start":{"line":14,"column":6},"end":{"line":22,"column":7}},{"start":{},"end":{}}],"line":14},"6":{"loc":{"start":{"line":63,"column":6},"end":{"line":63,"column":76}},"type":"if","locations":[{"start":{"line":63,"column":6},"end":{"line":63,"column":76}},{"start":{},"end":{}}],"line":63},"7":{"loc":{"start":{"line":76,"column":6},"end":{"line":76,"column":76}},"type":"if","locations":[{"start":{"line":76,"column":6},"end":{"line":76,"column":76}},{"start":{},"end":{}}],"line":76},"8":{"loc":{"start":{"line":88,"column":6},"end":{"line":88,"column":76}},"type":"if","locations":[{"start":{"line":88,"column":6},"end":{"line":88,"column":76}},{"start":{},"end":{}}],"line":88},"9":{"loc":{"start":{"line":89,"column":6},"end":{"line":90,"column":70}},"type":"if","locations":[{"start":{"line":89,"column":6},"end":{"line":90,"column":70}},{"start":{},"end":{}}],"line":89}},"s":{"0":0,"1":0,"2":0,"3":0,"4":0,"5":0,"6":0,"7":0,"8":0,"9":0,"10":0,"11":0,"12":0,"13":0,"14":0,"15":0,"16":0,"17":0,"18":0,"19":0,"20":0,"21":0,"22":0,"23":0,"24":0,"25":0,"26":0,"27":0,"28":0,"29":0,"30":0,"31":0,"32":0,"33":0,"34":0,"35":0,"36":0,"37":0,"38":0,"39":0,"40":0,"41":0,"42":0,"43":0,"44":0,"45":0,"46":0,"47":0,"48":0,"49":0},"f":{"0":0,"1":0,"2":0,"3":0,"4":0},"b":{"0":[0],"1":[0],"2":[0],"3":[0,0],"4":[0,0],"5":[0,0],"6":[0,0],"7":[0,0],"8":[0,0],"9":[0,0]}}
,"D:\\Bagas\\Hacktiv8\\FSJS\\phase2\\W3D2\\IP\\IP-RMT67\\server\\controllers\\BookingController.js": {"path":"D:\\Bagas\\Hacktiv8\\FSJS\\phase2\\W3D2\\IP\\IP-RMT67\\server\\controllers\\BookingController.js","statementMap":{"0":{"start":{"line":1,"column":29},"end":{"line":1,"column":49}},"1":{"start":{"line":6,"column":4},"end":{"line":53,"column":5}},"2":{"start":{"line":7,"column":48},"end":{"line":7,"column":56}},"3":{"start":{"line":8,"column":29},"end":{"line":8,"column":37}},"4":{"start":{"line":11,"column":6},"end":{"line":15,"column":7}},"5":{"start":{"line":12,"column":8},"end":{"line":14,"column":74}},"6":{"start":{"line":18,"column":24},"end":{"line":18,"column":47}},"7":{"start":{"line":19,"column":6},"end":{"line":21,"column":7}},"8":{"start":{"line":20,"column":8},"end":{"line":20,"column":74}},"9":{"start":{"line":24,"column":20},"end":{"line":24,"column":39}},"10":{"start":{"line":25,"column":18},"end":{"line":25,"column":35}},"11":{"start":{"line":27,"column":6},"end":{"line":29,"column":7}},"12":{"start":{"line":28,"column":8},"end":{"line":28,"column":79}},"13":{"start":{"line":31,"column":22},"end":{"line":31,"column":55}},"14":{"start":{"line":32,"column":6},"end":{"line":33,"column":70}},"15":{"start":{"line":33,"column":8},"end":{"line":33,"column":70}},"16":{"start":{"line":35,"column":19},"end":{"line":35,"column":56}},"17":{"start":{"line":36,"column":6},"end":{"line":37,"column":74}},"18":{"start":{"line":37,"column":8},"end":{"line":37,"column":74}},"19":{"start":{"line":39,"column":25},"end":{"line":39,"column":62}},"20":{"start":{"line":41,"column":22},"end":{"line":48,"column":8}},"21":{"start":{"line":50,"column":6},"end":{"line":50,"column":68}},"22":{"start":{"line":52,"column":6},"end":{"line":52,"column":16}},"23":{"start":{"line":58,"column":4},"end":{"line":71,"column":5}},"24":{"start":{"line":59,"column":29},"end":{"line":59,"column":37}},"25":{"start":{"line":60,"column":19},"end":{"line":67,"column":8}},"26":{"start":{"line":68,"column":6},"end":{"line":68,"column":33}},"27":{"start":{"line":70,"column":6},"end":{"line":70,"column":16}},"28":{"start":{"line":76,"column":4},"end":{"line":88,"column":5}},"29":{"start":{"line":77,"column":26},"end":{"line":77,"column":29}},"30":{"start":{"line":78,"column":6},"end":{"line":82,"column":7}},"31":{"start":{"line":79,"column":8},"end":{"line":81,"column":67}},"32":{"start":{"line":83,"column":6},"end":{"line":83,"column":34}},"33":{"start":{"line":84,"column":6},"end":{"line":84,"column":27}},"34":{"start":{"line":85,"column":6},"end":{"line":85,"column":71}},"35":{"start":{"line":87,"column":6},"end":{"line":87,"column":16}},"36":{"start":{"line":93,"column":4},"end":{"line":99,"column":5}},"37":{"start":{"line":94,"column":26},"end":{"line":94,"column":29}},"38":{"start":{"line":95,"column":6},"end":{"line":95,"column":30}},"39":{"start":{"line":96,"column":6},"end":{"line":96,"column":59}},"40":{"start":{"line":98,"column":6},"end":{"line":98,"column":16}},"41":{"start":{"line":103,"column":0},"end":{"line":103,"column":35}}},"fnMap":{"0":{"name":"(anonymous_0)","decl":{"start":{"line":5,"column":2},"end":{"line":5,"column":3}},"loc":{"start":{"line":5,"column":38},"end":{"line":54,"column":3}},"line":5},"1":{"name":"(anonymous_1)","decl":{"start":{"line":57,"column":2},"end":{"line":57,"column":3}},"loc":{"start":{"line":57,"column":42},"end":{"line":72,"column":3}},"line":57},"2":{"name":"(anonymous_2)","decl":{"start":{"line":75,"column":2},"end":{"line":75,"column":3}},"loc":{"start":{"line":75,"column":38},"end":{"line":89,"column":3}},"line":75},"3":{"name":"(anonymous_3)","decl":{"start":{"line":92,"column":2},"end":{"line":92,"column":3}},"loc":{"start":{"line":92,"column":39},"end":{"line":100,"column":3}},"line":92}},"branchMap":{"0":{"loc":{"start":{"line":11,"column":6},"end":{"line":15,"column":7}},"type":"if","locations":[{"start":{"line":11,"column":6},"end":{"line":15,"column":7}},{"start":{},"end":{}}],"line":11},"1":{"loc":{"start":{"line":11,"column":10},"end":{"line":11,"column":46}},"type":"binary-expr","locations":[{"start":{"line":11,"column":10},"end":{"line":11,"column":20}},{"start":{"line":11,"column":24},"end":{"line":11,"column":34}},{"start":{"line":11,"column":38},"end":{"line":11,"column":46}}],"line":11},"2":{"loc":{"start":{"line":19,"column":6},"end":{"line":21,"column":7}},"type":"if","locations":[{"start":{"line":19,"column":6},"end":{"line":21,"column":7}},{"start":{},"end":{}}],"line":19},"3":{"loc":{"start":{"line":19,"column":10},"end":{"line":19,"column":44}},"type":"binary-expr","locations":[{"start":{"line":19,"column":10},"end":{"line":19,"column":26}},{"start":{"line":19,"column":30},"end":{"line":19,"column":44}}],"line":19},"4":{"loc":{"start":{"line":27,"column":6},"end":{"line":29,"column":7}},"type":"if","locations":[{"start":{"line":27,"column":6},"end":{"line":29,"column":7}},{"start":{},"end":{}}],"line":27},"5":{"loc":{"start":{"line":27,"column":10},"end":{"line":27,"column":56}},"type":"binary-expr","locations":[{"start":{"line":27,"column":10},"end":{"line":27,"column":32}},{"start":{"line":27,"column":36},"end":{"line":27,"column":56}}],"line":27},"6":{"loc":{"start":{"line":32,"column":6},"end":{"line":33,"column":70}},"type":"if","locations":[{"start":{"line":32,"column":6},"end":{"line":33,"column":70}},{"start":{},"end":{}}],"line":32},"7":{"loc":{"start":{"line":36,"column":6},"end":{"line":37,"column":74}},"type":"if","locations":[{"start":{"line":36,"column":6},"end":{"line":37,"column":74}},{"start":{},"end":{}}],"line":36},"8":{"loc":{"start":{"line":78,"column":6},"end":{"line":82,"column":7}},"type":"if","locations":[{"start":{"line":78,"column":6},"end":{"line":82,"column":7}},{"start":{},"end":{}}],"line":78}},"s":{"0":0,"1":0,"2":0,"3":0,"4":0,"5":0,"6":0,"7":0,"8":0,"9":0,"10":0,"11":0,"12":0,"13":0,"14":0,"15":0,"16":0,"17":0,"18":0,"19":0,"20":0,"21":0,"22":0,"23":0,"24":0,"25":0,"26":0,"27":0,"28":0,"29":0,"30":0,"31":0,"32":0,"33":0,"34":0,"35":0,"36":0,"37":0,"38":0,"39":0,"40":0,"41":0},"f":{"0":0,"1":0,"2":0,"3":0},"b":{"0":[0,0],"1":[0,0,0],"2":[0,0],"3":[0,0],"4":[0,0],"5":[0,0],"6":[0,0],"7":[0,0],"8":[0,0]}}
,"D:\\Bagas\\Hacktiv8\\FSJS\\phase2\\W3D2\\IP\\IP-RMT67\\server\\controllers\\UserController.js": {"path":"D:\\Bagas\\Hacktiv8\\FSJS\\phase2\\W3D2\\IP\\IP-RMT67\\server\\controllers\\UserController.js","statementMap":{"0":{"start":{"line":1,"column":25},"end":{"line":1,"column":55}},"1":{"start":{"line":2,"column":17},"end":{"line":2,"column":37}},"2":{"start":{"line":3,"column":22},"end":{"line":3,"column":47}},"3":{"start":{"line":4,"column":28},"end":{"line":4,"column":56}},"4":{"start":{"line":5,"column":29},"end":{"line":5,"column":60}},"5":{"start":{"line":10,"column":4},"end":{"line":53,"column":5}},"6":{"start":{"line":11,"column":53},"end":{"line":11,"column":61}},"7":{"start":{"line":13,"column":6},"end":{"line":17,"column":7}},"8":{"start":{"line":14,"column":8},"end":{"line":16,"column":11}},"9":{"start":{"line":20,"column":27},"end":{"line":20,"column":67}},"10":{"start":{"line":21,"column":6},"end":{"line":25,"column":7}},"11":{"start":{"line":22,"column":8},"end":{"line":24,"column":11}},"12":{"start":{"line":28,"column":19},"end":{"line":34,"column":8}},"13":{"start":{"line":37,"column":27},"end":{"line":37,"column":53}},"14":{"start":{"line":39,"column":6},"end":{"line":49,"column":9}},"15":{"start":{"line":51,"column":6},"end":{"line":51,"column":42}},"16":{"start":{"line":52,"column":6},"end":{"line":52,"column":16}},"17":{"start":{"line":58,"column":4},"end":{"line":100,"column":5}},"18":{"start":{"line":59,"column":34},"end":{"line":59,"column":42}},"19":{"start":{"line":61,"column":6},"end":{"line":65,"column":7}},"20":{"start":{"line":62,"column":8},"end":{"line":64,"column":11}},"21":{"start":{"line":68,"column":19},"end":{"line":68,"column":59}},"22":{"start":{"line":69,"column":6},"end":{"line":73,"column":7}},"23":{"start":{"line":70,"column":8},"end":{"line":72,"column":11}},"24":{"start":{"line":76,"column":30},"end":{"line":76,"column":70}},"25":{"start":{"line":77,"column":6},"end":{"line":81,"column":7}},"26":{"start":{"line":78,"column":8},"end":{"line":80,"column":11}},"27":{"start":{"line":84,"column":27},"end":{"line":84,"column":53}},"28":{"start":{"line":86,"column":6},"end":{"line":96,"column":9}},"29":{"start":{"line":98,"column":6},"end":{"line":98,"column":39}},"30":{"start":{"line":99,"column":6},"end":{"line":99,"column":16}},"31":{"start":{"line":105,"column":4},"end":{"line":163,"column":5}},"32":{"start":{"line":106,"column":27},"end":{"line":106,"column":35}},"33":{"start":{"line":107,"column":6},"end":{"line":109,"column":7}},"34":{"start":{"line":108,"column":8},"end":{"line":108,"column":73}},"35":{"start":{"line":111,"column":21},"end":{"line":111,"column":55}},"36":{"start":{"line":112,"column":21},"end":{"line":115,"column":8}},"37":{"start":{"line":117,"column":22},"end":{"line":117,"column":41}},"38":{"start":{"line":118,"column":20},"end":{"line":118,"column":34}},"39":{"start":{"line":119,"column":19},"end":{"line":119,"column":73}},"40":{"start":{"line":120,"column":6},"end":{"line":122,"column":7}},"41":{"start":{"line":121,"column":8},"end":{"line":121,"column":73}},"42":{"start":{"line":125,"column":17},"end":{"line":125,"column":57}},"43":{"start":{"line":126,"column":6},"end":{"line":147,"column":7}},"44":{"start":{"line":127,"column":8},"end":{"line":133,"column":11}},"45":{"start":{"line":136,"column":8},"end":{"line":138,"column":9}},"46":{"start":{"line":137,"column":10},"end":{"line":137,"column":44}},"47":{"start":{"line":140,"column":8},"end":{"line":142,"column":9}},"48":{"start":{"line":141,"column":10},"end":{"line":141,"column":27}},"49":{"start":{"line":144,"column":8},"end":{"line":146,"column":9}},"50":{"start":{"line":145,"column":10},"end":{"line":145,"column":28}},"51":{"start":{"line":149,"column":27},"end":{"line":149,"column":53}},"52":{"start":{"line":150,"column":6},"end":{"line":159,"column":9}},"53":{"start":{"line":161,"column":6},"end":{"line":161,"column":45}},"54":{"start":{"line":162,"column":6},"end":{"line":162,"column":16}},"55":{"start":{"line":167,"column":0},"end":{"line":167,"column":32}}},"fnMap":{"0":{"name":"(anonymous_0)","decl":{"start":{"line":9,"column":2},"end":{"line":9,"column":3}},"loc":{"start":{"line":9,"column":40},"end":{"line":54,"column":3}},"line":9},"1":{"name":"(anonymous_1)","decl":{"start":{"line":57,"column":2},"end":{"line":57,"column":3}},"loc":{"start":{"line":57,"column":37},"end":{"line":101,"column":3}},"line":57},"2":{"name":"(anonymous_2)","decl":{"start":{"line":104,"column":2},"end":{"line":104,"column":3}},"loc":{"start":{"line":104,"column":43},"end":{"line":164,"column":3}},"line":104}},"branchMap":{"0":{"loc":{"start":{"line":13,"column":6},"end":{"line":17,"column":7}},"type":"if","locations":[{"start":{"line":13,"column":6},"end":{"line":17,"column":7}},{"start":{},"end":{}}],"line":13},"1":{"loc":{"start":{"line":13,"column":10},"end":{"line":13,"column":38}},"type":"binary-expr","locations":[{"start":{"line":13,"column":10},"end":{"line":13,"column":15}},{"start":{"line":13,"column":19},"end":{"line":13,"column":25}},{"start":{"line":13,"column":29},"end":{"line":13,"column":38}}],"line":13},"2":{"loc":{"start":{"line":21,"column":6},"end":{"line":25,"column":7}},"type":"if","locations":[{"start":{"line":21,"column":6},"end":{"line":25,"column":7}},{"start":{},"end":{}}],"line":21},"3":{"loc":{"start":{"line":32,"column":21},"end":{"line":32,"column":40}},"type":"binary-expr","locations":[{"start":{"line":32,"column":21},"end":{"line":32,"column":32}},{"start":{"line":32,"column":36},"end":{"line":32,"column":40}}],"line":32},"4":{"loc":{"start":{"line":61,"column":6},"end":{"line":65,"column":7}},"type":"if","locations":[{"start":{"line":61,"column":6},"end":{"line":65,"column":7}},{"start":{},"end":{}}],"line":61},"5":{"loc":{"start":{"line":61,"column":10},"end":{"line":61,"column":29}},"type":"binary-expr","locations":[{"start":{"line":61,"column":10},"end":{"line":61,"column":16}},{"start":{"line":61,"column":20},"end":{"line":61,"column":29}}],"line":61},"6":{"loc":{"start":{"line":69,"column":6},"end":{"line":73,"column":7}},"type":"if","locations":[{"start":{"line":69,"column":6},"end":{"line":73,"column":7}},{"start":{},"end":{}}],"line":69},"7":{"loc":{"start":{"line":77,"column":6},"end":{"line":81,"column":7}},"type":"if","locations":[{"start":{"line":77,"column":6},"end":{"line":81,"column":7}},{"start":{},"end":{}}],"line":77},"8":{"loc":{"start":{"line":107,"column":6},"end":{"line":109,"column":7}},"type":"if","locations":[{"start":{"line":107,"column":6},"end":{"line":109,"column":7}},{"start":{},"end":{}}],"line":107},"9":{"loc":{"start":{"line":119,"column":19},"end":{"line":119,"column":73}},"type":"binary-expr","locations":[{"start":{"line":119,"column":19},"end":{"line":119,"column":32}},{"start":{"line":119,"column":36},"end":{"line":119,"column":56}},{"start":{"line":119,"column":60},"end":{"line":119,"column":73}}],"line":119},"10":{"loc":{"start":{"line":120,"column":6},"end":{"line":122,"column":7}},"type":"if","locations":[{"start":{"line":120,"column":6},"end":{"line":122,"column":7}},{"start":{},"end":{}}],"line":120},"11":{"loc":{"start":{"line":126,"column":6},"end":{"line":147,"column":7}},"type":"if","locations":[{"start":{"line":126,"column":6},"end":{"line":147,"column":7}},{"start":{"line":134,"column":13},"end":{"line":147,"column":7}}],"line":126},"12":{"loc":{"start":{"line":131,"column":22},"end":{"line":131,"column":46}},"type":"binary-expr","locations":[{"start":{"line":131,"column":22},"end":{"line":131,"column":38}},{"start":{"line":131,"column":42},"end":{"line":131,"column":46}}],"line":131},"13":{"loc":{"start":{"line":136,"column":8},"end":{"line":138,"column":9}},"type":"if","locations":[{"start":{"line":136,"column":8},"end":{"line":138,"column":9}},{"start":{},"end":{}}],"line":136},"14":{"loc":{"start":{"line":140,"column":8},"end":{"line":142,"column":9}},"type":"if","locations":[{"start":{"line":140,"column":8},"end":{"line":142,"column":9}},{"start":{},"end":{}}],"line":140},"15":{"loc":{"start":{"line":140,"column":12},"end":{"line":140,"column":30}},"type":"binary-expr","locations":[{"start":{"line":140,"column":12},"end":{"line":140,"column":22}},{"start":{"line":140,"column":26},"end":{"line":140,"column":30}}],"line":140},"16":{"loc":{"start":{"line":144,"column":8},"end":{"line":146,"column":9}},"type":"if","locations":[{"start":{"line":144,"column":8},"end":{"line":146,"column":9}},{"start":{},"end":{}}],"line":144},"17":{"loc":{"start":{"line":144,"column":12},"end":{"line":144,"column":52}},"type":"binary-expr","locations":[{"start":{"line":144,"column":12},"end":{"line":144,"column":28}},{"start":{"line":144,"column":33},"end":{"line":144,"column":43}},{"start":{"line":144,"column":47},"end":{"line":144,"column":51}}],"line":144}},"s":{"0":0,"1":0,"2":0,"3":0,"4":0,"5":0,"6":0,"7":0,"8":0,"9":0,"10":0,"11":0,"12":0,"13":0,"14":0,"15":0,"16":0,"17":0,"18":0,"19":0,"20":0,"21":0,"22":0,"23":0,"24":0,"25":0,"26":0,"27":0,"28":0,"29":0,"30":0,"31":0,"32":0,"33":0,"34":0,"35":0,"36":0,"37":0,"38":0,"39":0,"40":0,"41":0,"42":0,"43":0,"44":0,"45":0,"46":0,"47":0,"48":0,"49":0,"50":0,"51":0,"52":0,"53":0,"54":0,"55":0},"f":{"0":0,"1":0,"2":0},"b":{"0":[0,0],"1":[0,0,0],"2":[0,0],"3":[0,0],"4":[0,0],"5":[0,0],"6":[0,0],"7":[0,0],"8":[0,0],"9":[0,0,0],"10":[0,0],"11":[0,0],"12":[0,0],"13":[0,0],"14":[0,0],"15":[0,0],"16":[0,0],"17":[0,0,0]}}
,"D:\\Bagas\\Hacktiv8\\FSJS\\phase2\\W3D2\\IP\\IP-RMT67\\server\\controllers\\VehicleController.js": {"path":"D:\\Bagas\\Hacktiv8\\FSJS\\phase2\\W3D2\\IP\\IP-RMT67\\server\\controllers\\VehicleController.js","statementMap":{"0":{"start":{"line":1,"column":15},"end":{"line":1,"column":35}},"1":{"start":{"line":2,"column":28},"end":{"line":2,"column":48}},"2":{"start":{"line":7,"column":4},"end":{"line":80,"column":5}},"3":{"start":{"line":17,"column":10},"end":{"line":17,"column":19}},"4":{"start":{"line":19,"column":20},"end":{"line":19,"column":52}},"5":{"start":{"line":20,"column":21},"end":{"line":20,"column":68}},"6":{"start":{"line":21,"column":21},"end":{"line":21,"column":41}},"7":{"start":{"line":23,"column":20},"end":{"line":23,"column":22}},"8":{"start":{"line":24,"column":6},"end":{"line":30,"column":7}},"9":{"start":{"line":25,"column":21},"end":{"line":25,"column":53}},"10":{"start":{"line":26,"column":21},"end":{"line":26,"column":61}},"11":{"start":{"line":27,"column":8},"end":{"line":29,"column":31}},"12":{"start":{"line":32,"column":6},"end":{"line":40,"column":7}},"13":{"start":{"line":33,"column":21},"end":{"line":33,"column":29}},"14":{"start":{"line":34,"column":8},"end":{"line":39,"column":10}},"15":{"start":{"line":42,"column":22},"end":{"line":49,"column":7}},"16":{"start":{"line":51,"column":23},"end":{"line":51,"column":75}},"17":{"start":{"line":52,"column":22},"end":{"line":52,"column":77}},"18":{"start":{"line":53,"column":24},"end":{"line":53,"column":78}},"19":{"start":{"line":55,"column":30},"end":{"line":61,"column":8}},"20":{"start":{"line":63,"column":6},"end":{"line":77,"column":9}},"21":{"start":{"line":79,"column":6},"end":{"line":79,"column":16}},"22":{"start":{"line":85,"column":4},"end":{"line":96,"column":5}},"23":{"start":{"line":86,"column":21},"end":{"line":86,"column":31}},"24":{"start":{"line":87,"column":20},"end":{"line":91,"column":8}},"25":{"start":{"line":92,"column":6},"end":{"line":92,"column":80}},"26":{"start":{"line":92,"column":18},"end":{"line":92,"column":80}},"27":{"start":{"line":93,"column":6},"end":{"line":93,"column":34}},"28":{"start":{"line":95,"column":6},"end":{"line":95,"column":16}},"29":{"start":{"line":100,"column":0},"end":{"line":100,"column":35}}},"fnMap":{"0":{"name":"(anonymous_0)","decl":{"start":{"line":6,"column":2},"end":{"line":6,"column":3}},"loc":{"start":{"line":6,"column":36},"end":{"line":81,"column":3}},"line":6},"1":{"name":"(anonymous_1)","decl":{"start":{"line":84,"column":2},"end":{"line":84,"column":3}},"loc":{"start":{"line":84,"column":38},"end":{"line":97,"column":3}},"line":84}},"branchMap":{"0":{"loc":{"start":{"line":9,"column":8},"end":{"line":9,"column":14}},"type":"default-arg","locations":[{"start":{"line":9,"column":12},"end":{"line":9,"column":14}}],"line":9},"1":{"loc":{"start":{"line":10,"column":8},"end":{"line":10,"column":17}},"type":"default-arg","locations":[{"start":{"line":10,"column":15},"end":{"line":10,"column":17}}],"line":10},"2":{"loc":{"start":{"line":11,"column":8},"end":{"line":11,"column":16}},"type":"default-arg","locations":[{"start":{"line":11,"column":14},"end":{"line":11,"column":16}}],"line":11},"3":{"loc":{"start":{"line":12,"column":8},"end":{"line":12,"column":16}},"type":"default-arg","locations":[{"start":{"line":12,"column":14},"end":{"line":12,"column":16}}],"line":12},"4":{"loc":{"start":{"line":13,"column":8},"end":{"line":13,"column":26}},"type":"default-arg","locations":[{"start":{"line":13,"column":15},"end":{"line":13,"column":26}}],"line":13},"5":{"loc":{"start":{"line":14,"column":8},"end":{"line":14,"column":22}},"type":"default-arg","locations":[{"start":{"line":14,"column":16},"end":{"line":14,"column":22}}],"line":14},"6":{"loc":{"start":{"line":15,"column":8},"end":{"line":15,"column":18}},"type":"default-arg","locations":[{"start":{"line":15,"column":15},"end":{"line":15,"column":18}}],"line":15},"7":{"loc":{"start":{"line":16,"column":8},"end":{"line":16,"column":19}},"type":"default-arg","locations":[{"start":{"line":16,"column":16},"end":{"line":16,"column":19}}],"line":16},"8":{"loc":{"start":{"line":19,"column":32},"end":{"line":19,"column":51}},"type":"binary-expr","locations":[{"start":{"line":19,"column":32},"end":{"line":19,"column":46}},{"start":{"line":19,"column":50},"end":{"line":19,"column":51}}],"line":19},"9":{"loc":{"start":{"line":20,"column":46},"end":{"line":20,"column":66}},"type":"binary-expr","locations":[{"start":{"line":20,"column":46},"end":{"line":20,"column":61}},{"start":{"line":20,"column":65},"end":{"line":20,"column":66}}],"line":20},"10":{"loc":{"start":{"line":24,"column":6},"end":{"line":30,"column":7}},"type":"if","locations":[{"start":{"line":24,"column":6},"end":{"line":30,"column":7}},{"start":{},"end":{}}],"line":24},"11":{"loc":{"start":{"line":24,"column":10},"end":{"line":24,"column":20}},"type":"binary-expr","locations":[{"start":{"line":24,"column":10},"end":{"line":24,"column":13}},{"start":{"line":24,"column":17},"end":{"line":24,"column":20}}],"line":24},"12":{"loc":{"start":{"line":25,"column":21},"end":{"line":25,"column":53}},"type":"cond-expr","locations":[{"start":{"line":25,"column":45},"end":{"line":25,"column":49}},{"start":{"line":25,"column":52},"end":{"line":25,"column":53}}],"line":25},"13":{"loc":{"start":{"line":26,"column":21},"end":{"line":26,"column":61}},"type":"cond-expr","locations":[{"start":{"line":26,"column":45},"end":{"line":26,"column":49}},{"start":{"line":26,"column":52},"end":{"line":26,"column":61}}],"line":26},"14":{"loc":{"start":{"line":27,"column":27},"end":{"line":29,"column":30}},"type":"cond-expr","locations":[{"start":{"line":28,"column":12},"end":{"line":28,"column":42}},{"start":{"line":29,"column":12},"end":{"line":29,"column":30}}],"line":27},"15":{"loc":{"start":{"line":32,"column":6},"end":{"line":40,"column":7}},"type":"if","locations":[{"start":{"line":32,"column":6},"end":{"line":40,"column":7}},{"start":{},"end":{}}],"line":32},"16":{"loc":{"start":{"line":46,"column":17},"end":{"line":46,"column":44}},"type":"cond-expr","locations":[{"start":{"line":46,"column":24},"end":{"line":46,"column":32}},{"start":{"line":46,"column":35},"end":{"line":46,"column":44}}],"line":46},"17":{"loc":{"start":{"line":52,"column":22},"end":{"line":52,"column":77}},"type":"cond-expr","locations":[{"start":{"line":52,"column":51},"end":{"line":52,"column":63}},{"start":{"line":52,"column":66},"end":{"line":52,"column":77}}],"line":52},"18":{"loc":{"start":{"line":53,"column":24},"end":{"line":53,"column":78}},"type":"cond-expr","locations":[{"start":{"line":53,"column":64},"end":{"line":53,"column":69}},{"start":{"line":53,"column":72},"end":{"line":53,"column":78}}],"line":53},"19":{"loc":{"start":{"line":92,"column":6},"end":{"line":92,"column":80}},"type":"if","locations":[{"start":{"line":92,"column":6},"end":{"line":92,"column":80}},{"start":{},"end":{}}],"line":92}},"s":{"0":0,"1":0,"2":0,"3":0,"4":0,"5":0,"6":0,"7":0,"8":0,"9":0,"10":0,"11":0,"12":0,"13":0,"14":0,"15":0,"16":0,"17":0,"18":0,"19":0,"20":0,"21":0,"22":0,"23":0,"24":0,"25":0,"26":0,"27":0,"28":0,"29":0},"f":{"0":0,"1":0},"b":{"0":[0],"1":[0],"2":[0],"3":[0],"4":[0],"5":[0],"6":[0],"7":[0],"8":[0,0],"9":[0,0],"10":[0,0],"11":[0,0],"12":[0,0],"13":[0,0],"14":[0,0],"15":[0,0],"16":[0,0],"17":[0,0],"18":[0,0],"19":[0,0]}}
,"D:\\Bagas\\Hacktiv8\\FSJS\\phase2\\W3D2\\IP\\IP-RMT67\\server\\helpers\\bcrypt.js": {"path":"D:\\Bagas\\Hacktiv8\\FSJS\\phase2\\W3D2\\IP\\IP-RMT67\\server\\helpers\\bcrypt.js","statementMap":{"0":{"start":{"line":1,"column":15},"end":{"line":1,"column":34}},"1":{"start":{"line":4,"column":15},"end":{"line":4,"column":37}},"2":{"start":{"line":5,"column":2},"end":{"line":5,"column":46}},"3":{"start":{"line":9,"column":2},"end":{"line":9,"column":59}},"4":{"start":{"line":12,"column":0},"end":{"line":12,"column":51}}},"fnMap":{"0":{"name":"hashPassword","decl":{"start":{"line":3,"column":9},"end":{"line":3,"column":21}},"loc":{"start":{"line":3,"column":37},"end":{"line":6,"column":1}},"line":3},"1":{"name":"comparePassword","decl":{"start":{"line":8,"column":9},"end":{"line":8,"column":24}},"loc":{"start":{"line":8,"column":56},"end":{"line":10,"column":1}},"line":8}},"branchMap":{},"s":{"0":1,"1":12,"2":12,"3":12,"4":1},"f":{"0":12,"1":12},"b":{},"_coverageSchema":"1a1c01bbd47fc00a2c39e90264f33305004495a9","hash":"f7850847628ebabbc1e55b330995d5ee9796fdc8"}
,"D:\\Bagas\\Hacktiv8\\FSJS\\phase2\\W3D2\\IP\\IP-RMT67\\server\\helpers\\cloudinary.js": {"path":"D:\\Bagas\\Hacktiv8\\FSJS\\phase2\\W3D2\\IP\\IP-RMT67\\server\\helpers\\cloudinary.js","statementMap":{"0":{"start":{"line":1,"column":19},"end":{"line":1,"column":43}},"1":{"start":{"line":2,"column":0},"end":{"line":2,"column":27}},"2":{"start":{"line":5,"column":0},"end":{"line":5,"column":36}},"3":{"start":{"line":7,"column":23},"end":{"line":7,"column":41}},"4":{"start":{"line":13,"column":2},"end":{"line":22,"column":5}},"5":{"start":{"line":14,"column":20},"end":{"line":14,"column":41}},"6":{"start":{"line":15,"column":4},"end":{"line":15,"column":49}},"7":{"start":{"line":15,"column":19},"end":{"line":15,"column":49}},"8":{"start":{"line":17,"column":19},"end":{"line":20,"column":6}},"9":{"start":{"line":18,"column":6},"end":{"line":18,"column":34}},"10":{"start":{"line":18,"column":15},"end":{"line":18,"column":34}},"11":{"start":{"line":19,"column":6},"end":{"line":19,"column":22}},"12":{"start":{"line":21,"column":4},"end":{"line":21,"column":23}},"13":{"start":{"line":26,"column":2},"end":{"line":26,"column":69}},"14":{"start":{"line":29,"column":0},"end":{"line":29,"column":80}}},"fnMap":{"0":{"name":"uploadBuffer","decl":{"start":{"line":9,"column":9},"end":{"line":9,"column":21}},"loc":{"start":{"line":12,"column":2},"end":{"line":23,"column":1}},"line":12},"1":{"name":"(anonymous_1)","decl":{"start":{"line":13,"column":21},"end":{"line":13,"column":22}},"loc":{"start":{"line":13,"column":42},"end":{"line":22,"column":3}},"line":13},"2":{"name":"(anonymous_2)","decl":{"start":{"line":17,"column":62},"end":{"line":17,"column":63}},"loc":{"start":{"line":17,"column":79},"end":{"line":20,"column":5}},"line":17},"3":{"name":"deleteByPublicId","decl":{"start":{"line":25,"column":9},"end":{"line":25,"column":25}},"loc":{"start":{"line":25,"column":36},"end":{"line":27,"column":1}},"line":25}},"branchMap":{"0":{"loc":{"start":{"line":11,"column":2},"end":{"line":11,"column":63}},"type":"default-arg","locations":[{"start":{"line":11,"column":61},"end":{"line":11,"column":63}}],"line":11},"1":{"loc":{"start":{"line":11,"column":4},"end":{"line":11,"column":27}},"type":"default-arg","locations":[{"start":{"line":11,"column":13},"end":{"line":11,"column":27}}],"line":11},"2":{"loc":{"start":{"line":11,"column":40},"end":{"line":11,"column":56}},"type":"default-arg","locations":[{"start":{"line":11,"column":52},"end":{"line":11,"column":56}}],"line":11},"3":{"loc":{"start":{"line":15,"column":4},"end":{"line":15,"column":49}},"type":"if","locations":[{"start":{"line":15,"column":4},"end":{"line":15,"column":49}},{"start":{},"end":{}}],"line":15},"4":{"loc":{"start":{"line":18,"column":6},"end":{"line":18,"column":34}},"type":"if","locations":[{"start":{"line":18,"column":6},"end":{"line":18,"column":34}},{"start":{},"end":{}}],"line":18}},"s":{"0":1,"1":1,"2":1,"3":1,"4":6,"5":6,"6":6,"7":1,"8":6,"9":6,"10":1,"11":5,"12":6,"13":3,"14":1},"f":{"0":6,"1":6,"2":6,"3":3},"b":{"0":[3],"1":[5],"2":[5],"3":[1,5],"4":[1,5]},"_coverageSchema":"1a1c01bbd47fc00a2c39e90264f33305004495a9","hash":"357d7f7c46a3582ae424a59eff192cb8d14b5b87"}
,"D:\\Bagas\\Hacktiv8\\FSJS\\phase2\\W3D2\\IP\\IP-RMT67\\server\\helpers\\errors.js": {"path":"D:\\Bagas\\Hacktiv8\\FSJS\\phase2\\W3D2\\IP\\IP-RMT67\\server\\helpers\\errors.js","statementMap":{"0":{"start":{"line":3,"column":4},"end":{"line":3,"column":19}},"1":{"start":{"line":4,"column":4},"end":{"line":4,"column":29}},"2":{"start":{"line":9,"column":4},"end":{"line":9,"column":19}},"3":{"start":{"line":10,"column":4},"end":{"line":10,"column":31}},"4":{"start":{"line":15,"column":4},"end":{"line":15,"column":19}},"5":{"start":{"line":16,"column":4},"end":{"line":16,"column":28}},"6":{"start":{"line":21,"column":4},"end":{"line":21,"column":19}},"7":{"start":{"line":22,"column":4},"end":{"line":22,"column":27}},"8":{"start":{"line":26,"column":0},"end":{"line":26,"column":67}}},"fnMap":{"0":{"name":"(anonymous_0)","decl":{"start":{"line":2,"column":2},"end":{"line":2,"column":3}},"loc":{"start":{"line":2,"column":39},"end":{"line":5,"column":3}},"line":2},"1":{"name":"(anonymous_1)","decl":{"start":{"line":8,"column":2},"end":{"line":8,"column":3}},"loc":{"start":{"line":8,"column":40},"end":{"line":11,"column":3}},"line":8},"2":{"name":"(anonymous_2)","decl":{"start":{"line":14,"column":2},"end":{"line":14,"column":3}},"loc":{"start":{"line":14,"column":37},"end":{"line":17,"column":3}},"line":14},"3":{"name":"(anonymous_3)","decl":{"start":{"line":20,"column":2},"end":{"line":20,"column":3}},"loc":{"start":{"line":20,"column":37},"end":{"line":23,"column":3}},"line":20}},"branchMap":{"0":{"loc":{"start":{"line":2,"column":14},"end":{"line":2,"column":37}},"type":"default-arg","locations":[{"start":{"line":2,"column":24},"end":{"line":2,"column":37}}],"line":2},"1":{"loc":{"start":{"line":8,"column":14},"end":{"line":8,"column":38}},"type":"default-arg","locations":[{"start":{"line":8,"column":24},"end":{"line":8,"column":38}}],"line":8},"2":{"loc":{"start":{"line":14,"column":14},"end":{"line":14,"column":35}},"type":"default-arg","locations":[{"start":{"line":14,"column":24},"end":{"line":14,"column":35}}],"line":14},"3":{"loc":{"start":{"line":20,"column":14},"end":{"line":20,"column":35}},"type":"default-arg","locations":[{"start":{"line":20,"column":24},"end":{"line":20,"column":35}}],"line":20}},"s":{"0":5,"1":5,"2":5,"3":5,"4":5,"5":5,"6":5,"7":5,"8":1},"f":{"0":5,"1":5,"2":5,"3":5},"b":{"0":[3],"1":[3],"2":[3],"3":[3]},"_coverageSchema":"1a1c01bbd47fc00a2c39e90264f33305004495a9","hash":"b2c2cd2bf78c43123f4605af1d899d5618568c5a"}
,"D:\\Bagas\\Hacktiv8\\FSJS\\phase2\\W3D2\\IP\\IP-RMT67\\server\\helpers\\gemini.js": {"path":"D:\\Bagas\\Hacktiv8\\FSJS\\phase2\\W3D2\\IP\\IP-RMT67\\server\\helpers\\gemini.js","statementMap":{"0":{"start":{"line":1,"column":31},"end":{"line":1,"column":63}},"1":{"start":{"line":4,"column":15},"end":{"line":4,"column":41}},"2":{"start":{"line":5,"column":19},"end":{"line":5,"column":52}},"3":{"start":{"line":7,"column":0},"end":{"line":9,"column":1}},"4":{"start":{"line":8,"column":2},"end":{"line":8,"column":73}},"5":{"start":{"line":11,"column":12},"end":{"line":11,"column":16}},"6":{"start":{"line":12,"column":12},"end":{"line":12,"column":16}},"7":{"start":{"line":13,"column":19},"end":{"line":13,"column":37}},"8":{"start":{"line":15,"column":0},"end":{"line":18,"column":1}},"9":{"start":{"line":16,"column":2},"end":{"line":16,"column":41}},"10":{"start":{"line":17,"column":2},"end":{"line":17,"column":58}},"11":{"start":{"line":29,"column":2},"end":{"line":55,"column":9}},"12":{"start":{"line":68,"column":2},"end":{"line":77,"column":3}},"13":{"start":{"line":69,"column":4},"end":{"line":76,"column":6}},"14":{"start":{"line":79,"column":17},"end":{"line":79,"column":46}},"15":{"start":{"line":81,"column":2},"end":{"line":195,"column":3}},"16":{"start":{"line":83,"column":19},"end":{"line":87,"column":6}},"17":{"start":{"line":89,"column":15},"end":{"line":89,"column":49}},"18":{"start":{"line":92,"column":4},"end":{"line":92,"column":23}},"19":{"start":{"line":94,"column":4},"end":{"line":98,"column":5}},"20":{"start":{"line":95,"column":6},"end":{"line":95,"column":68}},"21":{"start":{"line":96,"column":11},"end":{"line":98,"column":5}},"22":{"start":{"line":97,"column":6},"end":{"line":97,"column":64}},"23":{"start":{"line":102,"column":4},"end":{"line":107,"column":5}},"24":{"start":{"line":103,"column":6},"end":{"line":103,"column":32}},"25":{"start":{"line":105,"column":6},"end":{"line":105,"column":80}},"26":{"start":{"line":106,"column":6},"end":{"line":106,"column":78}},"27":{"start":{"line":110,"column":4},"end":{"line":113,"column":5}},"28":{"start":{"line":111,"column":6},"end":{"line":111,"column":64}},"29":{"start":{"line":112,"column":6},"end":{"line":112,"column":56}},"30":{"start":{"line":116,"column":23},"end":{"line":127,"column":5}},"31":{"start":{"line":130,"column":4},"end":{"line":137,"column":7}},"32":{"start":{"line":139,"column":4},"end":{"line":139,"column":22}},"33":{"start":{"line":142,"column":4},"end":{"line":147,"column":7}},"34":{"start":{"line":152,"column":6},"end":{"line":165,"column":56}},"35":{"start":{"line":168,"column":4},"end":{"line":173,"column":5}},"36":{"start":{"line":169,"column":6},"end":{"line":169,"column":66}},"37":{"start":{"line":170,"column":22},"end":{"line":170,"column":87}},"38":{"start":{"line":171,"column":6},"end":{"line":171,"column":32}},"39":{"start":{"line":172,"column":6},"end":{"line":172,"column":20}},"40":{"start":{"line":176,"column":23},"end":{"line":176,"column":51}},"41":{"start":{"line":177,"column":4},"end":{"line":183,"column":5}},"42":{"start":{"line":178,"column":6},"end":{"line":178,"column":125}},"43":{"start":{"line":179,"column":11},"end":{"line":183,"column":5}},"44":{"start":{"line":180,"column":6},"end":{"line":180,"column":113}},"45":{"start":{"line":181,"column":11},"end":{"line":183,"column":5}},"46":{"start":{"line":182,"column":6},"end":{"line":182,"column":94}},"47":{"start":{"line":186,"column":4},"end":{"line":186,"column":73}},"48":{"start":{"line":187,"column":4},"end":{"line":194,"column":6}},"49":{"start":{"line":205,"column":2},"end":{"line":207,"column":3}},"50":{"start":{"line":206,"column":4},"end":{"line":206,"column":36}},"51":{"start":{"line":209,"column":2},"end":{"line":211,"column":3}},"52":{"start":{"line":210,"column":4},"end":{"line":210,"column":75}},"53":{"start":{"line":213,"column":2},"end":{"line":253,"column":3}},"54":{"start":{"line":215,"column":19},"end":{"line":215,"column":58}},"55":{"start":{"line":217,"column":17},"end":{"line":217,"column":49}},"56":{"start":{"line":218,"column":4},"end":{"line":218,"column":20}},"57":{"start":{"line":221,"column":4},"end":{"line":226,"column":7}},"58":{"start":{"line":230,"column":6},"end":{"line":243,"column":56}},"59":{"start":{"line":245,"column":4},"end":{"line":250,"column":5}},"60":{"start":{"line":246,"column":6},"end":{"line":246,"column":74}},"61":{"start":{"line":247,"column":22},"end":{"line":247,"column":87}},"62":{"start":{"line":248,"column":6},"end":{"line":248,"column":32}},"63":{"start":{"line":249,"column":6},"end":{"line":249,"column":20}},"64":{"start":{"line":252,"column":4},"end":{"line":252,"column":12}},"65":{"start":{"line":256,"column":0},"end":{"line":256,"column":59}}},"fnMap":{"0":{"name":"buildSystemPrompt","decl":{"start":{"line":27,"column":9},"end":{"line":27,"column":26}},"loc":{"start":{"line":27,"column":39},"end":{"line":56,"column":1}},"line":27},"1":{"name":"analyzePrompt","decl":{"start":{"line":66,"column":15},"end":{"line":66,"column":28}},"loc":{"start":{"line":66,"column":41},"end":{"line":196,"column":1}},"line":66},"2":{"name":"pingGemini","decl":{"start":{"line":203,"column":15},"end":{"line":203,"column":25}},"loc":{"start":{"line":203,"column":59},"end":{"line":254,"column":1}},"line":203}},"branchMap":{"0":{"loc":{"start":{"line":7,"column":0},"end":{"line":9,"column":1}},"type":"if","locations":[{"start":{"line":7,"column":0},"end":{"line":9,"column":1}},{"start":{},"end":{}}],"line":7},"1":{"loc":{"start":{"line":7,"column":4},"end":{"line":7,"column":26}},"type":"binary-expr","locations":[{"start":{"line":7,"column":4},"end":{"line":7,"column":11}},{"start":{"line":7,"column":15},"end":{"line":7,"column":26}}],"line":7},"2":{"loc":{"start":{"line":15,"column":0},"end":{"line":18,"column":1}},"type":"if","locations":[{"start":{"line":15,"column":0},"end":{"line":18,"column":1}},{"start":{},"end":{}}],"line":15},"3":{"loc":{"start":{"line":15,"column":4},"end":{"line":15,"column":25}},"type":"binary-expr","locations":[{"start":{"line":15,"column":4},"end":{"line":15,"column":15}},{"start":{"line":15,"column":19},"end":{"line":15,"column":25}}],"line":15},"4":{"loc":{"start":{"line":68,"column":2},"end":{"line":77,"column":3}},"type":"if","locations":[{"start":{"line":68,"column":2},"end":{"line":77,"column":3}},{"start":{},"end":{}}],"line":68},"5":{"loc":{"start":{"line":89,"column":15},"end":{"line":89,"column":49}},"type":"binary-expr","locations":[{"start":{"line":89,"column":15},"end":{"line":89,"column":41}},{"start":{"line":89,"column":45},"end":{"line":89,"column":49}}],"line":89},"6":{"loc":{"start":{"line":94,"column":4},"end":{"line":98,"column":5}},"type":"if","locations":[{"start":{"line":94,"column":4},"end":{"line":98,"column":5}},{"start":{"line":96,"column":11},"end":{"line":98,"column":5}}],"line":94},"7":{"loc":{"start":{"line":96,"column":11},"end":{"line":98,"column":5}},"type":"if","locations":[{"start":{"line":96,"column":11},"end":{"line":98,"column":5}},{"start":{},"end":{}}],"line":96},"8":{"loc":{"start":{"line":110,"column":4},"end":{"line":113,"column":5}},"type":"if","locations":[{"start":{"line":110,"column":4},"end":{"line":113,"column":5}},{"start":{},"end":{}}],"line":110},"9":{"loc":{"start":{"line":110,"column":8},"end":{"line":110,"column":53}},"type":"binary-expr","locations":[{"start":{"line":110,"column":8},"end":{"line":110,"column":34}},{"start":{"line":110,"column":38},"end":{"line":110,"column":53}}],"line":110},"10":{"loc":{"start":{"line":117,"column":18},"end":{"line":117,"column":43}},"type":"binary-expr","locations":[{"start":{"line":117,"column":18},"end":{"line":117,"column":35}},{"start":{"line":117,"column":39},"end":{"line":117,"column":43}}],"line":117},"11":{"loc":{"start":{"line":118,"column":12},"end":{"line":118,"column":31}},"type":"binary-expr","locations":[{"start":{"line":118,"column":12},"end":{"line":118,"column":23}},{"start":{"line":118,"column":27},"end":{"line":118,"column":31}}],"line":118},"12":{"loc":{"start":{"line":119,"column":12},"end":{"line":119,"column":31}},"type":"binary-expr","locations":[{"start":{"line":119,"column":12},"end":{"line":119,"column":23}},{"start":{"line":119,"column":27},"end":{"line":119,"column":31}}],"line":119},"13":{"loc":{"start":{"line":120,"column":14},"end":{"line":120,"column":35}},"type":"binary-expr","locations":[{"start":{"line":120,"column":14},"end":{"line":120,"column":27}},{"start":{"line":120,"column":31},"end":{"line":120,"column":35}}],"line":120},"14":{"loc":{"start":{"line":121,"column":12},"end":{"line":121,"column":31}},"type":"binary-expr","locations":[{"start":{"line":121,"column":12},"end":{"line":121,"column":23}},{"start":{"line":121,"column":27},"end":{"line":121,"column":31}}],"line":121},"15":{"loc":{"start":{"line":123,"column":13},"end":{"line":123,"column":45}},"type":"binary-expr","locations":[{"start":{"line":123,"column":13},"end":{"line":123,"column":37}},{"start":{"line":123,"column":41},"end":{"line":123,"column":45}}],"line":123},"16":{"loc":{"start":{"line":124,"column":13},"end":{"line":124,"column":45}},"type":"binary-expr","locations":[{"start":{"line":124,"column":13},"end":{"line":124,"column":37}},{"start":{"line":124,"column":41},"end":{"line":124,"column":45}}],"line":124},"17":{"loc":{"start":{"line":126,"column":13},"end":{"line":126,"column":80}},"type":"binary-expr","locations":[{"start":{"line":126,"column":13},"end":{"line":126,"column":25}},{"start":{"line":126,"column":29},"end":{"line":126,"column":80}}],"line":126},"18":{"loc":{"start":{"line":152,"column":6},"end":{"line":165,"column":56}},"type":"binary-expr","locations":[{"start":{"line":152,"column":6},"end":{"line":152,"column":60}},{"start":{"line":153,"column":6},"end":{"line":153,"column":62}},{"start":{"line":154,"column":6},"end":{"line":154,"column":43}},{"start":{"line":155,"column":6},"end":{"line":155,"column":42}},{"start":{"line":156,"column":6},"end":{"line":156,"column":30}},{"start":{"line":157,"column":7},"end":{"line":157,"column":20}},{"start":{"line":157,"column":24},"end":{"line":157,"column":72}},{"start":{"line":159,"column":7},"end":{"line":159,"column":13}},{"start":{"line":159,"column":18},"end":{"line":159,"column":32}},{"start":{"line":159,"column":36},"end":{"line":159,"column":50}},{"start":{"line":159,"column":54},"end":{"line":159,"column":68}},{"start":{"line":159,"column":72},"end":{"line":159,"column":86}},{"start":{"line":159,"column":90},"end":{"line":159,"column":104}},{"start":{"line":159,"column":108},"end":{"line":159,"column":121}},{"start":{"line":161,"column":6},"end":{"line":161,"column":50}},{"start":{"line":162,"column":6},"end":{"line":162,"column":48}},{"start":{"line":163,"column":6},"end":{"line":163,"column":53}},{"start":{"line":164,"column":6},"end":{"line":164,"column":58}},{"start":{"line":165,"column":6},"end":{"line":165,"column":56}}],"line":152},"19":{"loc":{"start":{"line":168,"column":4},"end":{"line":173,"column":5}},"type":"if","locations":[{"start":{"line":168,"column":4},"end":{"line":173,"column":5}},{"start":{},"end":{}}],"line":168},"20":{"loc":{"start":{"line":170,"column":45},"end":{"line":170,"column":84}},"type":"binary-expr","locations":[{"start":{"line":170,"column":45},"end":{"line":170,"column":54}},{"start":{"line":170,"column":58},"end":{"line":170,"column":84}}],"line":170},"21":{"loc":{"start":{"line":176,"column":23},"end":{"line":176,"column":51}},"type":"binary-expr","locations":[{"start":{"line":176,"column":23},"end":{"line":176,"column":32}},{"start":{"line":176,"column":36},"end":{"line":176,"column":51}}],"line":176},"22":{"loc":{"start":{"line":177,"column":4},"end":{"line":183,"column":5}},"type":"if","locations":[{"start":{"line":177,"column":4},"end":{"line":183,"column":5}},{"start":{"line":179,"column":11},"end":{"line":183,"column":5}}],"line":177},"23":{"loc":{"start":{"line":177,"column":8},"end":{"line":177,"column":119}},"type":"binary-expr","locations":[{"start":{"line":177,"column":8},"end":{"line":177,"column":40}},{"start":{"line":177,"column":44},"end":{"line":177,"column":76}},{"start":{"line":177,"column":80},"end":{"line":177,"column":119}}],"line":177},"24":{"loc":{"start":{"line":179,"column":11},"end":{"line":183,"column":5}},"type":"if","locations":[{"start":{"line":179,"column":11},"end":{"line":183,"column":5}},{"start":{"line":181,"column":11},"end":{"line":183,"column":5}}],"line":179},"25":{"loc":{"start":{"line":179,"column":15},"end":{"line":179,"column":125}},"type":"binary-expr","locations":[{"start":{"line":179,"column":15},"end":{"line":179,"column":48}},{"start":{"line":179,"column":52},"end":{"line":179,"column":84}},{"start":{"line":179,"column":88},"end":{"line":179,"column":125}}],"line":179},"26":{"loc":{"start":{"line":181,"column":11},"end":{"line":183,"column":5}},"type":"if","locations":[{"start":{"line":181,"column":11},"end":{"line":183,"column":5}},{"start":{},"end":{}}],"line":181},"27":{"loc":{"start":{"line":181,"column":15},"end":{"line":181,"column":78}},"type":"binary-expr","locations":[{"start":{"line":181,"column":15},"end":{"line":181,"column":44}},{"start":{"line":181,"column":48},"end":{"line":181,"column":78}}],"line":181},"28":{"loc":{"start":{"line":193,"column":71},"end":{"line":193,"column":109}},"type":"cond-expr","locations":[{"start":{"line":193,"column":99},"end":{"line":193,"column":104}},{"start":{"line":193,"column":107},"end":{"line":193,"column":109}}],"line":193},"29":{"loc":{"start":{"line":203,"column":26},"end":{"line":203,"column":57}},"type":"default-arg","locations":[{"start":{"line":203,"column":39},"end":{"line":203,"column":57}}],"line":203},"30":{"loc":{"start":{"line":205,"column":2},"end":{"line":207,"column":3}},"type":"if","locations":[{"start":{"line":205,"column":2},"end":{"line":207,"column":3}},{"start":{},"end":{}}],"line":205},"31":{"loc":{"start":{"line":209,"column":2},"end":{"line":211,"column":3}},"type":"if","locations":[{"start":{"line":209,"column":2},"end":{"line":211,"column":3}},{"start":{},"end":{}}],"line":209},"32":{"loc":{"start":{"line":217,"column":17},"end":{"line":217,"column":49}},"type":"binary-expr","locations":[{"start":{"line":217,"column":17},"end":{"line":217,"column":43}},{"start":{"line":217,"column":47},"end":{"line":217,"column":49}}],"line":217},"33":{"loc":{"start":{"line":230,"column":6},"end":{"line":243,"column":56}},"type":"binary-expr","locations":[{"start":{"line":230,"column":6},"end":{"line":230,"column":60}},{"start":{"line":231,"column":6},"end":{"line":231,"column":62}},{"start":{"line":232,"column":6},"end":{"line":232,"column":43}},{"start":{"line":233,"column":6},"end":{"line":233,"column":42}},{"start":{"line":234,"column":6},"end":{"line":234,"column":30}},{"start":{"line":235,"column":7},"end":{"line":235,"column":20}},{"start":{"line":235,"column":24},"end":{"line":235,"column":72}},{"start":{"line":237,"column":7},"end":{"line":237,"column":13}},{"start":{"line":237,"column":18},"end":{"line":237,"column":32}},{"start":{"line":237,"column":36},"end":{"line":237,"column":50}},{"start":{"line":237,"column":54},"end":{"line":237,"column":68}},{"start":{"line":237,"column":72},"end":{"line":237,"column":86}},{"start":{"line":237,"column":90},"end":{"line":237,"column":104}},{"start":{"line":237,"column":108},"end":{"line":237,"column":121}},{"start":{"line":239,"column":6},"end":{"line":239,"column":50}},{"start":{"line":240,"column":6},"end":{"line":240,"column":48}},{"start":{"line":241,"column":6},"end":{"line":241,"column":53}},{"start":{"line":242,"column":6},"end":{"line":242,"column":58}},{"start":{"line":243,"column":6},"end":{"line":243,"column":56}}],"line":230},"34":{"loc":{"start":{"line":245,"column":4},"end":{"line":250,"column":5}},"type":"if","locations":[{"start":{"line":245,"column":4},"end":{"line":250,"column":5}},{"start":{},"end":{}}],"line":245},"35":{"loc":{"start":{"line":247,"column":45},"end":{"line":247,"column":84}},"type":"binary-expr","locations":[{"start":{"line":247,"column":45},"end":{"line":247,"column":54}},{"start":{"line":247,"column":58},"end":{"line":247,"column":84}}],"line":247}},"s":{"0":1,"1":1,"2":1,"3":1,"4":0,"5":1,"6":1,"7":1,"8":1,"9":0,"10":0,"11":0,"12":0,"13":0,"14":0,"15":0,"16":0,"17":0,"18":0,"19":0,"20":0,"21":0,"22":0,"23":0,"24":0,"25":0,"26":0,"27":0,"28":0,"29":0,"30":0,"31":0,"32":0,"33":0,"34":0,"35":0,"36":0,"37":0,"38":0,"39":0,"40":0,"41":0,"42":0,"43":0,"44":0,"45":0,"46":0,"47":0,"48":0,"49":0,"50":0,"51":0,"52":0,"53":0,"54":0,"55":0,"56":0,"57":0,"58":0,"59":0,"60":0,"61":0,"62":0,"63":0,"64":0,"65":1},"f":{"0":0,"1":0,"2":0},"b":{"0":[0,1],"1":[1,1],"2":[0,1],"3":[1,0],"4":[0,0],"5":[0,0],"6":[0,0],"7":[0,0],"8":[0,0],"9":[0,0],"10":[0,0],"11":[0,0],"12":[0,0],"13":[0,0],"14":[0,0],"15":[0,0],"16":[0,0],"17":[0,0],"18":[0,0,0,0,0,0,0,0,0,0,0,0,0,0,0,0,0,0,0],"19":[0,0],"20":[0,0],"21":[0,0],"22":[0,0],"23":[0,0,0],"24":[0,0],"25":[0,0,0],"26":[0,0],"27":[0,0],"28":[0,0],"29":[0],"30":[0,0],"31":[0,0],"32":[0,0],"33":[0,0,0,0,0,0,0,0,0,0,0,0,0,0,0,0,0,0,0],"34":[0,0],"35":[0,0]},"_coverageSchema":"1a1c01bbd47fc00a2c39e90264f33305004495a9","hash":"e2ffe36847f1e0e9fb1373b0cd5e1e9687992d83"}
,"D:\\Bagas\\Hacktiv8\\FSJS\\phase2\\W3D2\\IP\\IP-RMT67\\server\\helpers\\jwt.js": {"path":"D:\\Bagas\\Hacktiv8\\FSJS\\phase2\\W3D2\\IP\\IP-RMT67\\server\\helpers\\jwt.js","statementMap":{"0":{"start":{"line":1,"column":12},"end":{"line":1,"column":35}},"1":{"start":{"line":3,"column":19},"end":{"line":3,"column":46}},"2":{"start":{"line":6,"column":2},"end":{"line":6,"column":39}},"3":{"start":{"line":10,"column":2},"end":{"line":10,"column":39}},"4":{"start":{"line":13,"column":0},"end":{"line":13,"column":44}}},"fnMap":{"0":{"name":"signToken","decl":{"start":{"line":5,"column":9},"end":{"line":5,"column":18}},"loc":{"start":{"line":5,"column":28},"end":{"line":7,"column":1}},"line":5},"1":{"name":"verifyToken","decl":{"start":{"line":9,"column":9},"end":{"line":9,"column":20}},"loc":{"start":{"line":9,"column":28},"end":{"line":11,"column":1}},"line":9}},"branchMap":{},"s":{"0":2,"1":2,"2":10,"3":7,"4":2},"f":{"0":10,"1":7},"b":{},"_coverageSchema":"1a1c01bbd47fc00a2c39e90264f33305004495a9","hash":"4d6095c0e73d8082a0e001d139582e32d269616c"}
,"D:\\Bagas\\Hacktiv8\\FSJS\\phase2\\W3D2\\IP\\IP-RMT67\\server\\middleware\\authentication.js": {"path":"D:\\Bagas\\Hacktiv8\\FSJS\\phase2\\W3D2\\IP\\IP-RMT67\\server\\middleware\\authentication.js","statementMap":{"0":{"start":{"line":2,"column":17},"end":{"line":2,"column":37}},"1":{"start":{"line":3,"column":24},"end":{"line":3,"column":49}},"2":{"start":{"line":5,"column":0},"end":{"line":30,"column":2}},"3":{"start":{"line":6,"column":2},"end":{"line":29,"column":3}},"4":{"start":{"line":7,"column":17},"end":{"line":7,"column":48}},"5":{"start":{"line":8,"column":22},"end":{"line":8,"column":37}},"6":{"start":{"line":9,"column":4},"end":{"line":9,"column":73}},"7":{"start":{"line":9,"column":16},"end":{"line":9,"column":73}},"8":{"start":{"line":11,"column":20},"end":{"line":11,"column":38}},"9":{"start":{"line":12,"column":17},"end":{"line":14,"column":6}},"10":{"start":{"line":15,"column":4},"end":{"line":15,"column":72}},"11":{"start":{"line":15,"column":15},"end":{"line":15,"column":72}},"12":{"start":{"line":17,"column":4},"end":{"line":22,"column":6}},"13":{"start":{"line":23,"column":4},"end":{"line":23,"column":11}},"14":{"start":{"line":25,"column":4},"end":{"line":27,"column":5}},"15":{"start":{"line":26,"column":6},"end":{"line":26,"column":81}},"16":{"start":{"line":28,"column":4},"end":{"line":28,"column":14}}},"fnMap":{"0":{"name":"authentication","decl":{"start":{"line":5,"column":32},"end":{"line":5,"column":46}},"loc":{"start":{"line":5,"column":63},"end":{"line":30,"column":1}},"line":5}},"branchMap":{"0":{"loc":{"start":{"line":7,"column":17},"end":{"line":7,"column":48}},"type":"binary-expr","locations":[{"start":{"line":7,"column":17},"end":{"line":7,"column":42}},{"start":{"line":7,"column":46},"end":{"line":7,"column":48}}],"line":7},"1":{"loc":{"start":{"line":9,"column":4},"end":{"line":9,"column":73}},"type":"if","locations":[{"start":{"line":9,"column":4},"end":{"line":9,"column":73}},{"start":{},"end":{}}],"line":9},"2":{"loc":{"start":{"line":15,"column":4},"end":{"line":15,"column":72}},"type":"if","locations":[{"start":{"line":15,"column":4},"end":{"line":15,"column":72}},{"start":{},"end":{}}],"line":15},"3":{"loc":{"start":{"line":25,"column":4},"end":{"line":27,"column":5}},"type":"if","locations":[{"start":{"line":25,"column":4},"end":{"line":27,"column":5}},{"start":{},"end":{}}],"line":25},"4":{"loc":{"start":{"line":25,"column":8},"end":{"line":25,"column":76}},"type":"binary-expr","locations":[{"start":{"line":25,"column":8},"end":{"line":25,"column":40}},{"start":{"line":25,"column":44},"end":{"line":25,"column":76}}],"line":25}},"s":{"0":1,"1":1,"2":1,"3":10,"4":10,"5":10,"6":10,"7":5,"8":5,"9":3,"10":2,"11":1,"12":1,"13":1,"14":3,"15":2,"16":1},"f":{"0":10},"b":{"0":[10,3],"1":[5,5],"2":[1,1],"3":[2,1],"4":[3,2]},"_coverageSchema":"1a1c01bbd47fc00a2c39e90264f33305004495a9","hash":"4f316d17555565da04f941a9100aee3e9f023a88"}
,"D:\\Bagas\\Hacktiv8\\FSJS\\phase2\\W3D2\\IP\\IP-RMT67\\server\\middleware\\authorization.js": {"path":"D:\\Bagas\\Hacktiv8\\FSJS\\phase2\\W3D2\\IP\\IP-RMT67\\server\\middleware\\authorization.js","statementMap":{"0":{"start":{"line":1,"column":20},"end":{"line":1,"column":40}},"1":{"start":{"line":4,"column":2},"end":{"line":18,"column":3}},"2":{"start":{"line":5,"column":19},"end":{"line":5,"column":29}},"3":{"start":{"line":6,"column":20},"end":{"line":6,"column":46}},"4":{"start":{"line":7,"column":4},"end":{"line":7,"column":80}},"5":{"start":{"line":7,"column":18},"end":{"line":7,"column":80}},"6":{"start":{"line":9,"column":20},"end":{"line":9,"column":50}},"7":{"start":{"line":10,"column":20},"end":{"line":10,"column":45}},"8":{"start":{"line":11,"column":4},"end":{"line":12,"column":60}},"9":{"start":{"line":12,"column":6},"end":{"line":12,"column":60}},"10":{"start":{"line":14,"column":4},"end":{"line":14,"column":26}},"11":{"start":{"line":15,"column":4},"end":{"line":15,"column":11}},"12":{"start":{"line":17,"column":4},"end":{"line":17,"column":14}},"13":{"start":{"line":22,"column":2},"end":{"line":23,"column":59}},"14":{"start":{"line":23,"column":4},"end":{"line":23,"column":59}},"15":{"start":{"line":24,"column":2},"end":{"line":24,"column":9}},"16":{"start":{"line":27,"column":0},"end":{"line":27,"column":49}}},"fnMap":{"0":{"name":"canManageBooking","decl":{"start":{"line":3,"column":15},"end":{"line":3,"column":31}},"loc":{"start":{"line":3,"column":48},"end":{"line":19,"column":1}},"line":3},"1":{"name":"adminOnly","decl":{"start":{"line":21,"column":9},"end":{"line":21,"column":18}},"loc":{"start":{"line":21,"column":35},"end":{"line":25,"column":1}},"line":21}},"branchMap":{"0":{"loc":{"start":{"line":7,"column":4},"end":{"line":7,"column":80}},"type":"if","locations":[{"start":{"line":7,"column":4},"end":{"line":7,"column":80}},{"start":{},"end":{}}],"line":7},"1":{"loc":{"start":{"line":11,"column":4},"end":{"line":12,"column":60}},"type":"if","locations":[{"start":{"line":11,"column":4},"end":{"line":12,"column":60}},{"start":{},"end":{}}],"line":11},"2":{"loc":{"start":{"line":11,"column":8},"end":{"line":11,"column":28}},"type":"binary-expr","locations":[{"start":{"line":11,"column":8},"end":{"line":11,"column":16}},{"start":{"line":11,"column":20},"end":{"line":11,"column":28}}],"line":11},"3":{"loc":{"start":{"line":22,"column":2},"end":{"line":23,"column":59}},"type":"if","locations":[{"start":{"line":22,"column":2},"end":{"line":23,"column":59}},{"start":{},"end":{}}],"line":22}},"s":{"0":1,"1":5,"2":5,"3":5,"4":4,"5":1,"6":3,"7":3,"8":3,"9":1,"10":2,"11":2,"12":1,"13":4,"14":3,"15":1,"16":1},"f":{"0":5,"1":4},"b":{"0":[1,3],"1":[1,2],"2":[3,2],"3":[3,1]},"_coverageSchema":"1a1c01bbd47fc00a2c39e90264f33305004495a9","hash":"b119fa8313f6550106c417ff56d5f35e9f22daa5"}
,"D:\\Bagas\\Hacktiv8\\FSJS\\phase2\\W3D2\\IP\\IP-RMT67\\server\\middleware\\errorHandler.js": {"path":"D:\\Bagas\\Hacktiv8\\FSJS\\phase2\\W3D2\\IP\\IP-RMT67\\server\\middleware\\errorHandler.js","statementMap":{"0":{"start":{"line":2,"column":2},"end":{"line":14,"column":3}},"1":{"start":{"line":3,"column":21},"end":{"line":3,"column":23}},"2":{"start":{"line":4,"column":4},"end":{"line":8,"column":5}},"3":{"start":{"line":5,"column":6},"end":{"line":7,"column":7}},"4":{"start":{"line":6,"column":8},"end":{"line":6,"column":59}},"5":{"start":{"line":10,"column":4},"end":{"line":12,"column":5}},"6":{"start":{"line":11,"column":6},"end":{"line":11,"column":33}},"7":{"start":{"line":13,"column":4},"end":{"line":13,"column":49}},"8":{"start":{"line":15,"column":2},"end":{"line":15,"column":14}},"9":{"start":{"line":18,"column":0},"end":{"line":42,"column":2}},"10":{"start":{"line":19,"column":16},"end":{"line":19,"column":53}},"11":{"start":{"line":21,"column":14},"end":{"line":26,"column":3}},"12":{"start":{"line":28,"column":15},"end":{"line":28,"column":36}},"13":{"start":{"line":29,"column":16},"end":{"line":29,"column":55}},"14":{"start":{"line":31,"column":17},"end":{"line":31,"column":36}},"15":{"start":{"line":32,"column":2},"end":{"line":35,"column":3}},"16":{"start":{"line":33,"column":4},"end":{"line":33,"column":43}},"17":{"start":{"line":34,"column":4},"end":{"line":34,"column":21}},"18":{"start":{"line":37,"column":2},"end":{"line":39,"column":3}},"19":{"start":{"line":38,"column":4},"end":{"line":38,"column":31}},"20":{"start":{"line":41,"column":2},"end":{"line":41,"column":39}}},"fnMap":{"0":{"name":"parseSequelize","decl":{"start":{"line":1,"column":9},"end":{"line":1,"column":23}},"loc":{"start":{"line":1,"column":29},"end":{"line":16,"column":1}},"line":1},"1":{"name":"errorHandler","decl":{"start":{"line":18,"column":26},"end":{"line":18,"column":38}},"loc":{"start":{"line":18,"column":60},"end":{"line":42,"column":1}},"line":18}},"branchMap":{"0":{"loc":{"start":{"line":2,"column":2},"end":{"line":14,"column":3}},"type":"if","locations":[{"start":{"line":2,"column":2},"end":{"line":14,"column":3}},{"start":{},"end":{}}],"line":2},"1":{"loc":{"start":{"line":4,"column":4},"end":{"line":8,"column":5}},"type":"if","locations":[{"start":{"line":4,"column":4},"end":{"line":8,"column":5}},{"start":{},"end":{}}],"line":4},"2":{"loc":{"start":{"line":6,"column":22},"end":{"line":6,"column":57}},"type":"binary-expr","locations":[{"start":{"line":6,"column":22},"end":{"line":6,"column":31}},{"start":{"line":6,"column":35},"end":{"line":6,"column":57}}],"line":6},"3":{"loc":{"start":{"line":10,"column":4},"end":{"line":12,"column":5}},"type":"if","locations":[{"start":{"line":10,"column":4},"end":{"line":12,"column":5}},{"start":{},"end":{}}],"line":10},"4":{"loc":{"start":{"line":10,"column":8},"end":{"line":10,"column":44}},"type":"binary-expr","locations":[{"start":{"line":10,"column":8},"end":{"line":10,"column":29}},{"start":{"line":10,"column":33},"end":{"line":10,"column":44}}],"line":10},"5":{"loc":{"start":{"line":13,"column":11},"end":{"line":13,"column":48}},"type":"binary-expr","locations":[{"start":{"line":13,"column":11},"end":{"line":13,"column":30}},{"start":{"line":13,"column":34},"end":{"line":13,"column":48}}],"line":13},"6":{"loc":{"start":{"line":28,"column":15},"end":{"line":28,"column":36}},"type":"binary-expr","locations":[{"start":{"line":28,"column":15},"end":{"line":28,"column":29}},{"start":{"line":28,"column":33},"end":{"line":28,"column":36}}],"line":28},"7":{"loc":{"start":{"line":29,"column":16},"end":{"line":29,"column":55}},"type":"binary-expr","locations":[{"start":{"line":29,"column":16},"end":{"line":29,"column":28}},{"start":{"line":29,"column":32},"end":{"line":29,"column":55}}],"line":29},"8":{"loc":{"start":{"line":32,"column":2},"end":{"line":35,"column":3}},"type":"if","locations":[{"start":{"line":32,"column":2},"end":{"line":35,"column":3}},{"start":{},"end":{}}],"line":32},"9":{"loc":{"start":{"line":33,"column":13},"end":{"line":33,"column":42}},"type":"cond-expr","locations":[{"start":{"line":33,"column":30},"end":{"line":33,"column":33}},{"start":{"line":33,"column":36},"end":{"line":33,"column":42}}],"line":33},"10":{"loc":{"start":{"line":37,"column":2},"end":{"line":39,"column":3}},"type":"if","locations":[{"start":{"line":37,"column":2},"end":{"line":39,"column":3}},{"start":{},"end":{}}],"line":37},"11":{"loc":{"start":{"line":37,"column":6},"end":{"line":37,"column":29}},"type":"binary-expr","locations":[{"start":{"line":37,"column":6},"end":{"line":37,"column":20}},{"start":{"line":37,"column":24},"end":{"line":37,"column":29}}],"line":37}},"s":{"0":15,"1":4,"2":4,"3":3,"4":3,"5":4,"6":2,"7":4,"8":11,"9":1,"10":15,"11":15,"12":15,"13":15,"14":15,"15":15,"16":4,"17":4,"18":15,"19":5,"20":15},"f":{"0":15,"1":15},"b":{"0":[4,11],"1":[3,1],"2":[3,1],"3":[2,2],"4":[4,2],"5":[4,0],"6":[15,10],"7":[15,6],"8":[4,11],"9":[4,0],"10":[5,10],"11":[15,6]},"_coverageSchema":"1a1c01bbd47fc00a2c39e90264f33305004495a9","hash":"cd75886751566633f35e60ff7ff14c656505e21f"}
,"D:\\Bagas\\Hacktiv8\\FSJS\\phase2\\W3D2\\IP\\IP-RMT67\\server\\middleware\\upload.js": {"path":"D:\\Bagas\\Hacktiv8\\FSJS\\phase2\\W3D2\\IP\\IP-RMT67\\server\\middleware\\upload.js","statementMap":{"0":{"start":{"line":2,"column":15},"end":{"line":2,"column":32}},"1":{"start":{"line":4,"column":16},"end":{"line":4,"column":38}},"2":{"start":{"line":7,"column":13},"end":{"line":7,"column":67}},"3":{"start":{"line":8,"column":2},"end":{"line":8,"column":77}},"4":{"start":{"line":8,"column":35},"end":{"line":8,"column":77}},"5":{"start":{"line":9,"column":2},"end":{"line":9,"column":17}},"6":{"start":{"line":12,"column":15},"end":{"line":16,"column":2}},"7":{"start":{"line":18,"column":0},"end":{"line":18,"column":28}}},"fnMap":{"0":{"name":"fileFilter","decl":{"start":{"line":6,"column":9},"end":{"line":6,"column":19}},"loc":{"start":{"line":6,"column":35},"end":{"line":10,"column":1}},"line":6}},"branchMap":{"0":{"loc":{"start":{"line":8,"column":2},"end":{"line":8,"column":77}},"type":"if","locations":[{"start":{"line":8,"column":2},"end":{"line":8,"column":77}},{"start":{},"end":{}}],"line":8}},"s":{"0":1,"1":1,"2":0,"3":0,"4":0,"5":0,"6":1,"7":1},"f":{"0":0},"b":{"0":[0,0]},"_coverageSchema":"1a1c01bbd47fc00a2c39e90264f33305004495a9","hash":"138bea537bdf9625a0a325a79426876b14327aa5"}
,"D:\\Bagas\\Hacktiv8\\FSJS\\phase2\\W3D2\\IP\\IP-RMT67\\server\\routes\\ai.js": {"path":"D:\\Bagas\\Hacktiv8\\FSJS\\phase2\\W3D2\\IP\\IP-RMT67\\server\\routes\\ai.js","statementMap":{"0":{"start":{"line":1,"column":16},"end":{"line":1,"column":34}},"1":{"start":{"line":2,"column":15},"end":{"line":2,"column":35}},"2":{"start":{"line":3,"column":50},"end":{"line":3,"column":78}},"3":{"start":{"line":4,"column":28},"end":{"line":4,"column":48}},"4":{"start":{"line":6,"column":15},"end":{"line":6,"column":31}},"5":{"start":{"line":12,"column":0},"end":{"line":39,"column":3}},"6":{"start":{"line":13,"column":2},"end":{"line":38,"column":3}},"7":{"start":{"line":14,"column":19},"end":{"line":14,"column":55}},"8":{"start":{"line":15,"column":4},"end":{"line":19,"column":7}},"9":{"start":{"line":22,"column":22},"end":{"line":22,"column":58}},"10":{"start":{"line":24,"column":4},"end":{"line":30,"column":5}},"11":{"start":{"line":25,"column":6},"end":{"line":29,"column":9}},"12":{"start":{"line":33,"column":4},"end":{"line":37,"column":7}},"13":{"start":{"line":51,"column":0},"end":{"line":220,"column":3}},"14":{"start":{"line":52,"column":2},"end":{"line":219,"column":3}},"15":{"start":{"line":53,"column":23},"end":{"line":53,"column":37}},"16":{"start":{"line":54,"column":4},"end":{"line":56,"column":5}},"17":{"start":{"line":55,"column":6},"end":{"line":55,"column":76}},"18":{"start":{"line":59,"column":15},"end":{"line":59,"column":42}},"19":{"start":{"line":62,"column":23},"end":{"line":62,"column":50}},"20":{"start":{"line":65,"column":23},"end":{"line":65,"column":67}},"21":{"start":{"line":68,"column":26},"end":{"line":68,"column":35}},"22":{"start":{"line":69,"column":4},"end":{"line":89,"column":5}},"23":{"start":{"line":71,"column":29},"end":{"line":78,"column":7}},"24":{"start":{"line":80,"column":6},"end":{"line":88,"column":7}},"25":{"start":{"line":81,"column":22},"end":{"line":81,"column":43}},"26":{"start":{"line":82,"column":8},"end":{"line":87,"column":9}},"27":{"start":{"line":83,"column":10},"end":{"line":83,"column":51}},"28":{"start":{"line":84,"column":10},"end":{"line":86,"column":11}},"29":{"start":{"line":85,"column":12},"end":{"line":85,"column":18}},"30":{"start":{"line":91,"column":17},"end":{"line":91,"column":38}},"31":{"start":{"line":92,"column":17},"end":{"line":92,"column":38}},"32":{"start":{"line":93,"column":17},"end":{"line":93,"column":38}},"33":{"start":{"line":94,"column":16},"end":{"line":94,"column":50}},"34":{"start":{"line":95,"column":16},"end":{"line":95,"column":50}},"35":{"start":{"line":99,"column":17},"end":{"line":99,"column":85}},"36":{"start":{"line":100,"column":4},"end":{"line":102,"column":5}},"37":{"start":{"line":101,"column":6},"end":{"line":101,"column":25}},"38":{"start":{"line":105,"column":18},"end":{"line":105,"column":20}},"39":{"start":{"line":108,"column":4},"end":{"line":112,"column":5}},"40":{"start":{"line":109,"column":6},"end":{"line":111,"column":58}},"41":{"start":{"line":109,"column":22},"end":{"line":109,"column":72}},"42":{"start":{"line":110,"column":11},"end":{"line":111,"column":58}},"43":{"start":{"line":110,"column":20},"end":{"line":110,"column":58}},"44":{"start":{"line":111,"column":11},"end":{"line":111,"column":58}},"45":{"start":{"line":111,"column":20},"end":{"line":111,"column":58}},"46":{"start":{"line":115,"column":4},"end":{"line":122,"column":5}},"47":{"start":{"line":116,"column":19},"end":{"line":116,"column":30}},"48":{"start":{"line":117,"column":6},"end":{"line":121,"column":8}},"49":{"start":{"line":125,"column":4},"end":{"line":127,"column":5}},"50":{"start":{"line":126,"column":6},"end":{"line":126,"column":40}},"51":{"start":{"line":130,"column":4},"end":{"line":147,"column":5}},"52":{"start":{"line":131,"column":27},"end":{"line":131,"column":96}},"53":{"start":{"line":133,"column":32},"end":{"line":139,"column":9}},"54":{"start":{"line":133,"column":58},"end":{"line":139,"column":7}},"55":{"start":{"line":142,"column":6},"end":{"line":146,"column":7}},"56":{"start":{"line":143,"column":8},"end":{"line":143,"column":73}},"57":{"start":{"line":145,"column":8},"end":{"line":145,"column":71}},"58":{"start":{"line":152,"column":23},"end":{"line":152,"column":54}},"59":{"start":{"line":153,"column":20},"end":{"line":160,"column":5}},"60":{"start":{"line":162,"column":15},"end":{"line":167,"column":6}},"61":{"start":{"line":170,"column":4},"end":{"line":189,"column":5}},"62":{"start":{"line":171,"column":26},"end":{"line":171,"column":49}},"63":{"start":{"line":172,"column":27},"end":{"line":172,"column":39}},"64":{"start":{"line":173,"column":6},"end":{"line":173,"column":52}},"65":{"start":{"line":176,"column":6},"end":{"line":181,"column":7}},"66":{"start":{"line":177,"column":8},"end":{"line":180,"column":11}},"67":{"start":{"line":179,"column":10},"end":{"line":179,"column":31}},"68":{"start":{"line":183,"column":6},"end":{"line":188,"column":9}},"69":{"start":{"line":191,"column":4},"end":{"line":204,"column":7}},"70":{"start":{"line":207,"column":22},"end":{"line":207,"column":58}},"71":{"start":{"line":209,"column":4},"end":{"line":215,"column":5}},"72":{"start":{"line":211,"column":6},"end":{"line":214,"column":9}},"73":{"start":{"line":218,"column":4},"end":{"line":218,"column":14}},"74":{"start":{"line":222,"column":0},"end":{"line":222,"column":24}}},"fnMap":{"0":{"name":"(anonymous_0)","decl":{"start":{"line":12,"column":20},"end":{"line":12,"column":21}},"loc":{"start":{"line":12,"column":40},"end":{"line":39,"column":1}},"line":12},"1":{"name":"(anonymous_1)","decl":{"start":{"line":51,"column":26},"end":{"line":51,"column":27}},"loc":{"start":{"line":51,"column":52},"end":{"line":220,"column":1}},"line":51},"2":{"name":"(anonymous_2)","decl":{"start":{"line":133,"column":49},"end":{"line":133,"column":50}},"loc":{"start":{"line":133,"column":58},"end":{"line":139,"column":7}},"line":133},"3":{"name":"(anonymous_3)","decl":{"start":{"line":177,"column":59},"end":{"line":177,"column":60}},"loc":{"start":{"line":177,"column":67},"end":{"line":180,"column":9}},"line":177}},"branchMap":{"0":{"loc":{"start":{"line":24,"column":4},"end":{"line":30,"column":5}},"type":"if","locations":[{"start":{"line":24,"column":4},"end":{"line":30,"column":5}},{"start":{},"end":{}}],"line":24},"1":{"loc":{"start":{"line":36,"column":15},"end":{"line":36,"column":53}},"type":"binary-expr","locations":[{"start":{"line":36,"column":15},"end":{"line":36,"column":26}},{"start":{"line":36,"column":30},"end":{"line":36,"column":53}}],"line":36},"2":{"loc":{"start":{"line":53,"column":23},"end":{"line":53,"column":37}},"type":"binary-expr","locations":[{"start":{"line":53,"column":23},"end":{"line":53,"column":31}},{"start":{"line":53,"column":35},"end":{"line":53,"column":37}}],"line":53},"3":{"loc":{"start":{"line":54,"column":4},"end":{"line":56,"column":5}},"type":"if","locations":[{"start":{"line":54,"column":4},"end":{"line":56,"column":5}},{"start":{},"end":{}}],"line":54},"4":{"loc":{"start":{"line":54,"column":8},"end":{"line":54,"column":33}},"type":"binary-expr","locations":[{"start":{"line":54,"column":8},"end":{"line":54,"column":15}},{"start":{"line":54,"column":19},"end":{"line":54,"column":33}}],"line":54},"5":{"loc":{"start":{"line":62,"column":23},"end":{"line":62,"column":50}},"type":"binary-expr","locations":[{"start":{"line":62,"column":23},"end":{"line":62,"column":37}},{"start":{"line":62,"column":41},"end":{"line":62,"column":50}}],"line":62},"6":{"loc":{"start":{"line":69,"column":4},"end":{"line":89,"column":5}},"type":"if","locations":[{"start":{"line":69,"column":4},"end":{"line":89,"column":5}},{"start":{},"end":{}}],"line":69},"7":{"loc":{"start":{"line":82,"column":8},"end":{"line":87,"column":9}},"type":"if","locations":[{"start":{"line":82,"column":8},"end":{"line":87,"column":9}},{"start":{},"end":{}}],"line":82},"8":{"loc":{"start":{"line":84,"column":10},"end":{"line":86,"column":11}},"type":"if","locations":[{"start":{"line":84,"column":10},"end":{"line":86,"column":11}},{"start":{},"end":{}}],"line":84},"9":{"loc":{"start":{"line":84,"column":14},"end":{"line":84,"column":61}},"type":"binary-expr","locations":[{"start":{"line":84,"column":14},"end":{"line":84,"column":37}},{"start":{"line":84,"column":41},"end":{"line":84,"column":61}}],"line":84},"10":{"loc":{"start":{"line":91,"column":17},"end":{"line":91,"column":38}},"type":"binary-expr","locations":[{"start":{"line":91,"column":17},"end":{"line":91,"column":25}},{"start":{"line":91,"column":29},"end":{"line":91,"column":38}}],"line":91},"11":{"loc":{"start":{"line":92,"column":17},"end":{"line":92,"column":38}},"type":"binary-expr","locations":[{"start":{"line":92,"column":17},"end":{"line":92,"column":25}},{"start":{"line":92,"column":29},"end":{"line":92,"column":38}}],"line":92},"12":{"loc":{"start":{"line":93,"column":17},"end":{"line":93,"column":38}},"type":"binary-expr","locations":[{"start":{"line":93,"column":17},"end":{"line":93,"column":25}},{"start":{"line":93,"column":29},"end":{"line":93,"column":38}}],"line":93},"13":{"loc":{"start":{"line":94,"column":16},"end":{"line":94,"column":50}},"type":"binary-expr","locations":[{"start":{"line":94,"column":16},"end":{"line":94,"column":37}},{"start":{"line":94,"column":41},"end":{"line":94,"column":50}}],"line":94},"14":{"loc":{"start":{"line":95,"column":16},"end":{"line":95,"column":50}},"type":"binary-expr","locations":[{"start":{"line":95,"column":16},"end":{"line":95,"column":37}},{"start":{"line":95,"column":41},"end":{"line":95,"column":50}}],"line":95},"15":{"loc":{"start":{"line":99,"column":17},"end":{"line":99,"column":85}},"type":"cond-expr","locations":[{"start":{"line":99,"column":49},"end":{"line":99,"column":64}},{"start":{"line":99,"column":67},"end":{"line":99,"column":85}}],"line":99},"16":{"loc":{"start":{"line":100,"column":4},"end":{"line":102,"column":5}},"type":"if","locations":[{"start":{"line":100,"column":4},"end":{"line":102,"column":5}},{"start":{},"end":{}}],"line":100},"17":{"loc":{"start":{"line":100,"column":8},"end":{"line":100,"column":35}},"type":"binary-expr","locations":[{"start":{"line":100,"column":8},"end":{"line":100,"column":21}},{"start":{"line":100,"column":25},"end":{"line":100,"column":35}}],"line":100},"18":{"loc":{"start":{"line":108,"column":4},"end":{"line":112,"column":5}},"type":"if","locations":[{"start":{"line":108,"column":4},"end":{"line":112,"column":5}},{"start":{},"end":{}}],"line":108},"19":{"loc":{"start":{"line":108,"column":8},"end":{"line":108,"column":18}},"type":"binary-expr","locations":[{"start":{"line":108,"column":8},"end":{"line":108,"column":11}},{"start":{"line":108,"column":15},"end":{"line":108,"column":18}}],"line":108},"20":{"loc":{"start":{"line":109,"column":6},"end":{"line":111,"column":58}},"type":"if","locations":[{"start":{"line":109,"column":6},"end":{"line":111,"column":58}},{"start":{"line":110,"column":11},"end":{"line":111,"column":58}}],"line":109},"21":{"loc":{"start":{"line":109,"column":10},"end":{"line":109,"column":20}},"type":"binary-expr","locations":[{"start":{"line":109,"column":10},"end":{"line":109,"column":13}},{"start":{"line":109,"column":17},"end":{"line":109,"column":20}}],"line":109},"22":{"loc":{"start":{"line":110,"column":11},"end":{"line":111,"column":58}},"type":"if","locations":[{"start":{"line":110,"column":11},"end":{"line":111,"column":58}},{"start":{"line":111,"column":11},"end":{"line":111,"column":58}}],"line":110},"23":{"loc":{"start":{"line":111,"column":11},"end":{"line":111,"column":58}},"type":"if","locations":[{"start":{"line":111,"column":11},"end":{"line":111,"column":58}},{"start":{},"end":{}}],"line":111},"24":{"loc":{"start":{"line":115,"column":4},"end":{"line":122,"column":5}},"type":"if","locations":[{"start":{"line":115,"column":4},"end":{"line":122,"column":5}},{"start":{},"end":{}}],"line":115},"25":{"loc":{"start":{"line":125,"column":4},"end":{"line":127,"column":5}},"type":"if","locations":[{"start":{"line":125,"column":4},"end":{"line":127,"column":5}},{"start":{},"end":{}}],"line":125},"26":{"loc":{"start":{"line":130,"column":4},"end":{"line":147,"column":5}},"type":"if","locations":[{"start":{"line":130,"column":4},"end":{"line":147,"column":5}},{"start":{},"end":{}}],"line":130},"27":{"loc":{"start":{"line":142,"column":6},"end":{"line":146,"column":7}},"type":"if","locations":[{"start":{"line":142,"column":6},"end":{"line":146,"column":7}},{"start":{"line":144,"column":13},"end":{"line":146,"column":7}}],"line":142},"28":{"loc":{"start":{"line":152,"column":23},"end":{"line":152,"column":54}},"type":"binary-expr","locations":[{"start":{"line":152,"column":23},"end":{"line":152,"column":33}},{"start":{"line":152,"column":37},"end":{"line":152,"column":41}},{"start":{"line":152,"column":45},"end":{"line":152,"column":54}}],"line":152},"29":{"loc":{"start":{"line":157,"column":15},"end":{"line":157,"column":60}},"type":"cond-expr","locations":[{"start":{"line":157,"column":28},"end":{"line":157,"column":48}},{"start":{"line":157,"column":51},"end":{"line":157,"column":60}}],"line":157},"30":{"loc":{"start":{"line":170,"column":4},"end":{"line":189,"column":5}},"type":"if","locations":[{"start":{"line":170,"column":4},"end":{"line":189,"column":5}},{"start":{},"end":{}}],"line":170},"31":{"loc":{"start":{"line":170,"column":8},"end":{"line":170,"column":49}},"type":"binary-expr","locations":[{"start":{"line":170,"column":8},"end":{"line":170,"column":25}},{"start":{"line":170,"column":29},"end":{"line":170,"column":49}}],"line":170},"32":{"loc":{"start":{"line":176,"column":6},"end":{"line":181,"column":7}},"type":"if","locations":[{"start":{"line":176,"column":6},"end":{"line":181,"column":7}},{"start":{},"end":{}}],"line":176},"33":{"loc":{"start":{"line":192,"column":14},"end":{"line":192,"column":40}},"type":"binary-expr","locations":[{"start":{"line":192,"column":14},"end":{"line":192,"column":23}},{"start":{"line":192,"column":27},"end":{"line":192,"column":40}}],"line":192},"34":{"loc":{"start":{"line":194,"column":14},"end":{"line":194,"column":32}},"type":"binary-expr","locations":[{"start":{"line":194,"column":14},"end":{"line":194,"column":24}},{"start":{"line":194,"column":28},"end":{"line":194,"column":32}}],"line":194},"35":{"loc":{"start":{"line":195,"column":20},"end":{"line":195,"column":38}},"type":"binary-expr","locations":[{"start":{"line":195,"column":20},"end":{"line":195,"column":30}},{"start":{"line":195,"column":34},"end":{"line":195,"column":38}}],"line":195},"36":{"loc":{"start":{"line":196,"column":13},"end":{"line":196,"column":30}},"type":"cond-expr","locations":[{"start":{"line":196,"column":19},"end":{"line":196,"column":23}},{"start":{"line":196,"column":26},"end":{"line":196,"column":30}}],"line":196},"37":{"loc":{"start":{"line":197,"column":13},"end":{"line":197,"column":30}},"type":"cond-expr","locations":[{"start":{"line":197,"column":19},"end":{"line":197,"column":23}},{"start":{"line":197,"column":26},"end":{"line":197,"column":30}}],"line":197},"38":{"loc":{"start":{"line":198,"column":14},"end":{"line":198,"column":26}},"type":"binary-expr","locations":[{"start":{"line":198,"column":14},"end":{"line":198,"column":18}},{"start":{"line":198,"column":22},"end":{"line":198,"column":26}}],"line":198},"39":{"loc":{"start":{"line":199,"column":16},"end":{"line":199,"column":53}},"type":"cond-expr","locations":[{"start":{"line":199,"column":39},"end":{"line":199,"column":46}},{"start":{"line":199,"column":49},"end":{"line":199,"column":53}}],"line":199},"40":{"loc":{"start":{"line":200,"column":14},"end":{"line":200,"column":33}},"type":"cond-expr","locations":[{"start":{"line":200,"column":21},"end":{"line":200,"column":26}},{"start":{"line":200,"column":29},"end":{"line":200,"column":33}}],"line":200},"41":{"loc":{"start":{"line":209,"column":4},"end":{"line":215,"column":5}},"type":"if","locations":[{"start":{"line":209,"column":4},"end":{"line":215,"column":5}},{"start":{},"end":{}}],"line":209}},"s":{"0":1,"1":1,"2":1,"3":1,"4":1,"5":1,"6":0,"7":0,"8":0,"9":0,"10":0,"11":0,"12":0,"13":1,"14":7,"15":7,"16":7,"17":1,"18":6,"19":6,"20":6,"21":6,"22":6,"23":0,"24":0,"25":0,"26":0,"27":0,"28":0,"29":0,"30":6,"31":6,"32":6,"33":6,"34":6,"35":6,"36":6,"37":3,"38":6,"39":6,"40":0,"41":0,"42":0,"43":0,"44":0,"45":0,"46":6,"47":0,"48":0,"49":6,"50":3,"51":6,"52":3,"53":3,"54":24,"55":3,"56":0,"57":3,"58":6,"59":6,"60":6,"61":6,"62":1,"63":1,"64":1,"65":1,"66":1,"67":1,"68":1,"69":6,"70":0,"71":0,"72":0,"73":0,"74":1},"f":{"0":0,"1":7,"2":24,"3":1},"b":{"0":[0,0],"1":[0,0],"2":[7,0],"3":[1,6],"4":[7,6],"5":[6,6],"6":[0,6],"7":[0,0],"8":[0,0],"9":[0,0],"10":[6,6],"11":[6,6],"12":[6,6],"13":[6,6],"14":[6,6],"15":[0,6],"16":[3,3],"17":[6,5],"18":[0,6],"19":[6,6],"20":[0,0],"21":[0,0],"22":[0,0],"23":[0,0],"24":[0,6],"25":[3,3],"26":[3,3],"27":[0,3],"28":[6,6,6],"29":[0,6],"30":[1,5],"31":[6,3],"32":[1,0],"33":[6,0],"34":[6,6],"35":[6,6],"36":[0,6],"37":[0,6],"38":[6,6],"39":[3,3],"40":[0,6],"41":[0,0]},"_coverageSchema":"1a1c01bbd47fc00a2c39e90264f33305004495a9","hash":"a77e87efd51441be7f46791b1dc251fb986ffb57"}
,"D:\\Bagas\\Hacktiv8\\FSJS\\phase2\\W3D2\\IP\\IP-RMT67\\server\\routes\\index.js": {"path":"D:\\Bagas\\Hacktiv8\\FSJS\\phase2\\W3D2\\IP\\IP-RMT67\\server\\routes\\index.js","statementMap":{"0":{"start":{"line":2,"column":16},"end":{"line":2,"column":34}},"1":{"start":{"line":3,"column":26},"end":{"line":3,"column":69}},"2":{"start":{"line":4,"column":23},"end":{"line":4,"column":63}},"3":{"start":{"line":5,"column":26},"end":{"line":5,"column":69}},"4":{"start":{"line":6,"column":31},"end":{"line":6,"column":79}},"5":{"start":{"line":7,"column":31},"end":{"line":7,"column":79}},"6":{"start":{"line":8,"column":23},"end":{"line":8,"column":62}},"7":{"start":{"line":9,"column":40},"end":{"line":9,"column":78}},"8":{"start":{"line":10,"column":19},"end":{"line":10,"column":50}},"9":{"start":{"line":12,"column":15},"end":{"line":12,"column":31}},"10":{"start":{"line":15,"column":0},"end":{"line":15,"column":50}},"11":{"start":{"line":16,"column":0},"end":{"line":16,"column":44}},"12":{"start":{"line":17,"column":0},"end":{"line":17,"column":57}},"13":{"start":{"line":18,"column":0},"end":{"line":18,"column":48}},"14":{"start":{"line":19,"column":0},"end":{"line":19,"column":54}},"15":{"start":{"line":22,"column":0},"end":{"line":22,"column":27}},"16":{"start":{"line":23,"column":0},"end":{"line":23,"column":51}},"17":{"start":{"line":24,"column":0},"end":{"line":24,"column":57}},"18":{"start":{"line":25,"column":0},"end":{"line":29,"column":2}},"19":{"start":{"line":30,"column":0},"end":{"line":30,"column":76}},"20":{"start":{"line":33,"column":14},"end":{"line":33,"column":30}},"21":{"start":{"line":34,"column":0},"end":{"line":34,"column":37}},"22":{"start":{"line":36,"column":0},"end":{"line":36,"column":55}},"23":{"start":{"line":37,"column":0},"end":{"line":37,"column":73}},"24":{"start":{"line":38,"column":0},"end":{"line":38,"column":62}},"25":{"start":{"line":40,"column":0},"end":{"line":40,"column":52}},"26":{"start":{"line":41,"column":0},"end":{"line":41,"column":55}},"27":{"start":{"line":42,"column":0},"end":{"line":42,"column":58}},"28":{"start":{"line":43,"column":0},"end":{"line":43,"column":62}},"29":{"start":{"line":46,"column":0},"end":{"line":50,"column":2}},"30":{"start":{"line":52,"column":0},"end":{"line":52,"column":28}},"31":{"start":{"line":54,"column":0},"end":{"line":54,"column":24}}},"fnMap":{},"branchMap":{},"s":{"0":0,"1":0,"2":0,"3":0,"4":0,"5":0,"6":0,"7":0,"8":0,"9":0,"10":0,"11":0,"12":0,"13":0,"14":0,"15":0,"16":0,"17":0,"18":0,"19":0,"20":0,"21":0,"22":0,"23":0,"24":0,"25":0,"26":0,"27":0,"28":0,"29":0,"30":0,"31":0},"f":{},"b":{}}
}
