TN:
SF:helpers\bcrypt.js
FN:3,hashPassword
FN:8,comparePassword
FNF:2
FNH:2
FNDA:12,hashPassword
FNDA:12,comparePassword
DA:1,3
DA:4,12
DA:5,12
DA:9,12
DA:12,3
LF:5
LH:5
BRF:0
BRH:0
end_of_record
TN:
SF:helpers\cloudinary.js
FN:9,uploadBuffer
FN:13,(anonymous_1)
FN:17,(anonymous_2)
FN:25,deleteByPublicId
FNF:4
FNH:4
FNDA:6,uploadBuffer
FNDA:6,(anonymous_1)
FNDA:6,(anonymous_2)
FNDA:3,deleteByPublicId
DA:1,1
DA:2,1
DA:5,1
DA:7,1
DA:13,6
DA:14,6
DA:15,6
DA:17,6
DA:18,6
DA:19,5
DA:21,6
DA:26,3
DA:29,1
LF:13
LH:13
BRDA:11,0,0,3
BRDA:11,1,0,5
BRDA:11,2,0,5
BRDA:15,3,0,1
BRDA:15,3,1,5
BRDA:18,4,0,1
BRDA:18,4,1,5
BRF:7
BRH:7
end_of_record
TN:
SF:helpers\errors.js
FN:2,(anonymous_0)
FN:8,(anonymous_1)
FN:14,(anonymous_2)
FN:20,(anonymous_3)
FNF:4
FNH:4
FNDA:5,(anonymous_0)
FNDA:5,(anonymous_1)
FNDA:5,(anonymous_2)
FNDA:5,(anonymous_3)
DA:3,5
DA:4,5
DA:9,5
DA:10,5
DA:15,5
DA:16,5
DA:21,5
DA:22,5
DA:26,1
LF:9
LH:9
BRDA:2,0,0,3
BRDA:8,1,0,3
BRDA:14,2,0,3
BRDA:20,3,0,3
BRF:4
BRH:4
end_of_record
TN:
SF:helpers\gemini.js
FN:27,buildSystemPrompt
FN:66,analyzePrompt
FN:203,pingGemini
FN:263,oo_cm
FNF:4
FNH:4
FNDA:16,buildSystemPrompt
FNDA:17,analyzePrompt
FNDA:7,pingGemini
FNDA:25,oo_cm
DA:1,29
DA:4,29
DA:5,29
DA:7,29
DA:8,1
DA:11,28
DA:12,28
DA:13,28
DA:15,28
DA:16,22
DA:17,22
DA:29,16
DA:68,17
DA:69,1
DA:79,16
DA:81,16
DA:83,16
DA:89,8
DA:92,8
DA:94,8
DA:95,1
DA:96,7
DA:97,1
DA:102,8
DA:103,8
DA:105,1
DA:106,1
DA:110,7
DA:111,1
DA:112,1
DA:116,6
DA:130,6
DA:139,6
DA:142,10
DA:152,10
DA:168,10
DA:169,4
DA:170,4
DA:171,4
DA:172,4
DA:176,6
DA:177,6
DA:178,1
DA:179,5
DA:180,1
DA:181,4
DA:182,2
DA:186,6
DA:187,6
DA:205,7
DA:206,1
DA:209,6
DA:210,0
DA:213,6
DA:215,6
DA:217,4
DA:218,4
DA:221,2
DA:230,2
DA:245,2
DA:246,1
DA:247,1
DA:248,1
DA:249,1
DA:252,1
DA:256,28
DA:263,25
LF:67
LH:66
BRDA:7,0,0,1
BRDA:7,0,1,28
BRDA:7,1,0,29
BRDA:7,1,1,5
BRDA:15,2,0,22
BRDA:15,2,1,6
BRDA:15,3,0,28
BRDA:15,3,1,22
BRDA:68,4,0,1
BRDA:68,4,1,16
BRDA:89,5,0,8
BRDA:89,5,1,2
BRDA:94,6,0,1
BRDA:94,6,1,7
BRDA:96,7,0,1
BRDA:96,7,1,6
BRDA:110,8,0,1
BRDA:110,8,1,6
BRDA:110,9,0,7
BRDA:110,9,1,6
BRDA:117,10,0,6
BRDA:117,10,1,5
BRDA:118,11,0,6
BRDA:118,11,1,2
BRDA:119,12,0,6
BRDA:119,12,1,5
BRDA:120,13,0,6
BRDA:120,13,1,5
BRDA:121,14,0,6
BRDA:121,14,1,5
BRDA:123,15,0,6
BRDA:123,15,1,5
BRDA:124,16,0,6
BRDA:124,16,1,5
BRDA:126,17,0,6
BRDA:126,17,1,3
BRDA:152,18,0,10
BRDA:152,18,1,10
BRDA:152,18,2,10
BRDA:152,18,3,10
BRDA:152,18,4,9
BRDA:152,18,5,8
BRDA:152,18,6,8
BRDA:152,18,7,8
BRDA:152,18,8,1
BRDA:152,18,9,0
BRDA:152,18,10,0
BRDA:152,18,11,0
BRDA:152,18,12,0
BRDA:152,18,13,0
BRDA:152,18,14,7
BRDA:152,18,15,6
BRDA:152,18,16,6
BRDA:152,18,17,6
BRDA:152,18,18,6
BRDA:168,19,0,4
BRDA:168,19,1,6
BRDA:170,20,0,4
BRDA:170,20,1,0
BRDA:176,21,0,6
BRDA:176,21,1,0
BRDA:177,22,0,1
BRDA:177,22,1,5
BRDA:177,23,0,6
BRDA:177,23,1,5
BRDA:177,23,2,5
BRDA:179,24,0,1
BRDA:179,24,1,4
BRDA:179,25,0,5
BRDA:179,25,1,5
BRDA:179,25,2,4
BRDA:181,26,0,2
BRDA:181,26,1,2
BRDA:181,27,0,4
BRDA:181,27,1,2
BRDA:193,28,0,0
BRDA:193,28,1,6
BRDA:203,29,0,6
BRDA:205,30,0,1
BRDA:205,30,1,6
BRDA:209,31,0,0
BRDA:209,31,1,6
BRDA:217,32,0,4
BRDA:217,32,1,2
BRDA:230,33,0,2
BRDA:230,33,1,2
BRDA:230,33,2,2
BRDA:230,33,3,2
BRDA:230,33,4,1
BRDA:230,33,5,1
BRDA:230,33,6,1
BRDA:230,33,7,1
BRDA:230,33,8,0
BRDA:230,33,9,0
BRDA:230,33,10,0
BRDA:230,33,11,0
BRDA:230,33,12,0
BRDA:230,33,13,0
BRDA:230,33,14,1
BRDA:230,33,15,1
BRDA:230,33,16,1
BRDA:230,33,17,1
BRDA:230,33,18,1
BRDA:245,34,0,1
BRDA:245,34,1,1
BRDA:247,35,0,1
BRDA:247,35,1,0
BRDA:263,36,0,25
BRDA:263,36,1,1
BRF:109
BRH:93
end_of_record
TN:
SF:helpers\jwt.js
FN:5,signToken
FN:9,verifyToken
FNF:2
FNH:2
FNDA:10,signToken
FNDA:7,verifyToken
DA:1,3
DA:3,3
DA:6,10
DA:10,7
DA:13,3
LF:5
LH:5
BRF:0
BRH:0
end_of_record
TN:
SF:middleware\authentication.js
FN:5,authentication
FNF:1
FNH:1
FNDA:10,authentication
DA:2,2
DA:3,2
DA:5,2
DA:6,10
DA:7,10
DA:8,10
DA:9,10
DA:11,5
DA:12,3
DA:15,2
DA:17,1
DA:23,1
DA:25,3
DA:26,2
DA:28,1
LF:15
LH:15
BRDA:7,0,0,10
BRDA:7,0,1,3
BRDA:9,1,0,5
BRDA:9,1,1,5
BRDA:15,2,0,1
BRDA:15,2,1,1
BRDA:25,3,0,2
BRDA:25,3,1,1
BRDA:25,4,0,3
BRDA:25,4,1,2
BRF:10
BRH:10
end_of_record
TN:
SF:middleware\authorization.js
FN:3,canManageBooking
FN:21,adminOnly
FNF:2
FNH:2
FNDA:5,canManageBooking
FNDA:4,adminOnly
DA:1,2
DA:4,5
DA:5,5
DA:6,5
DA:7,4
DA:9,3
DA:10,3
DA:11,3
DA:12,1
DA:14,2
DA:15,2
DA:17,1
DA:22,4
DA:23,3
DA:24,1
DA:27,2
LF:16
LH:16
BRDA:7,0,0,1
BRDA:7,0,1,3
BRDA:11,1,0,1
BRDA:11,1,1,2
BRDA:11,2,0,3
BRDA:11,2,1,2
BRDA:22,3,0,3
BRDA:22,3,1,1
BRF:8
BRH:8
end_of_record
TN:
SF:middleware\errorHandler.js
FN:1,parseSequelize
FN:18,errorHandler
FN:49,oo_cm
FNF:3
FNH:3
FNDA:17,parseSequelize
FNDA:17,errorHandler
FNDA:5,oo_cm
DA:2,17
DA:3,6
DA:4,6
DA:5,4
DA:6,4
DA:10,6
DA:11,2
DA:13,6
DA:15,11
DA:18,1
DA:19,17
DA:21,17
DA:28,17
DA:29,17
DA:31,17
DA:32,17
DA:33,6
DA:34,6
DA:37,17
DA:38,5
DA:41,17
DA:49,5
LF:22
LH:22
BRDA:2,0,0,6
BRDA:2,0,1,11
BRDA:4,1,0,4
BRDA:4,1,1,2
BRDA:6,2,0,4
BRDA:6,2,1,1
BRDA:10,3,0,2
BRDA:10,3,1,4
BRDA:10,4,0,6
BRDA:10,4,1,3
BRDA:13,5,0,6
BRDA:13,5,1,1
BRDA:28,6,0,17
BRDA:28,6,1,12
BRDA:29,7,0,17
BRDA:29,7,1,8
BRDA:32,8,0,6
BRDA:32,8,1,11
BRDA:33,9,0,6
BRDA:33,9,1,0
BRDA:37,10,0,5
BRDA:37,10,1,12
BRDA:37,11,0,17
BRDA:37,11,1,6
BRDA:49,12,0,5
BRDA:49,12,1,1
BRF:26
BRH:25
end_of_record
TN:
SF:middleware\upload.js
FN:6,fileFilter
FNF:1
FNH:1
FNDA:7,fileFilter
DA:2,2
DA:4,2
DA:7,7
DA:8,7
DA:9,4
DA:12,2
DA:18,2
LF:7
LH:7
BRDA:8,0,0,3
BRDA:8,0,1,4
BRF:2
BRH:2
end_of_record
TN:
SF:routes\ai.js
FN:12,(anonymous_0)
FN:51,(anonymous_1)
FN:133,(anonymous_2)
FN:177,(anonymous_3)
FNF:4
FNH:4
FNDA:4,(anonymous_0)
FNDA:23,(anonymous_1)
FNDA:48,(anonymous_2)
FNDA:4,(anonymous_3)
DA:1,2
DA:2,2
DA:3,2
DA:4,2
DA:6,2
DA:12,2
DA:13,4
DA:14,4
DA:15,1
DA:22,3
DA:24,3
DA:25,1
DA:33,2
DA:51,2
DA:52,23
DA:53,23
DA:54,23
DA:55,3
DA:59,20
DA:62,18
DA:65,18
DA:68,18
DA:69,18
DA:71,4
DA:80,4
DA:81,9
DA:82,9
DA:83,4
DA:84,4
DA:85,4
DA:91,18
DA:92,18
DA:93,18
DA:94,18
DA:95,18
DA:99,18
DA:100,18
DA:101,10
DA:105,18
DA:108,18
DA:109,3
DA:110,2
DA:111,1
DA:115,18
DA:116,2
DA:117,2
DA:125,18
DA:126,8
DA:130,18
DA:131,6
DA:133,48
DA:142,6
DA:143,0
DA:145,6
DA:152,18
DA:153,18
DA:162,18
DA:170,18
DA:171,6
DA:172,6
DA:173,6
DA:176,6
DA:177,4
DA:179,4
DA:183,6
DA:191,18
DA:207,2
DA:209,2
DA:211,1
DA:218,1
DA:222,2
LF:71
LH:70
BRDA:24,0,0,1
BRDA:24,0,1,2
BRDA:36,1,0,2
BRDA:36,1,1,1
BRDA:53,2,0,23
BRDA:53,2,1,0
BRDA:54,3,0,3
BRDA:54,3,1,20
BRDA:54,4,0,23
BRDA:54,4,1,21
BRDA:62,5,0,18
BRDA:62,5,1,17
BRDA:69,6,0,4
BRDA:69,6,1,14
BRDA:82,7,0,4
BRDA:82,7,1,5
BRDA:84,8,0,4
BRDA:84,8,1,0
BRDA:84,9,0,4
BRDA:84,9,1,4
BRDA:91,10,0,18
BRDA:91,10,1,16
BRDA:92,11,0,18
BRDA:92,11,1,16
BRDA:93,12,0,18
BRDA:93,12,1,17
BRDA:94,13,0,18
BRDA:94,13,1,16
BRDA:95,14,0,18
BRDA:95,14,1,16
BRDA:99,15,0,4
BRDA:99,15,1,14
BRDA:100,16,0,10
BRDA:100,16,1,8
BRDA:100,17,0,18
BRDA:100,17,1,17
BRDA:108,18,0,3
BRDA:108,18,1,15
BRDA:108,19,0,18
BRDA:108,19,1,16
BRDA:109,20,0,1
BRDA:109,20,1,2
BRDA:109,21,0,3
BRDA:109,21,1,2
BRDA:110,22,0,1
BRDA:110,22,1,1
BRDA:111,23,0,1
BRDA:111,23,1,0
BRDA:115,24,0,2
BRDA:115,24,1,16
BRDA:125,25,0,8
BRDA:125,25,1,10
BRDA:130,26,0,6
BRDA:130,26,1,12
BRDA:142,27,0,0
BRDA:142,27,1,6
BRDA:152,28,0,18
BRDA:152,28,1,17
BRDA:152,28,2,16
BRDA:157,29,0,2
BRDA:157,29,1,16
BRDA:170,30,0,6
BRDA:170,30,1,12
BRDA:170,31,0,18
BRDA:170,31,1,15
BRDA:176,32,0,4
BRDA:176,32,1,2
BRDA:192,33,0,18
BRDA:192,33,1,0
BRDA:194,34,0,18
BRDA:194,34,1,16
BRDA:195,35,0,18
BRDA:195,35,1,17
BRDA:196,36,0,2
BRDA:196,36,1,16
BRDA:197,37,0,2
BRDA:197,37,1,16
BRDA:198,38,0,18
BRDA:198,38,1,16
BRDA:199,39,0,8
BRDA:199,39,1,10
BRDA:200,40,0,1
BRDA:200,40,1,17
BRDA:209,41,0,1
BRDA:209,41,1,1
BRF:85
BRH:80
end_of_record
TN:
SF:routes\index.js
FNF:0
FNH:0
DA:2,1
DA:3,1
DA:4,1
DA:5,1
DA:6,1
DA:7,1
DA:8,1
DA:9,1
DA:10,1
DA:11,1
DA:13,1
DA:16,1
DA:17,1
DA:18,1
DA:19,1
DA:20,1
DA:23,1
DA:26,1
DA:27,1
DA:28,1
DA:29,1
DA:34,1
DA:37,1
DA:38,1
DA:41,1
DA:42,1
DA:44,1
DA:45,1
DA:46,1
DA:48,1
DA:49,1
DA:50,1
DA:51,1
DA:54,1
DA:60,1
DA:62,1
LF:36
LH:36
BRF:0
BRH:0
end_of_record
