TN:
SF:controllers\AdminBookingController.js
FN:5,(anonymous_0)
FN:44,(anonymous_1)
FN:72,(anonymous_2)
FNF:3
FNH:0
FNDA:0,(anonymous_0)
FNDA:0,(anonymous_1)
FNDA:0,(anonymous_2)
DA:1,0
DA:6,0
DA:7,0
DA:8,0
DA:9,0
DA:10,0
DA:12,0
DA:13,0
DA:15,0
DA:29,0
DA:39,0
DA:45,0
DA:46,0
DA:47,0
DA:48,0
DA:55,0
DA:56,0
DA:58,0
DA:59,0
DA:60,0
DA:62,0
DA:63,0
DA:65,0
DA:67,0
DA:73,0
DA:74,0
DA:75,0
DA:76,0
DA:77,0
DA:78,0
DA:79,0
DA:81,0
DA:86,0
LF:33
LH:0
BRDA:7,0,0,0
BRDA:7,1,0,0
BRDA:7,2,0,0
BRDA:8,3,0,0
BRDA:8,3,1,0
BRDA:9,4,0,0
BRDA:9,4,1,0
BRDA:13,5,0,0
BRDA:13,5,1,0
BRDA:55,6,0,0
BRDA:55,6,1,0
BRDA:59,7,0,0
BRDA:59,7,1,0
BRDA:76,8,0,0
BRDA:76,8,1,0
BRF:15
BRH:0
end_of_record
TN:
SF:controllers\AdminVehicleController.js
FN:6,(anonymous_0)
FN:47,(anonymous_1)
FN:58,(anonymous_2)
FN:72,(anonymous_3)
FN:84,(anonymous_4)
FNF:5
FNH:0
FNDA:0,(anonymous_0)
FNDA:0,(anonymous_1)
FNDA:0,(anonymous_2)
FNDA:0,(anonymous_3)
FNDA:0,(anonymous_4)
DA:1,0
DA:2,0
DA:7,0
DA:8,0
DA:9,0
DA:10,0
DA:11,0
DA:13,0
DA:14,0
DA:15,0
DA:16,0
DA:24,0
DA:32,0
DA:42,0
DA:48,0
DA:49,0
DA:50,0
DA:51,0
DA:53,0
DA:59,0
DA:60,0
DA:61,0
DA:62,0
DA:63,0
DA:64,0
DA:65,0
DA:67,0
DA:73,0
DA:74,0
DA:75,0
DA:76,0
DA:77,0
DA:78,0
DA:80,0
DA:85,0
DA:86,0
DA:87,0
DA:88,0
DA:89,0
DA:90,0
DA:92,0
DA:93,0
DA:98,0
DA:99,0
DA:101,0
DA:107,0
DA:112,0
LF:47
LH:0
BRDA:8,0,0,0
BRDA:8,1,0,0
BRDA:8,2,0,0
BRDA:9,3,0,0
BRDA:9,3,1,0
BRDA:10,4,0,0
BRDA:10,4,1,0
BRDA:14,5,0,0
BRDA:14,5,1,0
BRDA:63,6,0,0
BRDA:63,6,1,0
BRDA:76,7,0,0
BRDA:76,7,1,0
BRDA:88,8,0,0
BRDA:88,8,1,0
BRDA:89,9,0,0
BRDA:89,9,1,0
BRF:17
BRH:0
end_of_record
TN:
SF:controllers\BookingController.js
FN:5,(anonymous_0)
FN:57,(anonymous_1)
FN:75,(anonymous_2)
FN:92,(anonymous_3)
FNF:4
FNH:0
FNDA:0,(anonymous_0)
FNDA:0,(anonymous_1)
FNDA:0,(anonymous_2)
FNDA:0,(anonymous_3)
DA:1,0
DA:6,0
DA:7,0
DA:8,0
DA:11,0
DA:12,0
DA:18,0
DA:19,0
DA:20,0
DA:24,0
DA:25,0
DA:27,0
DA:28,0
DA:31,0
DA:32,0
DA:33,0
DA:35,0
DA:36,0
DA:37,0
DA:39,0
DA:41,0
DA:50,0
DA:52,0
DA:58,0
DA:59,0
DA:60,0
DA:68,0
DA:70,0
DA:76,0
DA:77,0
DA:78,0
DA:79,0
DA:83,0
DA:84,0
DA:85,0
DA:87,0
DA:93,0
DA:94,0
DA:95,0
DA:96,0
DA:98,0
DA:103,0
LF:42
LH:0
BRDA:11,0,0,0
BRDA:11,0,1,0
BRDA:11,1,0,0
BRDA:11,1,1,0
BRDA:11,1,2,0
BRDA:19,2,0,0
BRDA:19,2,1,0
BRDA:19,3,0,0
BRDA:19,3,1,0
BRDA:27,4,0,0
BRDA:27,4,1,0
BRDA:27,5,0,0
BRDA:27,5,1,0
BRDA:32,6,0,0
BRDA:32,6,1,0
BRDA:36,7,0,0
BRDA:36,7,1,0
BRDA:78,8,0,0
BRDA:78,8,1,0
BRF:19
BRH:0
end_of_record
TN:
SF:controllers\UserController.js
FN:9,(anonymous_0)
FN:57,(anonymous_1)
FN:104,(anonymous_2)
FNF:3
FNH:0
FNDA:0,(anonymous_0)
FNDA:0,(anonymous_1)
FNDA:0,(anonymous_2)
DA:1,0
DA:2,0
DA:3,0
DA:4,0
DA:5,0
DA:10,0
DA:11,0
DA:13,0
DA:14,0
DA:20,0
DA:21,0
DA:22,0
DA:28,0
DA:37,0
DA:39,0
DA:51,0
DA:52,0
DA:58,0
DA:59,0
DA:61,0
DA:62,0
DA:68,0
DA:69,0
DA:70,0
DA:76,0
DA:77,0
DA:78,0
DA:84,0
DA:86,0
DA:98,0
DA:99,0
DA:105,0
DA:106,0
DA:107,0
DA:108,0
DA:111,0
DA:112,0
DA:117,0
DA:118,0
DA:119,0
DA:120,0
DA:121,0
DA:125,0
DA:126,0
DA:127,0
DA:136,0
DA:137,0
DA:140,0
DA:141,0
DA:144,0
DA:145,0
DA:149,0
DA:150,0
DA:161,0
DA:162,0
DA:167,0
LF:56
LH:0
BRDA:13,0,0,0
BRDA:13,0,1,0
BRDA:13,1,0,0
BRDA:13,1,1,0
BRDA:13,1,2,0
BRDA:21,2,0,0
BRDA:21,2,1,0
BRDA:32,3,0,0
BRDA:32,3,1,0
BRDA:61,4,0,0
BRDA:61,4,1,0
BRDA:61,5,0,0
BRDA:61,5,1,0
BRDA:69,6,0,0
BRDA:69,6,1,0
BRDA:77,7,0,0
BRDA:77,7,1,0
BRDA:107,8,0,0
BRDA:107,8,1,0
BRDA:119,9,0,0
BRDA:119,9,1,0
BRDA:119,9,2,0
BRDA:120,10,0,0
BRDA:120,10,1,0
BRDA:126,11,0,0
BRDA:126,11,1,0
BRDA:131,12,0,0
BRDA:131,12,1,0
BRDA:136,13,0,0
BRDA:136,13,1,0
BRDA:140,14,0,0
BRDA:140,14,1,0
BRDA:140,15,0,0
BRDA:140,15,1,0
BRDA:144,16,0,0
BRDA:144,16,1,0
BRDA:144,17,0,0
BRDA:144,17,1,0
BRDA:144,17,2,0
BRF:39
BRH:0
end_of_record
TN:
SF:controllers\VehicleController.js
FN:6,(anonymous_0)
FN:84,(anonymous_1)
FNF:2
FNH:0
FNDA:0,(anonymous_0)
FNDA:0,(anonymous_1)
DA:1,0
DA:2,0
DA:7,0
DA:17,0
DA:19,0
DA:20,0
DA:21,0
DA:23,0
DA:24,0
DA:25,0
DA:26,0
DA:27,0
DA:32,0
DA:33,0
DA:34,0
DA:42,0
DA:51,0
DA:52,0
DA:53,0
DA:55,0
DA:63,0
DA:79,0
DA:85,0
DA:86,0
DA:87,0
DA:92,0
DA:93,0
DA:95,0
DA:100,0
LF:29
LH:0
BRDA:9,0,0,0
BRDA:10,1,0,0
BRDA:11,2,0,0
BRDA:12,3,0,0
BRDA:13,4,0,0
BRDA:14,5,0,0
BRDA:15,6,0,0
BRDA:16,7,0,0
BRDA:19,8,0,0
BRDA:19,8,1,0
BRDA:20,9,0,0
BRDA:20,9,1,0
BRDA:24,10,0,0
BRDA:24,10,1,0
BRDA:24,11,0,0
BRDA:24,11,1,0
BRDA:25,12,0,0
BRDA:25,12,1,0
BRDA:26,13,0,0
BRDA:26,13,1,0
BRDA:27,14,0,0
BRDA:27,14,1,0
BRDA:32,15,0,0
BRDA:32,15,1,0
BRDA:46,16,0,0
BRDA:46,16,1,0
BRDA:52,17,0,0
BRDA:52,17,1,0
BRDA:53,18,0,0
BRDA:53,18,1,0
BRDA:92,19,0,0
BRDA:92,19,1,0
BRF:32
BRH:0
end_of_record
TN:
SF:helpers\bcrypt.js
FN:3,hashPassword
FN:8,comparePassword
FNF:2
FNH:2
FNDA:12,hashPassword
FNDA:12,comparePassword
DA:1,1
DA:4,12
DA:5,12
DA:9,12
DA:12,1
LF:5
LH:5
BRF:0
BRH:0
end_of_record
TN:
SF:helpers\cloudinary.js
FN:9,uploadBuffer
FN:13,(anonymous_1)
FN:17,(anonymous_2)
FN:25,deleteByPublicId
FNF:4
FNH:4
FNDA:6,uploadBuffer
FNDA:6,(anonymous_1)
FNDA:6,(anonymous_2)
FNDA:3,deleteByPublicId
DA:1,1
DA:2,1
DA:5,1
DA:7,1
DA:13,6
DA:14,6
DA:15,6
DA:17,6
DA:18,6
DA:19,5
DA:21,6
DA:26,3
DA:29,1
LF:13
LH:13
BRDA:11,0,0,3
BRDA:11,1,0,5
BRDA:11,2,0,5
BRDA:15,3,0,1
BRDA:15,3,1,5
BRDA:18,4,0,1
BRDA:18,4,1,5
BRF:7
BRH:7
end_of_record
TN:
SF:helpers\errors.js
FN:2,(anonymous_0)
FN:8,(anonymous_1)
FN:14,(anonymous_2)
FN:20,(anonymous_3)
FNF:4
FNH:4
FNDA:5,(anonymous_0)
FNDA:5,(anonymous_1)
FNDA:5,(anonymous_2)
FNDA:5,(anonymous_3)
DA:3,5
DA:4,5
DA:9,5
DA:10,5
DA:15,5
DA:16,5
DA:21,5
DA:22,5
DA:26,1
LF:9
LH:9
BRDA:2,0,0,3
BRDA:8,1,0,3
BRDA:14,2,0,3
BRDA:20,3,0,3
BRF:4
BRH:4
end_of_record
TN:
SF:helpers\gemini.js
FN:27,buildSystemPrompt
FN:66,analyzePrompt
FN:203,pingGemini
FNF:3
FNH:0
FNDA:0,buildSystemPrompt
FNDA:0,analyzePrompt
FNDA:0,pingGemini
DA:1,1
DA:4,1
DA:5,1
DA:7,1
DA:8,0
DA:11,1
DA:12,1
DA:13,1
DA:15,1
DA:16,0
DA:17,0
DA:29,0
DA:68,0
DA:69,0
DA:79,0
DA:81,0
DA:83,0
DA:89,0
DA:92,0
DA:94,0
DA:95,0
DA:96,0
DA:97,0
DA:102,0
DA:103,0
DA:105,0
DA:106,0
DA:110,0
DA:111,0
DA:112,0
DA:116,0
DA:130,0
DA:139,0
DA:142,0
DA:152,0
DA:168,0
DA:169,0
DA:170,0
DA:171,0
DA:172,0
DA:176,0
DA:177,0
DA:178,0
DA:179,0
DA:180,0
DA:181,0
DA:182,0
DA:186,0
DA:187,0
DA:205,0
DA:206,0
DA:209,0
DA:210,0
DA:213,0
DA:215,0
DA:217,0
DA:218,0
DA:221,0
DA:230,0
DA:245,0
DA:246,0
DA:247,0
DA:248,0
DA:249,0
DA:252,0
DA:256,1
LF:66
LH:9
BRDA:7,0,0,0
BRDA:7,0,1,1
BRDA:7,1,0,1
BRDA:7,1,1,1
BRDA:15,2,0,0
BRDA:15,2,1,1
BRDA:15,3,0,1
BRDA:15,3,1,0
BRDA:68,4,0,0
BRDA:68,4,1,0
BRDA:89,5,0,0
BRDA:89,5,1,0
BRDA:94,6,0,0
BRDA:94,6,1,0
BRDA:96,7,0,0
BRDA:96,7,1,0
BRDA:110,8,0,0
BRDA:110,8,1,0
BRDA:110,9,0,0
BRDA:110,9,1,0
BRDA:117,10,0,0
BRDA:117,10,1,0
BRDA:118,11,0,0
BRDA:118,11,1,0
BRDA:119,12,0,0
BRDA:119,12,1,0
BRDA:120,13,0,0
BRDA:120,13,1,0
BRDA:121,14,0,0
BRDA:121,14,1,0
BRDA:123,15,0,0
BRDA:123,15,1,0
BRDA:124,16,0,0
BRDA:124,16,1,0
BRDA:126,17,0,0
BRDA:126,17,1,0
BRDA:152,18,0,0
BRDA:152,18,1,0
BRDA:152,18,2,0
BRDA:152,18,3,0
BRDA:152,18,4,0
BRDA:152,18,5,0
BRDA:152,18,6,0
BRDA:152,18,7,0
BRDA:152,18,8,0
BRDA:152,18,9,0
BRDA:152,18,10,0
BRDA:152,18,11,0
BRDA:152,18,12,0
BRDA:152,18,13,0
BRDA:152,18,14,0
BRDA:152,18,15,0
BRDA:152,18,16,0
BRDA:152,18,17,0
BRDA:152,18,18,0
BRDA:168,19,0,0
BRDA:168,19,1,0
BRDA:170,20,0,0
BRDA:170,20,1,0
BRDA:176,21,0,0
BRDA:176,21,1,0
BRDA:177,22,0,0
BRDA:177,22,1,0
BRDA:177,23,0,0
BRDA:177,23,1,0
BRDA:177,23,2,0
BRDA:179,24,0,0
BRDA:179,24,1,0
BRDA:179,25,0,0
BRDA:179,25,1,0
BRDA:179,25,2,0
BRDA:181,26,0,0
BRDA:181,26,1,0
BRDA:181,27,0,0
BRDA:181,27,1,0
BRDA:193,28,0,0
BRDA:193,28,1,0
BRDA:203,29,0,0
BRDA:205,30,0,0
BRDA:205,30,1,0
BRDA:209,31,0,0
BRDA:209,31,1,0
BRDA:217,32,0,0
BRDA:217,32,1,0
BRDA:230,33,0,0
BRDA:230,33,1,0
BRDA:230,33,2,0
BRDA:230,33,3,0
BRDA:230,33,4,0
BRDA:230,33,5,0
BRDA:230,33,6,0
BRDA:230,33,7,0
BRDA:230,33,8,0
BRDA:230,33,9,0
BRDA:230,33,10,0
BRDA:230,33,11,0
BRDA:230,33,12,0
BRDA:230,33,13,0
BRDA:230,33,14,0
BRDA:230,33,15,0
BRDA:230,33,16,0
BRDA:230,33,17,0
BRDA:230,33,18,0
BRDA:245,34,0,0
BRDA:245,34,1,0
BRDA:247,35,0,0
BRDA:247,35,1,0
BRF:107
BRH:5
end_of_record
TN:
SF:helpers\jwt.js
FN:5,signToken
FN:9,verifyToken
FNF:2
FNH:2
FNDA:10,signToken
FNDA:7,verifyToken
DA:1,2
DA:3,2
DA:6,10
DA:10,7
DA:13,2
LF:5
LH:5
BRF:0
BRH:0
end_of_record
TN:
SF:middleware\authentication.js
FN:5,authentication
FNF:1
FNH:1
FNDA:10,authentication
DA:2,1
DA:3,1
DA:5,1
DA:6,10
DA:7,10
DA:8,10
DA:9,10
DA:11,5
DA:12,3
DA:15,2
DA:17,1
DA:23,1
DA:25,3
DA:26,2
DA:28,1
LF:15
LH:15
BRDA:7,0,0,10
BRDA:7,0,1,3
BRDA:9,1,0,5
BRDA:9,1,1,5
BRDA:15,2,0,1
BRDA:15,2,1,1
BRDA:25,3,0,2
BRDA:25,3,1,1
BRDA:25,4,0,3
BRDA:25,4,1,2
BRF:10
BRH:10
end_of_record
TN:
SF:middleware\authorization.js
FN:3,canManageBooking
FN:21,adminOnly
FNF:2
FNH:2
FNDA:5,canManageBooking
FNDA:4,adminOnly
DA:1,1
DA:4,5
DA:5,5
DA:6,5
DA:7,4
DA:9,3
DA:10,3
DA:11,3
DA:12,1
DA:14,2
DA:15,2
DA:17,1
DA:22,4
DA:23,3
DA:24,1
DA:27,1
LF:16
LH:16
BRDA:7,0,0,1
BRDA:7,0,1,3
BRDA:11,1,0,1
BRDA:11,1,1,2
BRDA:11,2,0,3
BRDA:11,2,1,2
BRDA:22,3,0,3
BRDA:22,3,1,1
BRF:8
BRH:8
end_of_record
TN:
SF:middleware\errorHandler.js
FN:1,parseSequelize
FN:18,errorHandler
FNF:2
FNH:2
FNDA:15,parseSequelize
FNDA:15,errorHandler
DA:2,15
DA:3,4
DA:4,4
DA:5,3
DA:6,3
DA:10,4
DA:11,2
DA:13,4
DA:15,11
DA:18,1
DA:19,15
DA:21,15
DA:28,15
DA:29,15
DA:31,15
DA:32,15
DA:33,4
DA:34,4
DA:37,15
DA:38,5
DA:41,15
LF:21
LH:21
BRDA:2,0,0,4
BRDA:2,0,1,11
BRDA:4,1,0,3
BRDA:4,1,1,1
BRDA:6,2,0,3
BRDA:6,2,1,1
BRDA:10,3,0,2
BRDA:10,3,1,2
BRDA:10,4,0,4
BRDA:10,4,1,2
BRDA:13,5,0,4
BRDA:13,5,1,0
BRDA:28,6,0,15
BRDA:28,6,1,10
BRDA:29,7,0,15
BRDA:29,7,1,6
BRDA:32,8,0,4
BRDA:32,8,1,11
BRDA:33,9,0,4
BRDA:33,9,1,0
BRDA:37,10,0,5
BRDA:37,10,1,10
BRDA:37,11,0,15
BRDA:37,11,1,6
BRF:24
BRH:22
end_of_record
TN:
SF:middleware\upload.js
FN:6,fileFilter
FNF:1
FNH:0
FNDA:0,fileFilter
DA:2,1
DA:4,1
DA:7,0
DA:8,0
DA:9,0
DA:12,1
DA:18,1
LF:7
LH:4
BRDA:8,0,0,0
BRDA:8,0,1,0
BRF:2
BRH:0
end_of_record
TN:
SF:routes\ai.js
FN:12,(anonymous_0)
FN:51,(anonymous_1)
FN:133,(anonymous_2)
FN:177,(anonymous_3)
FNF:4
FNH:3
FNDA:0,(anonymous_0)
FNDA:7,(anonymous_1)
FNDA:24,(anonymous_2)
FNDA:1,(anonymous_3)
DA:1,1
DA:2,1
DA:3,1
DA:4,1
DA:6,1
DA:12,1
DA:13,0
DA:14,0
DA:15,0
DA:22,0
DA:24,0
DA:25,0
DA:33,0
DA:51,1
DA:52,7
DA:53,7
DA:54,7
DA:55,1
DA:59,6
DA:62,6
DA:65,6
DA:68,6
DA:69,6
DA:71,0
DA:80,0
DA:81,0
DA:82,0
DA:83,0
DA:84,0
DA:85,0
DA:91,6
DA:92,6
DA:93,6
DA:94,6
DA:95,6
DA:99,6
DA:100,6
DA:101,3
DA:105,6
DA:108,6
DA:109,0
DA:110,0
DA:111,0
DA:115,6
DA:116,0
DA:117,0
DA:125,6
DA:126,3
DA:130,6
DA:131,3
DA:133,24
DA:142,3
DA:143,0
DA:145,3
DA:152,6
DA:153,6
DA:162,6
DA:170,6
DA:171,1
DA:172,1
DA:173,1
DA:176,1
DA:177,1
DA:179,1
DA:183,1
DA:191,6
DA:207,0
DA:209,0
DA:211,0
DA:218,0
DA:222,1
LF:71
LH:47
BRDA:24,0,0,0
BRDA:24,0,1,0
BRDA:36,1,0,0
BRDA:36,1,1,0
BRDA:53,2,0,7
BRDA:53,2,1,0
BRDA:54,3,0,1
BRDA:54,3,1,6
BRDA:54,4,0,7
BRDA:54,4,1,6
BRDA:62,5,0,6
BRDA:62,5,1,6
BRDA:69,6,0,0
BRDA:69,6,1,6
BRDA:82,7,0,0
BRDA:82,7,1,0
BRDA:84,8,0,0
BRDA:84,8,1,0
BRDA:84,9,0,0
BRDA:84,9,1,0
BRDA:91,10,0,6
BRDA:91,10,1,6
BRDA:92,11,0,6
BRDA:92,11,1,6
BRDA:93,12,0,6
BRDA:93,12,1,6
BRDA:94,13,0,6
BRDA:94,13,1,6
BRDA:95,14,0,6
BRDA:95,14,1,6
BRDA:99,15,0,0
BRDA:99,15,1,6
BRDA:100,16,0,3
BRDA:100,16,1,3
BRDA:100,17,0,6
BRDA:100,17,1,5
BRDA:108,18,0,0
BRDA:108,18,1,6
BRDA:108,19,0,6
BRDA:108,19,1,6
BRDA:109,20,0,0
BRDA:109,20,1,0
BRDA:109,21,0,0
BRDA:109,21,1,0
BRDA:110,22,0,0
BRDA:110,22,1,0
BRDA:111,23,0,0
BRDA:111,23,1,0
BRDA:115,24,0,0
BRDA:115,24,1,6
BRDA:125,25,0,3
BRDA:125,25,1,3
BRDA:130,26,0,3
BRDA:130,26,1,3
BRDA:142,27,0,0
BRDA:142,27,1,3
BRDA:152,28,0,6
BRDA:152,28,1,6
BRDA:152,28,2,6
BRDA:157,29,0,0
BRDA:157,29,1,6
BRDA:170,30,0,1
BRDA:170,30,1,5
BRDA:170,31,0,6
BRDA:170,31,1,3
BRDA:176,32,0,1
BRDA:176,32,1,0
BRDA:192,33,0,6
BRDA:192,33,1,0
BRDA:194,34,0,6
BRDA:194,34,1,6
BRDA:195,35,0,6
BRDA:195,35,1,6
BRDA:196,36,0,0
BRDA:196,36,1,6
BRDA:197,37,0,0
BRDA:197,37,1,6
BRDA:198,38,0,6
BRDA:198,38,1,6
BRDA:199,39,0,3
BRDA:199,39,1,3
BRDA:200,40,0,0
BRDA:200,40,1,6
BRDA:209,41,0,0
BRDA:209,41,1,0
BRF:85
BRH:53
end_of_record
TN:
SF:routes\index.js
FNF:0
FNH:0
DA:2,0
DA:3,0
DA:4,0
DA:5,0
DA:6,0
DA:7,0
DA:8,0
DA:9,0
DA:10,0
DA:12,0
DA:15,0
DA:16,0
DA:17,0
DA:18,0
DA:19,0
DA:22,0
DA:23,0
DA:24,0
DA:25,0
DA:30,0
DA:33,0
DA:34,0
DA:36,0
DA:37,0
DA:38,0
DA:40,0
DA:41,0
DA:42,0
DA:43,0
DA:46,0
DA:52,0
DA:54,0
LF:32
LH:0
BRF:0
BRH:0
end_of_record
